INFO 2025-10-27 11:47:56,947 cli 11104 4511819264 Starting server at tcp:port=8000:interface=127.0.0.1
INFO 2025-10-27 11:47:56,948 server 11104 4511819264 HTTP/2 support enabled
INFO 2025-10-27 11:47:56,948 server 11104 4511819264 Configuring endpoint tcp:port=8000:interface=127.0.0.1
INFO 2025-10-27 11:47:56,949 server 11104 4511819264 Listening on TCP address 127.0.0.1:8000
INFO 2025-10-27 11:48:01,962 consumers 11104 4511819264 Market WebSocket connected: specific..inmemory!yjrTesMvRrrk
INFO 2025-10-27 11:49:11,171 crypto_api_service 11104 123145597370368 CoinGecko API success: fetched 5 coins
INFO 2025-10-27 11:49:11,175 crypto_api_service 11104 123145597370368 Successfully fetched data from _fetch_from_coingecko
INFO 2025-10-27 11:49:11,192 crypto_api_service 11104 123145597370368 Updated 5 cryptocurrencies
INFO 2025-10-27 11:49:11,362 consumers 11104 4511819264 Market WebSocket disconnected: specific..inmemory!yjrTesMvRrrk
WARNING 2025-10-27 11:49:11,463 log 11104 123145666138112 Not Found: /static/assets/css/styles.css
WARNING 2025-10-27 11:49:11,464 log 11104 123145682927616 Not Found: /static/assets/css/base.css
INFO 2025-10-27 11:49:11,510 consumers 11104 4511819264 Market WebSocket connected: specific..inmemory!tQSfDVQUCzWU
INFO 2025-10-27 11:49:50,669 crypto_api_service 11104 123145597370368 CoinGecko API success: fetched 5 coins
INFO 2025-10-27 11:49:50,672 crypto_api_service 11104 123145597370368 Successfully fetched data from _fetch_from_coingecko
INFO 2025-10-27 11:49:50,685 crypto_api_service 11104 123145597370368 Updated 5 cryptocurrencies
INFO 2025-10-27 11:49:50,767 consumers 11104 4511819264 Market WebSocket disconnected: specific..inmemory!tQSfDVQUCzWU
WARNING 2025-10-27 11:49:50,848 log 11104 123145666138112 Not Found: /static/assets/css/styles.css
WARNING 2025-10-27 11:49:50,849 log 11104 123145682927616 Not Found: /static/assets/css/base.css
INFO 2025-10-27 11:49:50,933 consumers 11104 4511819264 Market WebSocket connected: specific..inmemory!kgAYgnjuVMfp
INFO 2025-10-27 11:50:55,560 server 11104 4511819264 Killed 1 pending application instances
INFO 2025-10-27 11:51:50,213 cli 11350 4623910400 Starting server at tcp:port=8000:interface=127.0.0.1
INFO 2025-10-27 11:51:50,213 server 11350 4623910400 HTTP/2 support enabled
INFO 2025-10-27 11:51:50,214 server 11350 4623910400 Configuring endpoint tcp:port=8000:interface=127.0.0.1
INFO 2025-10-27 11:51:50,215 server 11350 4623910400 Listening on TCP address 127.0.0.1:8000
INFO 2025-10-27 11:51:51,717 crypto_api_service 11350 123145478062080 CoinGecko API success: fetched 5 coins
INFO 2025-10-27 11:51:51,721 crypto_api_service 11350 123145478062080 Successfully fetched data from _fetch_from_coingecko
INFO 2025-10-27 11:51:51,748 crypto_api_service 11350 123145478062080 Updated 5 cryptocurrencies
WARNING 2025-10-27 11:51:52,027 log 11350 123145546293248 Not Found: /static/assets/css/base.css
WARNING 2025-10-27 11:51:52,028 log 11350 123145563082752 Not Found: /static/assets/css/styles.css
INFO 2025-10-27 11:51:52,536 consumers 11350 4623910400 Market WebSocket connected: specific..inmemory!lHmxzXqrqhNh
INFO 2025-10-27 11:52:08,653 crypto_api_service 11350 123145495388160 CoinGecko API success: fetched 5 coins
INFO 2025-10-27 11:52:08,656 crypto_api_service 11350 123145495388160 Successfully fetched data from _fetch_from_coingecko
INFO 2025-10-27 11:52:08,672 crypto_api_service 11350 123145495388160 Updated 5 cryptocurrencies
INFO 2025-10-27 11:52:08,759 consumers 11350 4623910400 Market WebSocket disconnected: specific..inmemory!lHmxzXqrqhNh
WARNING 2025-10-27 11:52:08,843 log 11350 123145546293248 Not Found: /static/assets/css/base.css
WARNING 2025-10-27 11:52:08,844 log 11350 123145563082752 Not Found: /static/assets/css/styles.css
INFO 2025-10-27 11:52:08,866 consumers 11350 4623910400 Market WebSocket connected: specific..inmemory!FudpoziExFlv
INFO 2025-10-27 11:54:56,964 crypto_api_service 11350 123145495388160 CoinGecko API success: fetched 5 coins
INFO 2025-10-27 11:54:56,968 crypto_api_service 11350 123145495388160 Successfully fetched data from _fetch_from_coingecko
INFO 2025-10-27 11:54:57,001 crypto_api_service 11350 123145495388160 Updated 5 cryptocurrencies
INFO 2025-10-27 11:54:57,105 consumers 11350 4623910400 Market WebSocket disconnected: specific..inmemory!FudpoziExFlv
WARNING 2025-10-27 11:54:57,163 log 11350 123145563082752 Not Found: /static/assets/css/base.css
WARNING 2025-10-27 11:54:57,163 log 11350 123145546293248 Not Found: /static/assets/css/styles.css
INFO 2025-10-27 11:54:57,206 consumers 11350 4623910400 Market WebSocket connected: specific..inmemory!xIQUeueAfHJh
INFO 2025-10-27 11:55:02,487 crypto_api_service 11350 123145495388160 CoinGecko API success: fetched 5 coins
INFO 2025-10-27 11:55:02,490 crypto_api_service 11350 123145495388160 Successfully fetched data from _fetch_from_coingecko
INFO 2025-10-27 11:55:02,502 crypto_api_service 11350 123145495388160 Updated 5 cryptocurrencies
INFO 2025-10-27 11:55:02,632 consumers 11350 4623910400 Market WebSocket disconnected: specific..inmemory!xIQUeueAfHJh
WARNING 2025-10-27 11:55:02,669 log 11350 123145546293248 Not Found: /static/assets/css/base.css
WARNING 2025-10-27 11:55:02,670 log 11350 123145563082752 Not Found: /static/assets/css/styles.css
INFO 2025-10-27 11:55:02,692 consumers 11350 4623910400 Market WebSocket connected: specific..inmemory!RTaUjmQsBaoe
INFO 2025-10-27 11:55:37,907 crypto_api_service 11350 123145495388160 CoinGecko API success: fetched 5 coins
INFO 2025-10-27 11:55:37,910 crypto_api_service 11350 123145495388160 Successfully fetched data from _fetch_from_coingecko
INFO 2025-10-27 11:55:37,925 crypto_api_service 11350 123145495388160 Updated 5 cryptocurrencies
INFO 2025-10-27 11:55:38,060 consumers 11350 4623910400 Market WebSocket disconnected: specific..inmemory!RTaUjmQsBaoe
WARNING 2025-10-27 11:55:38,105 log 11350 123145563082752 Not Found: /static/assets/css/styles.css
WARNING 2025-10-27 11:55:38,105 log 11350 123145546293248 Not Found: /static/assets/css/base.css
INFO 2025-10-27 11:55:38,126 consumers 11350 4623910400 Market WebSocket connected: specific..inmemory!pxpXbUGPuAOD
INFO 2025-10-27 11:56:16,819 crypto_api_service 11350 123145495388160 CoinGecko API success: fetched 5 coins
INFO 2025-10-27 11:56:16,822 crypto_api_service 11350 123145495388160 Successfully fetched data from _fetch_from_coingecko
INFO 2025-10-27 11:56:16,836 crypto_api_service 11350 123145495388160 Updated 5 cryptocurrencies
INFO 2025-10-27 11:56:16,918 consumers 11350 4623910400 Market WebSocket disconnected: specific..inmemory!pxpXbUGPuAOD
WARNING 2025-10-27 11:56:16,961 log 11350 123145563082752 Not Found: /static/assets/css/styles.css
WARNING 2025-10-27 11:56:16,963 log 11350 123145546293248 Not Found: /static/assets/css/base.css
INFO 2025-10-27 11:56:16,998 consumers 11350 4623910400 Market WebSocket connected: specific..inmemory!CjPQrygmSyHw
INFO 2025-10-27 11:56:35,590 crypto_api_service 11350 123145495388160 CoinGecko API success: fetched 5 coins
INFO 2025-10-27 11:56:35,593 crypto_api_service 11350 123145495388160 Successfully fetched data from _fetch_from_coingecko
INFO 2025-10-27 11:56:35,604 crypto_api_service 11350 123145495388160 Updated 5 cryptocurrencies
INFO 2025-10-27 11:56:35,726 consumers 11350 4623910400 Market WebSocket disconnected: specific..inmemory!CjPQrygmSyHw
WARNING 2025-10-27 11:56:35,770 log 11350 123145563082752 Not Found: /static/assets/css/styles.css
WARNING 2025-10-27 11:56:35,771 log 11350 123145563082752 Not Found: /static/assets/css/base.css
INFO 2025-10-27 11:56:35,789 consumers 11350 4623910400 Market WebSocket connected: specific..inmemory!dvriiobRtgRG
INFO 2025-10-27 11:56:39,049 consumers 11350 4623910400 Market WebSocket disconnected: specific..inmemory!dvriiobRtgRG
INFO 2025-10-27 11:56:59,575 server 11350 4623910400 Killed 0 pending application instances
INFO 2025-10-27 11:57:06,290 cli 11679 4667971072 Starting server at tcp:port=8000:interface=127.0.0.1
INFO 2025-10-27 11:57:06,291 server 11679 4667971072 HTTP/2 support enabled
INFO 2025-10-27 11:57:06,291 server 11679 4667971072 Configuring endpoint tcp:port=8000:interface=127.0.0.1
INFO 2025-10-27 11:57:06,292 server 11679 4667971072 Listening on TCP address 127.0.0.1:8000
WARNING 2025-10-27 11:57:25,457 log 11679 123145672228864 Not Found: /static/assets/css.css
WARNING 2025-10-27 11:57:25,526 log 11679 123145672228864 Not Found: /static/assets/js/wow.js
WARNING 2025-10-27 11:57:25,526 log 11679 123145588281344 Not Found: /static/assets/js/wow.min.js
WARNING 2025-10-27 11:57:26,018 log 11679 123145588281344 Not Found: /World FX CO LTD_files/googlelogo_color_42x16dp.png
WARNING 2025-10-27 11:57:27,180 log 11679 123145588281344 Not Found: /gtranslate.net/flags/24.png
WARNING 2025-10-27 11:57:27,497 log 11679 123145588281344 Not Found: /static/assets/css/fonts/UniSansHeavyCAPS.woff2
WARNING 2025-10-27 11:57:27,498 log 11679 123145588281344 Not Found: /static/assets/css/fonts/UniSansThinCAPS.woff2
WARNING 2025-10-27 11:57:28,739 log 11679 123145672228864 Not Found: /static/assets/css/fonts/UniSansThinCAPS.woff
WARNING 2025-10-27 11:57:28,739 log 11679 123145588281344 Not Found: /static/assets/css/fonts/UniSansHeavyCAPS.woff
WARNING 2025-10-27 11:57:29,085 log 11679 123145672228864 Not Found: /static/assets/css/fonts/UniSansThinCAPS.ttf
WARNING 2025-10-27 11:57:29,086 log 11679 123145672228864 Not Found: /static/assets/css/fonts/UniSansHeavyCAPS.ttf
WARNING 2025-10-27 11:57:30,372 log 11679 123145705807872 Not Found: /static/assets/js/wow.js
WARNING 2025-10-27 11:57:30,383 log 11679 123145672228864 Not Found: /static/assets/css.css
WARNING 2025-10-27 11:57:30,384 log 11679 123145672228864 Not Found: /static/assets/js/wow.min.js
WARNING 2025-10-27 11:57:30,472 log 11679 123145588281344 Not Found: /static/assets/js/cubeb86a.js
WARNING 2025-10-27 11:57:30,551 log 11679 123145705807872 Not Found: /login/World FX CO LTD_files/googlelogo_color_42x16dp.png
WARNING 2025-10-27 11:57:30,553 log 11679 123145588281344 Not Found: /static/assets/js/1fonjd21.js
WARNING 2025-10-27 11:57:30,637 log 11679 123145588281344 Not Found: /login/gtranslate.net/flags/24.png
WARNING 2025-10-27 11:57:30,694 log 11679 123145588281344 Not Found: /static/assets/fonts/Quicksand/Quicksand-Bold.ttf
WARNING 2025-10-27 11:57:30,800 log 11679 123145588281344 Not Found: /static/assets/fonts/Quicksand/Quicksand-Regular.ttf
WARNING 2025-10-27 11:57:30,831 log 11679 123145672228864 Not Found: /login/er.lrticker.html
WARNING 2025-10-27 11:57:30,897 log 11679 123145672228864 Not Found: /static/assets/fonts/fontawesome-webfont3e6e.woff2
WARNING 2025-10-27 11:57:30,981 log 11679 123145672228864 Not Found: /static/assets/fonts/fontawesome-webfont3e6e.woff
WARNING 2025-10-27 11:57:31,068 log 11679 123145672228864 Not Found: /static/assets/fonts/fontawesome-webfont3e6e.ttf
INFO 2025-10-27 11:57:40,369 crypto_api_service 11679 123145571491840 CoinGecko API success: fetched 5 coins
INFO 2025-10-27 11:57:40,372 crypto_api_service 11679 123145571491840 Successfully fetched data from _fetch_from_coingecko
INFO 2025-10-27 11:57:40,385 crypto_api_service 11679 123145571491840 Updated 5 cryptocurrencies
INFO 2025-10-27 11:57:41,731 consumers 11679 4667971072 Market WebSocket connected: specific..inmemory!PwRvIWDyOGOU
INFO 2025-10-27 11:59:08,371 crypto_api_service 11679 123145605607424 CoinGecko API success: fetched 5 coins
INFO 2025-10-27 11:59:08,374 crypto_api_service 11679 123145605607424 Successfully fetched data from _fetch_from_coingecko
INFO 2025-10-27 11:59:08,395 crypto_api_service 11679 123145605607424 Updated 5 cryptocurrencies
INFO 2025-10-27 11:59:08,573 consumers 11679 4667971072 Market WebSocket disconnected: specific..inmemory!PwRvIWDyOGOU
INFO 2025-10-27 11:59:08,810 consumers 11679 4667971072 Market WebSocket connected: specific..inmemory!wuBkYeDwOgIA
INFO 2025-10-27 11:59:13,970 server 11679 4667971072 Killed 1 pending application instances
INFO 2025-10-27 11:59:17,552 cli 11881 4505368064 Starting server at tcp:port=8000:interface=127.0.0.1
INFO 2025-10-27 11:59:17,552 server 11881 4505368064 HTTP/2 support enabled
INFO 2025-10-27 11:59:17,552 server 11881 4505368064 Configuring endpoint tcp:port=8000:interface=127.0.0.1
INFO 2025-10-27 11:59:17,553 server 11881 4505368064 Listening on TCP address 127.0.0.1:8000
INFO 2025-10-27 11:59:19,973 consumers 11881 4505368064 Market WebSocket connected: specific..inmemory!ItmrYFIEeCAB
INFO 2025-10-27 11:59:25,849 crypto_api_service 11881 123145467285504 CoinGecko API success: fetched 5 coins
INFO 2025-10-27 11:59:25,869 crypto_api_service 11881 123145467285504 Successfully fetched data from _fetch_from_coingecko
INFO 2025-10-27 11:59:25,904 crypto_api_service 11881 123145467285504 Updated 5 cryptocurrencies
INFO 2025-10-27 11:59:26,097 consumers 11881 4505368064 Market WebSocket disconnected: specific..inmemory!ItmrYFIEeCAB
WARNING 2025-10-27 11:59:26,160 log 11881 123145485148160 Not Found: /static/assets/css/base.css
INFO 2025-10-27 11:59:26,323 consumers 11881 4505368064 Market WebSocket connected: specific..inmemory!qMASGNoLBANq
INFO 2025-10-27 11:59:32,814 server 11881 4505368064 Killed 1 pending application instances
INFO 2025-10-27 11:59:54,305 cli 12141 4745487872 Starting server at tcp:port=8000:interface=127.0.0.1
INFO 2025-10-27 11:59:54,306 server 12141 4745487872 HTTP/2 support enabled
INFO 2025-10-27 11:59:54,306 server 12141 4745487872 Configuring endpoint tcp:port=8000:interface=127.0.0.1
INFO 2025-10-27 11:59:54,307 server 12141 4745487872 Listening on TCP address 127.0.0.1:8000
INFO 2025-10-27 11:59:54,981 consumers 12141 4745487872 Market WebSocket connected: specific..inmemory!xsukaBQoLvRh
INFO 2025-10-27 11:59:57,931 crypto_api_service 12141 123145582395392 CoinGecko API success: fetched 5 coins
INFO 2025-10-27 11:59:57,934 crypto_api_service 12141 123145582395392 Successfully fetched data from _fetch_from_coingecko
INFO 2025-10-27 11:59:57,947 crypto_api_service 12141 123145582395392 Updated 5 cryptocurrencies
INFO 2025-10-27 11:59:58,069 consumers 12141 4745487872 Market WebSocket disconnected: specific..inmemory!xsukaBQoLvRh
INFO 2025-10-27 11:59:58,240 consumers 12141 4745487872 Market WebSocket connected: specific..inmemory!KUjJMMocUwBN
INFO 2025-10-27 12:04:24,600 crypto_api_service 12141 123145582395392 CoinGecko API success: fetched 5 coins
INFO 2025-10-27 12:04:24,605 crypto_api_service 12141 123145582395392 Successfully fetched data from _fetch_from_coingecko
INFO 2025-10-27 12:04:24,623 crypto_api_service 12141 123145582395392 Updated 5 cryptocurrencies
INFO 2025-10-27 12:04:24,757 consumers 12141 4745487872 Market WebSocket disconnected: specific..inmemory!KUjJMMocUwBN
INFO 2025-10-27 12:04:25,075 consumers 12141 4745487872 Market WebSocket connected: specific..inmemory!krujmRXmiYSh
INFO 2025-10-27 12:04:29,302 crypto_api_service 12141 123145582395392 CoinGecko API success: fetched 5 coins
INFO 2025-10-27 12:04:29,306 crypto_api_service 12141 123145582395392 Successfully fetched data from _fetch_from_coingecko
INFO 2025-10-27 12:04:29,324 crypto_api_service 12141 123145582395392 Updated 5 cryptocurrencies
INFO 2025-10-27 12:04:29,514 consumers 12141 4745487872 Market WebSocket disconnected: specific..inmemory!krujmRXmiYSh
INFO 2025-10-27 12:04:29,632 consumers 12141 4745487872 Market WebSocket connected: specific..inmemory!dHWIsIFWTJAu
INFO 2025-10-27 12:05:29,229 crypto_api_service 12141 123145582395392 CoinGecko API success: fetched 5 coins
INFO 2025-10-27 12:05:29,232 crypto_api_service 12141 123145582395392 Successfully fetched data from _fetch_from_coingecko
INFO 2025-10-27 12:05:29,250 crypto_api_service 12141 123145582395392 Updated 5 cryptocurrencies
INFO 2025-10-27 12:05:29,391 consumers 12141 4745487872 Market WebSocket disconnected: specific..inmemory!dHWIsIFWTJAu
INFO 2025-10-27 12:05:29,570 consumers 12141 4745487872 Market WebSocket connected: specific..inmemory!TXeNOaRkCcKl
INFO 2025-10-27 12:05:39,135 consumers 12141 4745487872 Market WebSocket disconnected: specific..inmemory!TXeNOaRkCcKl
WARNING 2025-10-27 12:05:39,138 log 12141 123145650089984 Not Found: /static/assets/css.css
WARNING 2025-10-27 12:05:39,138 log 12141 123145599721472 Not Found: /static/assets/js/wow.min.js
WARNING 2025-10-27 12:05:39,148 log 12141 123145666879488 Not Found: /static/assets/js/wow.js
WARNING 2025-10-27 12:05:39,223 log 12141 123145599721472 Not Found: /static/assets/js/cubeb86a.js
WARNING 2025-10-27 12:05:39,225 log 12141 123145650089984 Not Found: /static/assets/js/1fonjd21.js
WARNING 2025-10-27 12:05:39,455 log 12141 123145599721472 Not Found: /login/World FX CO LTD_files/googlelogo_color_42x16dp.png
WARNING 2025-10-27 12:05:39,456 log 12141 123145666879488 Not Found: /login/gtranslate.net/flags/24.png
WARNING 2025-10-27 12:05:39,459 log 12141 123145599721472 Not Found: /login/er.lrticker.html
WARNING 2025-10-27 12:05:39,539 log 12141 123145599721472 Not Found: /static/assets/fonts/Quicksand/Quicksand-Regular.ttf
WARNING 2025-10-27 12:05:39,539 log 12141 123145650089984 Not Found: /static/assets/fonts/Quicksand/Quicksand-Bold.ttf
WARNING 2025-10-27 12:05:39,614 log 12141 123145650089984 Not Found: /static/assets/fonts/fontawesome-webfont3e6e.woff2
WARNING 2025-10-27 12:05:39,658 log 12141 123145650089984 Not Found: /static/assets/fonts/fontawesome-webfont3e6e.woff
WARNING 2025-10-27 12:05:39,717 log 12141 123145650089984 Not Found: /static/assets/fonts/fontawesome-webfont3e6e.ttf
INFO 2025-10-27 12:05:48,085 crypto_api_service 12141 123145582395392 CoinGecko API success: fetched 5 coins
INFO 2025-10-27 12:05:48,090 crypto_api_service 12141 123145582395392 Successfully fetched data from _fetch_from_coingecko
INFO 2025-10-27 12:05:48,108 crypto_api_service 12141 123145582395392 Updated 5 cryptocurrencies
INFO 2025-10-27 12:05:48,258 consumers 12141 4745487872 Market WebSocket connected: specific..inmemory!rfhfYXSgnbHo
INFO 2025-10-27 12:09:32,328 consumers 12141 4745487872 Market WebSocket disconnected: specific..inmemory!rfhfYXSgnbHo
WARNING 2025-10-27 12:09:32,341 log 12141 123145666879488 Not Found: /static/assets/css.css
WARNING 2025-10-27 12:09:32,498 log 12141 123145650089984 Not Found: /static/assets/js/wow.min.js
WARNING 2025-10-27 12:09:32,503 log 12141 123145666879488 Not Found: /static/assets/js/wow.js
WARNING 2025-10-27 12:09:32,660 log 12141 123145666879488 Not Found: /static/assets/js/cubeb86a.js
WARNING 2025-10-27 12:09:32,691 log 12141 123145666879488 Not Found: /static/assets/js/1fonjd21.js
WARNING 2025-10-27 12:09:32,730 log 12141 123145666879488 Not Found: /login/World FX CO LTD_files/googlelogo_color_42x16dp.png
WARNING 2025-10-27 12:09:33,679 log 12141 123145650089984 Not Found: /login/gtranslate.net/flags/24.png
WARNING 2025-10-27 12:09:33,730 log 12141 123145666879488 Not Found: /login/er.lrticker.html
WARNING 2025-10-27 12:09:34,028 log 12141 123145650089984 Not Found: /static/assets/fonts/Quicksand/Quicksand-Bold.ttf
WARNING 2025-10-27 12:09:34,047 log 12141 123145666879488 Not Found: /static/assets/fonts/fontawesome-webfont3e6e.woff2
WARNING 2025-10-27 12:09:34,047 log 12141 123145650089984 Not Found: /static/assets/fonts/Quicksand/Quicksand-Regular.ttf
WARNING 2025-10-27 12:09:34,188 log 12141 123145650089984 Not Found: /static/assets/fonts/fontawesome-webfont3e6e.woff
WARNING 2025-10-27 12:09:34,284 log 12141 123145650089984 Not Found: /static/assets/fonts/fontawesome-webfont3e6e.ttf
INFO 2025-10-27 12:09:42,449 crypto_api_service 12141 123145582395392 CoinGecko API success: fetched 5 coins
INFO 2025-10-27 12:09:42,452 crypto_api_service 12141 123145582395392 Successfully fetched data from _fetch_from_coingecko
INFO 2025-10-27 12:09:42,470 crypto_api_service 12141 123145582395392 Updated 5 cryptocurrencies
INFO 2025-10-27 12:09:43,491 consumers 12141 4745487872 Market WebSocket connected: specific..inmemory!wRESLdCZFhnu
INFO 2025-10-27 12:22:13,658 crypto_api_service 12141 123145582395392 CoinGecko API success: fetched 5 coins
INFO 2025-10-27 12:22:13,663 crypto_api_service 12141 123145582395392 Successfully fetched data from _fetch_from_coingecko
INFO 2025-10-27 12:22:13,683 crypto_api_service 12141 123145582395392 Updated 5 cryptocurrencies
INFO 2025-10-27 12:22:13,685 user_views 12141 123145582395392 Cryptocurrency data updated successfully
INFO 2025-10-27 12:22:16,116 crypto_api_service 12141 123145582395392 CoinGecko API success: fetched 5 coins
INFO 2025-10-27 12:22:16,123 crypto_api_service 12141 123145582395392 Successfully fetched data from _fetch_from_coingecko
INFO 2025-10-27 12:22:16,203 crypto_api_service 12141 123145582395392 Updated 5 cryptocurrencies
INFO 2025-10-27 12:22:16,347 consumers 12141 4745487872 Market WebSocket disconnected: specific..inmemory!wRESLdCZFhnu
INFO 2025-10-27 12:22:17,600 consumers 12141 4745487872 Market WebSocket connected: specific..inmemory!igIfhXfgylWU
INFO 2025-10-27 12:24:06,061 consumers 12141 4745487872 Market WebSocket disconnected: specific..inmemory!igIfhXfgylWU
INFO 2025-10-27 12:26:07,384 server 12141 4745487872 Killed 0 pending application instances
INFO 2025-10-27 12:26:13,062 cli 12788 4494325248 Starting server at tcp:port=8000:interface=127.0.0.1
INFO 2025-10-27 12:26:13,063 server 12788 4494325248 HTTP/2 support enabled
INFO 2025-10-27 12:26:13,063 server 12788 4494325248 Configuring endpoint tcp:port=8000:interface=127.0.0.1
INFO 2025-10-27 12:26:13,064 server 12788 4494325248 Listening on TCP address 127.0.0.1:8000
WARNING 2025-10-27 12:30:31,508 log 12788 123145500082176 Not Found: /static/assets/css.css
WARNING 2025-10-27 12:30:31,583 log 12788 123145500082176 Not Found: /static/assets/js/wow.js
WARNING 2025-10-27 12:30:31,589 log 12788 123145483292672 Not Found: /static/assets/js/wow.min.js
WARNING 2025-10-27 12:30:32,199 log 12788 123145500082176 Not Found: /World FX CO LTD_files/googlelogo_color_42x16dp.png
WARNING 2025-10-27 12:30:33,645 log 12788 123145500082176 Not Found: /gtranslate.net/flags/24.png
WARNING 2025-10-27 12:30:36,407 log 12788 123145483292672 Not Found: /static/assets/css/fonts/UniSansThinCAPS.woff2
WARNING 2025-10-27 12:30:36,567 log 12788 123145483292672 Not Found: /static/assets/css/fonts/UniSansHeavyCAPS.woff2
WARNING 2025-10-27 12:30:36,897 log 12788 123145500082176 Not Found: /static/assets/css.css
WARNING 2025-10-27 12:30:36,909 log 12788 123145483292672 Not Found: /static/assets/js/wow.js
WARNING 2025-10-27 12:30:36,911 log 12788 123145500082176 Not Found: /static/assets/js/wow.min.js
WARNING 2025-10-27 12:30:37,051 log 12788 123145500082176 Not Found: /static/assets/js/cubeb86a.js
WARNING 2025-10-27 12:30:37,097 log 12788 123145483292672 Not Found: /login/World FX CO LTD_files/googlelogo_color_42x16dp.png
WARNING 2025-10-27 12:30:37,103 log 12788 123145500082176 Not Found: /static/assets/js/1fonjd21.js
WARNING 2025-10-27 12:30:37,135 log 12788 123145500082176 Not Found: /login/gtranslate.net/flags/24.png
WARNING 2025-10-27 12:30:37,236 log 12788 123145500082176 Not Found: /static/assets/fonts/Quicksand/Quicksand-Bold.ttf
WARNING 2025-10-27 12:30:37,239 log 12788 123145483292672 Not Found: /static/assets/fonts/Quicksand/Quicksand-Regular.ttf
WARNING 2025-10-27 12:30:37,304 log 12788 123145483292672 Not Found: /login/er.lrticker.html
WARNING 2025-10-27 12:30:37,441 log 12788 123145483292672 Not Found: /static/assets/fonts/fontawesome-webfont3e6e.woff2
WARNING 2025-10-27 12:30:38,690 log 12788 123145483292672 Not Found: /static/assets/fonts/fontawesome-webfont3e6e.woff
WARNING 2025-10-27 12:30:38,858 log 12788 123145483292672 Not Found: /static/assets/fonts/fontawesome-webfont3e6e.ttf
INFO 2025-10-27 12:30:47,108 crypto_api_service 12788 123145399345152 CoinGecko API success: fetched 5 coins
INFO 2025-10-27 12:30:47,111 crypto_api_service 12788 123145399345152 Successfully fetched data from _fetch_from_coingecko
INFO 2025-10-27 12:30:47,129 crypto_api_service 12788 123145399345152 Updated 5 cryptocurrencies
INFO 2025-10-27 12:30:47,131 user_views 12788 123145399345152 Cryptocurrency data updated successfully
INFO 2025-10-27 12:30:47,676 crypto_api_service 12788 123145399345152 CoinGecko API success: fetched 5 coins
INFO 2025-10-27 12:30:47,678 crypto_api_service 12788 123145399345152 Successfully fetched data from _fetch_from_coingecko
INFO 2025-10-27 12:30:47,691 crypto_api_service 12788 123145399345152 Updated 5 cryptocurrencies
INFO 2025-10-27 12:30:48,545 consumers 12788 4494325248 Market WebSocket connected: specific..inmemory!ReSWtVTvMTRM
INFO 2025-10-27 12:32:51,388 crypto_api_service 12788 123145416671232 CoinGecko API success: fetched 5 coins
INFO 2025-10-27 12:32:51,391 crypto_api_service 12788 123145416671232 Successfully fetched data from _fetch_from_coingecko
INFO 2025-10-27 12:32:51,406 crypto_api_service 12788 123145416671232 Updated 5 cryptocurrencies
INFO 2025-10-27 12:32:51,473 consumers 12788 4494325248 Market WebSocket disconnected: specific..inmemory!ReSWtVTvMTRM
INFO 2025-10-27 12:32:51,571 consumers 12788 4494325248 Market WebSocket connected: specific..inmemory!fhiNSVhdZXCm
INFO 2025-10-27 12:34:28,276 crypto_api_service 12788 123145416671232 CoinGecko API success: fetched 5 coins
INFO 2025-10-27 12:34:28,279 crypto_api_service 12788 123145416671232 Successfully fetched data from _fetch_from_coingecko
INFO 2025-10-27 12:34:28,299 crypto_api_service 12788 123145416671232 Updated 5 cryptocurrencies
INFO 2025-10-27 12:34:28,374 consumers 12788 4494325248 Market WebSocket disconnected: specific..inmemory!fhiNSVhdZXCm
INFO 2025-10-27 12:34:28,475 consumers 12788 4494325248 Market WebSocket connected: specific..inmemory!heXKtTiKilhL
INFO 2025-10-27 12:34:33,533 crypto_api_service 12788 123145416671232 CoinGecko API success: fetched 5 coins
INFO 2025-10-27 12:34:33,536 crypto_api_service 12788 123145416671232 Successfully fetched data from _fetch_from_coingecko
INFO 2025-10-27 12:34:33,550 crypto_api_service 12788 123145416671232 Updated 5 cryptocurrencies
INFO 2025-10-27 12:34:33,616 consumers 12788 4494325248 Market WebSocket disconnected: specific..inmemory!heXKtTiKilhL
INFO 2025-10-27 12:34:33,666 consumers 12788 4494325248 Market WebSocket connected: specific..inmemory!wLGDLClAwDVg
INFO 2025-10-27 12:36:06,780 server 12788 4494325248 Killed 1 pending application instances
INFO 2025-10-27 12:36:10,370 cli 13171 4706440704 Starting server at tcp:port=8000:interface=127.0.0.1
INFO 2025-10-27 12:36:10,371 server 13171 4706440704 HTTP/2 support enabled
INFO 2025-10-27 12:36:10,371 server 13171 4706440704 Configuring endpoint tcp:port=8000:interface=127.0.0.1
INFO 2025-10-27 12:36:10,372 server 13171 4706440704 Listening on TCP address 127.0.0.1:8000
INFO 2025-10-27 12:36:12,235 consumers 13171 4706440704 Market WebSocket connected: specific..inmemory!XTHuxasYmZZZ
INFO 2025-10-27 12:36:14,692 consumers 13171 4706440704 Market WebSocket disconnected: specific..inmemory!XTHuxasYmZZZ
WARNING 2025-10-27 12:36:14,757 log 13171 123145444958208 Not Found: /static/assets/css.css
WARNING 2025-10-27 12:36:14,853 log 13171 123145444958208 Not Found: /static/assets/js/wow.js
WARNING 2025-10-27 12:36:14,958 log 13171 123145444958208 Not Found: /static/assets/js/wow.min.js
WARNING 2025-10-27 12:36:15,104 log 13171 123145444958208 Not Found: /static/assets/js/cubeb86a.js
WARNING 2025-10-27 12:36:15,145 log 13171 123145444958208 Not Found: /static/assets/js/1fonjd21.js
WARNING 2025-10-27 12:36:15,183 log 13171 123145444958208 Not Found: /login/World FX CO LTD_files/googlelogo_color_42x16dp.png
WARNING 2025-10-27 12:36:16,258 log 13171 123145444958208 Not Found: /login/gtranslate.net/flags/24.png
WARNING 2025-10-27 12:36:16,259 log 13171 123145528905728 Not Found: /login/er.lrticker.html
WARNING 2025-10-27 12:36:16,716 log 13171 123145528905728 Not Found: /static/assets/fonts/Quicksand/Quicksand-Bold.ttf
WARNING 2025-10-27 12:36:16,764 log 13171 123145444958208 Not Found: /static/assets/fonts/Quicksand/Quicksand-Regular.ttf
WARNING 2025-10-27 12:36:16,764 log 13171 123145528905728 Not Found: /static/assets/fonts/fontawesome-webfont3e6e.woff2
WARNING 2025-10-27 12:36:17,860 log 13171 123145528905728 Not Found: /static/assets/fonts/fontawesome-webfont3e6e.woff
WARNING 2025-10-27 12:36:17,928 log 13171 123145528905728 Not Found: /static/assets/fonts/fontawesome-webfont3e6e.ttf
INFO 2025-10-27 12:36:28,676 crypto_api_service 13171 123145428168704 CoinGecko API success: fetched 5 coins
INFO 2025-10-27 12:36:28,678 crypto_api_service 13171 123145428168704 Successfully fetched data from _fetch_from_coingecko
INFO 2025-10-27 12:36:28,705 crypto_api_service 13171 123145428168704 Updated 5 cryptocurrencies
ERROR 2025-10-27 12:36:28,820 log 13171 123145444958208 Internal Server Error: /dashboard/
Traceback (most recent call last):
  File "/Users/emmidev/.pyenv/versions/3.11.8/lib/python3.11/site-packages/django/template/base.py", line 510, in parse
    compile_func = self.tags[command]
                   ~~~~~~~~~^^^^^^^^^
KeyError: 'endblock'

During handling of the above exception, another exception occurred:

Traceback (most recent call last):
  File "/Users/emmidev/.pyenv/versions/3.11.8/lib/python3.11/site-packages/asgiref/sync.py", line 552, in thread_handler
    raise exc_info[1]
  File "/Users/emmidev/.pyenv/versions/3.11.8/lib/python3.11/site-packages/django/core/handlers/exception.py", line 42, in inner
    response = await get_response(request)
               ^^^^^^^^^^^^^^^^^^^^^^^^^^^
  File "/Users/emmidev/.pyenv/versions/3.11.8/lib/python3.11/site-packages/asgiref/sync.py", line 552, in thread_handler
    raise exc_info[1]
  File "/Users/emmidev/.pyenv/versions/3.11.8/lib/python3.11/site-packages/django/core/handlers/base.py", line 253, in _get_response_async
    response = await wrapped_callback(
               ^^^^^^^^^^^^^^^^^^^^^^^
  File "/Users/emmidev/.pyenv/versions/3.11.8/lib/python3.11/site-packages/asgiref/sync.py", line 502, in __call__
    ret = await asyncio.shield(exec_coro)
          ^^^^^^^^^^^^^^^^^^^^^^^^^^^^^^^
  File "/Users/emmidev/.pyenv/versions/3.11.8/lib/python3.11/concurrent/futures/thread.py", line 58, in run
    result = self.fn(*self.args, **self.kwargs)
             ^^^^^^^^^^^^^^^^^^^^^^^^^^^^^^^^^^
  File "/Users/emmidev/.pyenv/versions/3.11.8/lib/python3.11/site-packages/asgiref/sync.py", line 556, in thread_handler
    return func(*args, **kwargs)
           ^^^^^^^^^^^^^^^^^^^^^
  File "/Users/emmidev/.pyenv/versions/3.11.8/lib/python3.11/site-packages/django/contrib/auth/decorators.py", line 59, in _view_wrapper
    return view_func(request, *args, **kwargs)
           ^^^^^^^^^^^^^^^^^^^^^^^^^^^^^^^^^^^
  File "/Users/emmidev/Desktop/Projects/Backup/RBC/venex_app/user_views.py", line 103, in dashboard
    return render(request, 'jobs/admin_templates/dashboard.html', context)
           ^^^^^^^^^^^^^^^^^^^^^^^^^^^^^^^^^^^^^^^^^^^^^^^^^^^^^^^^^^^^^^^
  File "/Users/emmidev/.pyenv/versions/3.11.8/lib/python3.11/site-packages/django/shortcuts.py", line 25, in render
    content = loader.render_to_string(template_name, context, request, using=using)
              ^^^^^^^^^^^^^^^^^^^^^^^^^^^^^^^^^^^^^^^^^^^^^^^^^^^^^^^^^^^^^^^^^^^^^
  File "/Users/emmidev/.pyenv/versions/3.11.8/lib/python3.11/site-packages/django/template/loader.py", line 61, in render_to_string
    template = get_template(template_name, using=using)
               ^^^^^^^^^^^^^^^^^^^^^^^^^^^^^^^^^^^^^^^^
  File "/Users/emmidev/.pyenv/versions/3.11.8/lib/python3.11/site-packages/django/template/loader.py", line 15, in get_template
    return engine.get_template(template_name)
           ^^^^^^^^^^^^^^^^^^^^^^^^^^^^^^^^^^
  File "/Users/emmidev/.pyenv/versions/3.11.8/lib/python3.11/site-packages/django/template/backends/django.py", line 79, in get_template
    return Template(self.engine.get_template(template_name), self)
                    ^^^^^^^^^^^^^^^^^^^^^^^^^^^^^^^^^^^^^^^
  File "/Users/emmidev/.pyenv/versions/3.11.8/lib/python3.11/site-packages/django/template/engine.py", line 177, in get_template
    template, origin = self.find_template(template_name)
                       ^^^^^^^^^^^^^^^^^^^^^^^^^^^^^^^^^
  File "/Users/emmidev/.pyenv/versions/3.11.8/lib/python3.11/site-packages/django/template/engine.py", line 159, in find_template
    template = loader.get_template(name, skip=skip)
               ^^^^^^^^^^^^^^^^^^^^^^^^^^^^^^^^^^^^
  File "/Users/emmidev/.pyenv/versions/3.11.8/lib/python3.11/site-packages/django/template/loaders/cached.py", line 57, in get_template
    template = super().get_template(template_name, skip)
               ^^^^^^^^^^^^^^^^^^^^^^^^^^^^^^^^^^^^^^^^^
  File "/Users/emmidev/.pyenv/versions/3.11.8/lib/python3.11/site-packages/django/template/loaders/base.py", line 28, in get_template
    return Template(
           ^^^^^^^^^
  File "/Users/emmidev/.pyenv/versions/3.11.8/lib/python3.11/site-packages/django/template/base.py", line 154, in __init__
    self.nodelist = self.compile_nodelist()
                    ^^^^^^^^^^^^^^^^^^^^^^^
  File "/Users/emmidev/.pyenv/versions/3.11.8/lib/python3.11/site-packages/django/template/base.py", line 196, in compile_nodelist
    nodelist = parser.parse()
               ^^^^^^^^^^^^^^
  File "/Users/emmidev/.pyenv/versions/3.11.8/lib/python3.11/site-packages/django/template/base.py", line 512, in parse
    self.invalid_block_tag(token, command, parse_until)
  File "/Users/emmidev/.pyenv/versions/3.11.8/lib/python3.11/site-packages/django/template/base.py", line 577, in invalid_block_tag
    raise self.error(
django.template.exceptions.TemplateSyntaxError: Invalid block tag on line 374: 'endblock'. Did you forget to register or load this tag?
INFO 2025-10-27 12:38:02,768 crypto_api_service 13171 123145428168704 CoinGecko API success: fetched 5 coins
INFO 2025-10-27 12:38:02,770 crypto_api_service 13171 123145428168704 Successfully fetched data from _fetch_from_coingecko
INFO 2025-10-27 12:38:02,783 crypto_api_service 13171 123145428168704 Updated 5 cryptocurrencies
ERROR 2025-10-27 12:38:02,868 log 13171 123145528905728 Internal Server Error: /dashboard/
Traceback (most recent call last):
  File "/Users/emmidev/.pyenv/versions/3.11.8/lib/python3.11/site-packages/django/template/base.py", line 510, in parse
    compile_func = self.tags[command]
                   ~~~~~~~~~^^^^^^^^^
KeyError: 'endblock'

During handling of the above exception, another exception occurred:

Traceback (most recent call last):
  File "/Users/emmidev/.pyenv/versions/3.11.8/lib/python3.11/site-packages/asgiref/sync.py", line 552, in thread_handler
    raise exc_info[1]
  File "/Users/emmidev/.pyenv/versions/3.11.8/lib/python3.11/site-packages/django/core/handlers/exception.py", line 42, in inner
    response = await get_response(request)
               ^^^^^^^^^^^^^^^^^^^^^^^^^^^
  File "/Users/emmidev/.pyenv/versions/3.11.8/lib/python3.11/site-packages/asgiref/sync.py", line 552, in thread_handler
    raise exc_info[1]
  File "/Users/emmidev/.pyenv/versions/3.11.8/lib/python3.11/site-packages/django/core/handlers/base.py", line 253, in _get_response_async
    response = await wrapped_callback(
               ^^^^^^^^^^^^^^^^^^^^^^^
  File "/Users/emmidev/.pyenv/versions/3.11.8/lib/python3.11/site-packages/asgiref/sync.py", line 502, in __call__
    ret = await asyncio.shield(exec_coro)
          ^^^^^^^^^^^^^^^^^^^^^^^^^^^^^^^
  File "/Users/emmidev/.pyenv/versions/3.11.8/lib/python3.11/concurrent/futures/thread.py", line 58, in run
    result = self.fn(*self.args, **self.kwargs)
             ^^^^^^^^^^^^^^^^^^^^^^^^^^^^^^^^^^
  File "/Users/emmidev/.pyenv/versions/3.11.8/lib/python3.11/site-packages/asgiref/sync.py", line 556, in thread_handler
    return func(*args, **kwargs)
           ^^^^^^^^^^^^^^^^^^^^^
  File "/Users/emmidev/.pyenv/versions/3.11.8/lib/python3.11/site-packages/django/contrib/auth/decorators.py", line 59, in _view_wrapper
    return view_func(request, *args, **kwargs)
           ^^^^^^^^^^^^^^^^^^^^^^^^^^^^^^^^^^^
  File "/Users/emmidev/Desktop/Projects/Backup/RBC/venex_app/user_views.py", line 103, in dashboard
    return render(request, 'jobs/admin_templates/dashboard.html', context)
           ^^^^^^^^^^^^^^^^^^^^^^^^^^^^^^^^^^^^^^^^^^^^^^^^^^^^^^^^^^^^^^^
  File "/Users/emmidev/.pyenv/versions/3.11.8/lib/python3.11/site-packages/django/shortcuts.py", line 25, in render
    content = loader.render_to_string(template_name, context, request, using=using)
              ^^^^^^^^^^^^^^^^^^^^^^^^^^^^^^^^^^^^^^^^^^^^^^^^^^^^^^^^^^^^^^^^^^^^^
  File "/Users/emmidev/.pyenv/versions/3.11.8/lib/python3.11/site-packages/django/template/loader.py", line 61, in render_to_string
    template = get_template(template_name, using=using)
               ^^^^^^^^^^^^^^^^^^^^^^^^^^^^^^^^^^^^^^^^
  File "/Users/emmidev/.pyenv/versions/3.11.8/lib/python3.11/site-packages/django/template/loader.py", line 15, in get_template
    return engine.get_template(template_name)
           ^^^^^^^^^^^^^^^^^^^^^^^^^^^^^^^^^^
  File "/Users/emmidev/.pyenv/versions/3.11.8/lib/python3.11/site-packages/django/template/backends/django.py", line 79, in get_template
    return Template(self.engine.get_template(template_name), self)
                    ^^^^^^^^^^^^^^^^^^^^^^^^^^^^^^^^^^^^^^^
  File "/Users/emmidev/.pyenv/versions/3.11.8/lib/python3.11/site-packages/django/template/engine.py", line 177, in get_template
    template, origin = self.find_template(template_name)
                       ^^^^^^^^^^^^^^^^^^^^^^^^^^^^^^^^^
  File "/Users/emmidev/.pyenv/versions/3.11.8/lib/python3.11/site-packages/django/template/engine.py", line 159, in find_template
    template = loader.get_template(name, skip=skip)
               ^^^^^^^^^^^^^^^^^^^^^^^^^^^^^^^^^^^^
  File "/Users/emmidev/.pyenv/versions/3.11.8/lib/python3.11/site-packages/django/template/loaders/cached.py", line 57, in get_template
    template = super().get_template(template_name, skip)
               ^^^^^^^^^^^^^^^^^^^^^^^^^^^^^^^^^^^^^^^^^
  File "/Users/emmidev/.pyenv/versions/3.11.8/lib/python3.11/site-packages/django/template/loaders/base.py", line 28, in get_template
    return Template(
           ^^^^^^^^^
  File "/Users/emmidev/.pyenv/versions/3.11.8/lib/python3.11/site-packages/django/template/base.py", line 154, in __init__
    self.nodelist = self.compile_nodelist()
                    ^^^^^^^^^^^^^^^^^^^^^^^
  File "/Users/emmidev/.pyenv/versions/3.11.8/lib/python3.11/site-packages/django/template/base.py", line 196, in compile_nodelist
    nodelist = parser.parse()
               ^^^^^^^^^^^^^^
  File "/Users/emmidev/.pyenv/versions/3.11.8/lib/python3.11/site-packages/django/template/base.py", line 512, in parse
    self.invalid_block_tag(token, command, parse_until)
  File "/Users/emmidev/.pyenv/versions/3.11.8/lib/python3.11/site-packages/django/template/base.py", line 577, in invalid_block_tag
    raise self.error(
django.template.exceptions.TemplateSyntaxError: Invalid block tag on line 496: 'endblock'. Did you forget to register or load this tag?
INFO 2025-10-27 12:38:34,494 crypto_api_service 13171 123145428168704 CoinGecko API success: fetched 5 coins
INFO 2025-10-27 12:38:34,497 crypto_api_service 13171 123145428168704 Successfully fetched data from _fetch_from_coingecko
INFO 2025-10-27 12:38:34,510 crypto_api_service 13171 123145428168704 Updated 5 cryptocurrencies
ERROR 2025-10-27 12:38:34,590 log 13171 123145444958208 Internal Server Error: /dashboard/
Traceback (most recent call last):
  File "/Users/emmidev/.pyenv/versions/3.11.8/lib/python3.11/site-packages/django/template/base.py", line 510, in parse
    compile_func = self.tags[command]
                   ~~~~~~~~~^^^^^^^^^
KeyError: 'endblock'

During handling of the above exception, another exception occurred:

Traceback (most recent call last):
  File "/Users/emmidev/.pyenv/versions/3.11.8/lib/python3.11/site-packages/asgiref/sync.py", line 552, in thread_handler
    raise exc_info[1]
  File "/Users/emmidev/.pyenv/versions/3.11.8/lib/python3.11/site-packages/django/core/handlers/exception.py", line 42, in inner
    response = await get_response(request)
               ^^^^^^^^^^^^^^^^^^^^^^^^^^^
  File "/Users/emmidev/.pyenv/versions/3.11.8/lib/python3.11/site-packages/asgiref/sync.py", line 552, in thread_handler
    raise exc_info[1]
  File "/Users/emmidev/.pyenv/versions/3.11.8/lib/python3.11/site-packages/django/core/handlers/base.py", line 253, in _get_response_async
    response = await wrapped_callback(
               ^^^^^^^^^^^^^^^^^^^^^^^
  File "/Users/emmidev/.pyenv/versions/3.11.8/lib/python3.11/site-packages/asgiref/sync.py", line 502, in __call__
    ret = await asyncio.shield(exec_coro)
          ^^^^^^^^^^^^^^^^^^^^^^^^^^^^^^^
  File "/Users/emmidev/.pyenv/versions/3.11.8/lib/python3.11/concurrent/futures/thread.py", line 58, in run
    result = self.fn(*self.args, **self.kwargs)
             ^^^^^^^^^^^^^^^^^^^^^^^^^^^^^^^^^^
  File "/Users/emmidev/.pyenv/versions/3.11.8/lib/python3.11/site-packages/asgiref/sync.py", line 556, in thread_handler
    return func(*args, **kwargs)
           ^^^^^^^^^^^^^^^^^^^^^
  File "/Users/emmidev/.pyenv/versions/3.11.8/lib/python3.11/site-packages/django/contrib/auth/decorators.py", line 59, in _view_wrapper
    return view_func(request, *args, **kwargs)
           ^^^^^^^^^^^^^^^^^^^^^^^^^^^^^^^^^^^
  File "/Users/emmidev/Desktop/Projects/Backup/RBC/venex_app/user_views.py", line 103, in dashboard
    return render(request, 'jobs/admin_templates/dashboard.html', context)
           ^^^^^^^^^^^^^^^^^^^^^^^^^^^^^^^^^^^^^^^^^^^^^^^^^^^^^^^^^^^^^^^
  File "/Users/emmidev/.pyenv/versions/3.11.8/lib/python3.11/site-packages/django/shortcuts.py", line 25, in render
    content = loader.render_to_string(template_name, context, request, using=using)
              ^^^^^^^^^^^^^^^^^^^^^^^^^^^^^^^^^^^^^^^^^^^^^^^^^^^^^^^^^^^^^^^^^^^^^
  File "/Users/emmidev/.pyenv/versions/3.11.8/lib/python3.11/site-packages/django/template/loader.py", line 61, in render_to_string
    template = get_template(template_name, using=using)
               ^^^^^^^^^^^^^^^^^^^^^^^^^^^^^^^^^^^^^^^^
  File "/Users/emmidev/.pyenv/versions/3.11.8/lib/python3.11/site-packages/django/template/loader.py", line 15, in get_template
    return engine.get_template(template_name)
           ^^^^^^^^^^^^^^^^^^^^^^^^^^^^^^^^^^
  File "/Users/emmidev/.pyenv/versions/3.11.8/lib/python3.11/site-packages/django/template/backends/django.py", line 79, in get_template
    return Template(self.engine.get_template(template_name), self)
                    ^^^^^^^^^^^^^^^^^^^^^^^^^^^^^^^^^^^^^^^
  File "/Users/emmidev/.pyenv/versions/3.11.8/lib/python3.11/site-packages/django/template/engine.py", line 177, in get_template
    template, origin = self.find_template(template_name)
                       ^^^^^^^^^^^^^^^^^^^^^^^^^^^^^^^^^
  File "/Users/emmidev/.pyenv/versions/3.11.8/lib/python3.11/site-packages/django/template/engine.py", line 159, in find_template
    template = loader.get_template(name, skip=skip)
               ^^^^^^^^^^^^^^^^^^^^^^^^^^^^^^^^^^^^
  File "/Users/emmidev/.pyenv/versions/3.11.8/lib/python3.11/site-packages/django/template/loaders/cached.py", line 57, in get_template
    template = super().get_template(template_name, skip)
               ^^^^^^^^^^^^^^^^^^^^^^^^^^^^^^^^^^^^^^^^^
  File "/Users/emmidev/.pyenv/versions/3.11.8/lib/python3.11/site-packages/django/template/loaders/base.py", line 28, in get_template
    return Template(
           ^^^^^^^^^
  File "/Users/emmidev/.pyenv/versions/3.11.8/lib/python3.11/site-packages/django/template/base.py", line 154, in __init__
    self.nodelist = self.compile_nodelist()
                    ^^^^^^^^^^^^^^^^^^^^^^^
  File "/Users/emmidev/.pyenv/versions/3.11.8/lib/python3.11/site-packages/django/template/base.py", line 196, in compile_nodelist
    nodelist = parser.parse()
               ^^^^^^^^^^^^^^
  File "/Users/emmidev/.pyenv/versions/3.11.8/lib/python3.11/site-packages/django/template/base.py", line 512, in parse
    self.invalid_block_tag(token, command, parse_until)
  File "/Users/emmidev/.pyenv/versions/3.11.8/lib/python3.11/site-packages/django/template/base.py", line 577, in invalid_block_tag
    raise self.error(
django.template.exceptions.TemplateSyntaxError: Invalid block tag on line 376: 'endblock'. Did you forget to register or load this tag?
INFO 2025-10-27 12:39:07,158 crypto_api_service 13171 123145428168704 CoinGecko API success: fetched 5 coins
INFO 2025-10-27 12:39:07,161 crypto_api_service 13171 123145428168704 Successfully fetched data from _fetch_from_coingecko
INFO 2025-10-27 12:39:07,174 crypto_api_service 13171 123145428168704 Updated 5 cryptocurrencies
INFO 2025-10-27 12:39:07,310 consumers 13171 4706440704 Market WebSocket connected: specific..inmemory!sKbqftIupqvd
INFO 2025-10-27 12:42:44,228 crypto_api_service 13171 123145428168704 CoinGecko API success: fetched 5 coins
INFO 2025-10-27 12:42:44,231 crypto_api_service 13171 123145428168704 Successfully fetched data from _fetch_from_coingecko
INFO 2025-10-27 12:42:44,246 crypto_api_service 13171 123145428168704 Updated 5 cryptocurrencies
INFO 2025-10-27 12:42:44,312 consumers 13171 4706440704 Market WebSocket disconnected: specific..inmemory!sKbqftIupqvd
INFO 2025-10-27 12:42:44,388 consumers 13171 4706440704 Market WebSocket connected: specific..inmemory!caPzdCQREbmW
INFO 2025-10-27 12:45:30,827 crypto_api_service 13171 123145428168704 CoinGecko API success: fetched 5 coins
INFO 2025-10-27 12:45:30,830 crypto_api_service 13171 123145428168704 Successfully fetched data from _fetch_from_coingecko
INFO 2025-10-27 12:45:30,842 crypto_api_service 13171 123145428168704 Updated 5 cryptocurrencies
INFO 2025-10-27 12:45:30,916 consumers 13171 4706440704 Market WebSocket disconnected: specific..inmemory!caPzdCQREbmW
INFO 2025-10-27 12:45:30,991 consumers 13171 4706440704 Market WebSocket connected: specific..inmemory!SwRWRlUEQkxO
INFO 2025-10-27 12:45:47,659 crypto_api_service 13171 123145428168704 CoinGecko API success: fetched 5 coins
INFO 2025-10-27 12:45:47,662 crypto_api_service 13171 123145428168704 Successfully fetched data from _fetch_from_coingecko
INFO 2025-10-27 12:45:47,678 crypto_api_service 13171 123145428168704 Updated 5 cryptocurrencies
INFO 2025-10-27 12:45:47,755 consumers 13171 4706440704 Market WebSocket disconnected: specific..inmemory!SwRWRlUEQkxO
INFO 2025-10-27 12:45:47,830 consumers 13171 4706440704 Market WebSocket connected: specific..inmemory!cBFZdNvInguA
INFO 2025-10-27 12:46:21,341 crypto_api_service 13171 123145428168704 CoinGecko API success: fetched 5 coins
INFO 2025-10-27 12:46:21,344 crypto_api_service 13171 123145428168704 Successfully fetched data from _fetch_from_coingecko
INFO 2025-10-27 12:46:21,359 crypto_api_service 13171 123145428168704 Updated 5 cryptocurrencies
INFO 2025-10-27 12:46:21,423 consumers 13171 4706440704 Market WebSocket disconnected: specific..inmemory!cBFZdNvInguA
INFO 2025-10-27 12:46:21,548 consumers 13171 4706440704 Market WebSocket connected: specific..inmemory!NPKVwksnkujA
INFO 2025-10-27 12:46:59,321 consumers 13171 4706440704 Market WebSocket disconnected: specific..inmemory!NPKVwksnkujA
WARNING 2025-10-27 12:46:59,343 log 13171 123145444958208 Not Found: /static/assets/css.css
WARNING 2025-10-27 12:46:59,466 log 13171 123145528905728 Not Found: /static/assets/js/wow.js
WARNING 2025-10-27 12:46:59,468 log 13171 123145444958208 Not Found: /static/assets/js/wow.min.js
WARNING 2025-10-27 12:46:59,581 log 13171 123145444958208 Not Found: /static/assets/js/cubeb86a.js
WARNING 2025-10-27 12:46:59,598 log 13171 123145444958208 Not Found: /static/assets/js/1fonjd21.js
WARNING 2025-10-27 12:46:59,628 log 13171 123145444958208 Not Found: /login/World FX CO LTD_files/googlelogo_color_42x16dp.png
WARNING 2025-10-27 12:47:13,492 log 13171 123145528905728 Not Found: /static/assets/css.css
WARNING 2025-10-27 12:47:13,496 log 13171 123145444958208 Not Found: /static/assets/js/wow.js
WARNING 2025-10-27 12:47:13,502 log 13171 123145495863296 Not Found: /static/assets/js/wow.min.js
WARNING 2025-10-27 12:47:13,619 log 13171 123145528905728 Not Found: /static/assets/js/1fonjd21.js
WARNING 2025-10-27 12:47:13,620 log 13171 123145528905728 Not Found: /static/assets/js/cubeb86a.js
WARNING 2025-10-27 12:47:13,641 log 13171 123145528905728 Not Found: /login/World FX CO LTD_files/googlelogo_color_42x16dp.png
WARNING 2025-10-27 12:47:17,726 log 13171 123145495863296 Not Found: /login/gtranslate.net/flags/24.png
WARNING 2025-10-27 12:47:17,729 log 13171 123145528905728 Not Found: /login/er.lrticker.html
WARNING 2025-10-27 12:47:18,127 log 13171 123145528905728 Not Found: /static/assets/fonts/Quicksand/Quicksand-Regular.ttf
WARNING 2025-10-27 12:47:18,132 log 13171 123145444958208 Not Found: /static/assets/fonts/Quicksand/Quicksand-Bold.ttf
WARNING 2025-10-27 12:47:18,133 log 13171 123145528905728 Not Found: /static/assets/fonts/fontawesome-webfont3e6e.woff2
WARNING 2025-10-27 12:47:18,188 log 13171 123145528905728 Not Found: /static/assets/fonts/fontawesome-webfont3e6e.woff
WARNING 2025-10-27 12:47:18,291 log 13171 123145495863296 Not Found: /static/assets/fonts/fontawesome-webfont3e6e.ttf
INFO 2025-10-27 12:47:29,236 crypto_api_service 13171 123145428168704 CoinGecko API success: fetched 5 coins
INFO 2025-10-27 12:47:29,240 crypto_api_service 13171 123145428168704 Successfully fetched data from _fetch_from_coingecko
INFO 2025-10-27 12:47:29,256 crypto_api_service 13171 123145428168704 Updated 5 cryptocurrencies
INFO 2025-10-27 12:47:29,383 consumers 13171 4706440704 Market WebSocket connected: specific..inmemory!JMPNYLoxrbEj
INFO 2025-10-27 12:48:36,047 crypto_api_service 13171 123145428168704 CoinGecko API success: fetched 5 coins
INFO 2025-10-27 12:48:36,051 crypto_api_service 13171 123145428168704 Successfully fetched data from _fetch_from_coingecko
INFO 2025-10-27 12:48:36,064 crypto_api_service 13171 123145428168704 Updated 5 cryptocurrencies
INFO 2025-10-27 12:48:36,132 consumers 13171 4706440704 Market WebSocket disconnected: specific..inmemory!JMPNYLoxrbEj
INFO 2025-10-27 12:48:36,219 consumers 13171 4706440704 Market WebSocket connected: specific..inmemory!auivqKLHRIhh
INFO 2025-10-27 12:56:47,300 crypto_api_service 13171 123145428168704 CoinGecko API success: fetched 5 coins
INFO 2025-10-27 12:56:47,304 crypto_api_service 13171 123145428168704 Successfully fetched data from _fetch_from_coingecko
INFO 2025-10-27 12:56:47,322 crypto_api_service 13171 123145428168704 Updated 5 cryptocurrencies
INFO 2025-10-27 12:56:47,323 user_views 13171 123145428168704 Cryptocurrency data updated successfully
INFO 2025-10-27 12:56:48,671 crypto_api_service 13171 123145428168704 CoinGecko API success: fetched 5 coins
INFO 2025-10-27 12:56:48,676 crypto_api_service 13171 123145428168704 Successfully fetched data from _fetch_from_coingecko
INFO 2025-10-27 12:56:48,688 crypto_api_service 13171 123145428168704 Updated 5 cryptocurrencies
INFO 2025-10-27 12:56:48,799 consumers 13171 4706440704 Market WebSocket disconnected: specific..inmemory!auivqKLHRIhh
INFO 2025-10-27 12:56:48,889 consumers 13171 4706440704 Market WebSocket connected: specific..inmemory!pYroGUwDFTwe
INFO 2025-10-27 12:57:21,335 consumers 13171 4706440704 Market WebSocket disconnected: specific..inmemory!pYroGUwDFTwe
WARNING 2025-10-27 12:57:21,402 log 13171 123145495863296 Not Found: /static/assets/css.css
WARNING 2025-10-27 12:57:21,457 log 13171 123145444958208 Not Found: /static/assets/js/wow.js
WARNING 2025-10-27 12:57:21,476 log 13171 123145495863296 Not Found: /static/assets/js/wow.min.js
WARNING 2025-10-27 12:57:21,629 log 13171 123145495863296 Not Found: /World FX CO LTD_files/googlelogo_color_42x16dp.png
WARNING 2025-10-27 12:57:25,262 log 13171 123145495863296 Not Found: /gtranslate.net/flags/24.png
WARNING 2025-10-27 12:57:27,535 log 13171 123145495863296 Not Found: /static/assets/css.css
WARNING 2025-10-27 12:57:27,630 log 13171 123145495863296 Not Found: /static/assets/js/wow.js
WARNING 2025-10-27 12:57:27,633 log 13171 123145444958208 Not Found: /static/assets/js/wow.min.js
WARNING 2025-10-27 12:57:27,736 log 13171 123145444958208 Not Found: /static/assets/js/cubeb86a.js
WARNING 2025-10-27 12:57:28,080 log 13171 123145495863296 Not Found: /login/World FX CO LTD_files/googlelogo_color_42x16dp.png
WARNING 2025-10-27 12:57:28,081 log 13171 123145444958208 Not Found: /login/gtranslate.net/flags/24.png
WARNING 2025-10-27 12:57:28,096 log 13171 123145495863296 Not Found: /login/er.lrticker.html
WARNING 2025-10-27 12:57:28,101 log 13171 123145444958208 Not Found: /static/assets/js/1fonjd21.js
WARNING 2025-10-27 12:57:28,197 log 13171 123145495863296 Not Found: /static/assets/fonts/Quicksand/Quicksand-Bold.ttf
WARNING 2025-10-27 12:57:28,198 log 13171 123145444958208 Not Found: /static/assets/fonts/Quicksand/Quicksand-Regular.ttf
WARNING 2025-10-27 12:57:28,198 log 13171 123145528905728 Not Found: /static/assets/fonts/fontawesome-webfont3e6e.woff2
WARNING 2025-10-27 12:57:28,342 log 13171 123145528905728 Not Found: /static/assets/fonts/fontawesome-webfont3e6e.woff
WARNING 2025-10-27 12:57:28,436 log 13171 123145444958208 Not Found: /static/assets/fonts/fontawesome-webfont3e6e.ttf
INFO 2025-10-27 12:57:40,896 crypto_api_service 13171 123145428168704 CoinGecko API success: fetched 5 coins
INFO 2025-10-27 12:57:40,899 crypto_api_service 13171 123145428168704 Successfully fetched data from _fetch_from_coingecko
INFO 2025-10-27 12:57:40,914 crypto_api_service 13171 123145428168704 Updated 5 cryptocurrencies
INFO 2025-10-27 12:57:41,055 consumers 13171 4706440704 Market WebSocket connected: specific..inmemory!tdauToQzOVJu
INFO 2025-10-27 12:58:37,568 consumers 13171 4706440704 Market WebSocket disconnected: specific..inmemory!tdauToQzOVJu
WARNING 2025-10-27 12:59:07,767 log 13171 123145444958208 Not Found: /static/assets/css.css
WARNING 2025-10-27 12:59:07,874 log 13171 123145528905728 Not Found: /static/assets/js/wow.js
WARNING 2025-10-27 12:59:07,884 log 13171 123145444958208 Not Found: /static/assets/js/wow.min.js
WARNING 2025-10-27 12:59:08,533 log 13171 123145444958208 Not Found: /World FX CO LTD_files/googlelogo_color_42x16dp.png
WARNING 2025-10-27 12:59:10,916 log 13171 123145444958208 Not Found: /gtranslate.net/flags/24.png
WARNING 2025-10-27 12:59:11,150 log 13171 123145495863296 Not Found: /static/assets/css/fonts/UniSansThinCAPS.woff2
WARNING 2025-10-27 12:59:11,150 log 13171 123145528905728 Not Found: /static/assets/css/fonts/UniSansHeavyCAPS.woff2
WARNING 2025-10-27 12:59:12,565 log 13171 123145444958208 Not Found: /static/assets/css/fonts/UniSansThinCAPS.woff
WARNING 2025-10-27 12:59:12,565 log 13171 123145495863296 Not Found: /static/assets/css/fonts/UniSansHeavyCAPS.woff
WARNING 2025-10-27 12:59:12,862 log 13171 123145444958208 Not Found: /static/assets/css/fonts/UniSansThinCAPS.ttf
WARNING 2025-10-27 12:59:12,863 log 13171 123145528905728 Not Found: /static/assets/css/fonts/UniSansHeavyCAPS.ttf
WARNING 2025-10-27 12:59:13,424 log 13171 123145495863296 Not Found: /static/assets/css.css
WARNING 2025-10-27 12:59:13,436 log 13171 123145528905728 Not Found: /static/assets/js/wow.min.js
WARNING 2025-10-27 12:59:13,451 log 13171 123145495863296 Not Found: /static/assets/js/wow.js
WARNING 2025-10-27 12:59:13,561 log 13171 123145444958208 Not Found: /static/assets/js/cubeb86a.js
WARNING 2025-10-27 12:59:13,585 log 13171 123145444958208 Not Found: /static/assets/js/1fonjd21.js
WARNING 2025-10-27 12:59:13,657 log 13171 123145444958208 Not Found: /login/World FX CO LTD_files/googlelogo_color_42x16dp.png
WARNING 2025-10-27 12:59:13,712 log 13171 123145444958208 Not Found: /login/gtranslate.net/flags/24.png
WARNING 2025-10-27 12:59:13,837 log 13171 123145444958208 Not Found: /static/assets/fonts/Quicksand/Quicksand-Bold.ttf
WARNING 2025-10-27 12:59:13,837 log 13171 123145444958208 Not Found: /static/assets/fonts/Quicksand/Quicksand-Regular.ttf
WARNING 2025-10-27 12:59:13,947 log 13171 123145444958208 Not Found: /login/er.lrticker.html
WARNING 2025-10-27 12:59:13,999 log 13171 123145444958208 Not Found: /static/assets/fonts/fontawesome-webfont3e6e.woff2
WARNING 2025-10-27 12:59:14,044 log 13171 123145444958208 Not Found: /static/assets/fonts/fontawesome-webfont3e6e.woff
WARNING 2025-10-27 12:59:14,645 log 13171 123145444958208 Not Found: /static/assets/fonts/fontawesome-webfont3e6e.ttf
INFO 2025-10-27 12:59:23,909 crypto_api_service 13171 123145428168704 CoinGecko API success: fetched 5 coins
INFO 2025-10-27 12:59:23,911 crypto_api_service 13171 123145428168704 Successfully fetched data from _fetch_from_coingecko
INFO 2025-10-27 12:59:23,930 crypto_api_service 13171 123145428168704 Updated 5 cryptocurrencies
INFO 2025-10-27 12:59:24,084 consumers 13171 4706440704 Market WebSocket connected: specific..inmemory!ofSueLAwejnV
INFO 2025-10-27 12:59:45,015 server 13171 4706440704 Killed 1 pending application instances
