INFO 2025-10-27 13:53:19,228 cli 16749 4593952256 Starting server at tcp:port=8000:interface=127.0.0.1
INFO 2025-10-27 13:53:19,229 server 16749 4593952256 HTTP/2 support enabled
INFO 2025-10-27 13:53:19,229 server 16749 4593952256 Configuring endpoint tcp:port=8000:interface=127.0.0.1
INFO 2025-10-27 13:53:19,231 server 16749 4593952256 Listening on TCP address 127.0.0.1:8000
INFO 2025-10-27 13:53:21,072 consumers 16749 4593952256 Market WebSocket connected: specific..inmemory!kvoyrrAVhJYe
INFO 2025-10-27 13:53:21,227 consumers 16749 4593952256 Market WebSocket connected: specific..inmemory!qUDrqwAtmLGG
INFO 2025-10-27 13:53:24,058 consumers 16749 4593952256 Market WebSocket connected: specific..inmemory!ROGCsNULCSYn
INFO 2025-10-27 13:54:40,122 consumers 16749 4593952256 Market WebSocket disconnected: specific..inmemory!kvoyrrAVhJYe
WARNING 2025-10-27 13:54:59,515 log 16749 123145555435520 Not Found: /static/assets/css.css
WARNING 2025-10-27 13:54:59,593 log 16749 123145555435520 Not Found: /static/assets/js/wow.min.js
WARNING 2025-10-27 13:54:59,615 log 16749 123145505067008 Not Found: /static/assets/js/wow.js
WARNING 2025-10-27 13:55:00,073 log 16749 123145505067008 Not Found: /World FX CO LTD_files/googlelogo_color_42x16dp.png
WARNING 2025-10-27 13:55:01,173 log 16749 123145505067008 Not Found: /gtranslate.net/flags/24.png
WARNING 2025-10-27 13:55:01,555 log 16749 123145555435520 Not Found: /static/assets/css/fonts/UniSansThinCAPS.woff2
WARNING 2025-10-27 13:55:01,557 log 16749 123145505067008 Not Found: /static/assets/css/fonts/UniSansHeavyCAPS.woff2
WARNING 2025-10-27 13:55:01,942 log 16749 123145555435520 Not Found: /static/assets/css/fonts/UniSansThinCAPS.woff
WARNING 2025-10-27 13:55:02,017 log 16749 123145555435520 Not Found: /static/assets/css/fonts/UniSansHeavyCAPS.woff
WARNING 2025-10-27 13:55:04,136 log 16749 123145505067008 Not Found: /static/assets/css/fonts/UniSansHeavyCAPS.ttf
WARNING 2025-10-27 13:55:04,136 log 16749 123145555435520 Not Found: /static/assets/css/fonts/UniSansThinCAPS.ttf
WARNING 2025-10-27 13:55:04,234 log 16749 123145555435520 Not Found: /static/assets/css.css
WARNING 2025-10-27 13:55:04,296 log 16749 123145505067008 Not Found: /static/assets/js/wow.min.js
WARNING 2025-10-27 13:55:04,296 log 16749 123145555435520 Not Found: /static/assets/js/wow.js
WARNING 2025-10-27 13:55:04,376 log 16749 123145555435520 Not Found: /static/assets/js/cubeb86a.js
WARNING 2025-10-27 13:55:04,444 log 16749 123145505067008 Not Found: /login/World FX CO LTD_files/googlelogo_color_42x16dp.png
WARNING 2025-10-27 13:55:04,450 log 16749 123145555435520 Not Found: /static/assets/js/1fonjd21.js
WARNING 2025-10-27 13:55:04,897 log 16749 123145555435520 Not Found: /login/er.lrticker.html
WARNING 2025-10-27 13:55:04,907 log 16749 123145505067008 Not Found: /login/gtranslate.net/flags/24.png
WARNING 2025-10-27 13:55:04,920 log 16749 123145555435520 Not Found: /static/assets/fonts/Quicksand/Quicksand-Bold.ttf
WARNING 2025-10-27 13:55:04,930 log 16749 123145505067008 Not Found: /static/assets/fonts/fontawesome-webfont3e6e.woff2
WARNING 2025-10-27 13:55:04,931 log 16749 123145555435520 Not Found: /static/assets/fonts/Quicksand/Quicksand-Regular.ttf
WARNING 2025-10-27 13:55:05,000 log 16749 123145505067008 Not Found: /static/assets/fonts/fontawesome-webfont3e6e.woff
WARNING 2025-10-27 13:55:05,077 log 16749 123145505067008 Not Found: /static/assets/fonts/fontawesome-webfont3e6e.ttf
WARNING 2025-10-27 13:55:32,543 log 16749 123145555435520 Not Found: /static/assets/js/1fonjd21.js
WARNING 2025-10-27 13:55:32,544 log 16749 123145555435520 Not Found: /static/assets/js/cubeb86a.js
WARNING 2025-10-27 13:55:32,544 log 16749 123145572225024 Not Found: /static/assets/js/wow.min.js
WARNING 2025-10-27 13:55:32,549 log 16749 123145505067008 Not Found: /static/assets/js/wow.js
WARNING 2025-10-27 13:55:32,555 log 16749 123145555435520 Not Found: /static/assets/css.css
WARNING 2025-10-27 13:55:32,603 log 16749 123145555435520 Not Found: /login/World FX CO LTD_files/googlelogo_color_42x16dp.png
WARNING 2025-10-27 13:55:32,837 log 16749 123145555435520 Not Found: /login/gtranslate.net/flags/24.png
WARNING 2025-10-27 13:55:32,848 log 16749 123145572225024 Not Found: /login/er.lrticker.html
WARNING 2025-10-27 13:55:32,857 log 16749 123145505067008 Not Found: /static/assets/fonts/Quicksand/Quicksand-Bold.ttf
WARNING 2025-10-27 13:55:32,858 log 16749 123145572225024 Not Found: /static/assets/fonts/Quicksand/Quicksand-Regular.ttf
WARNING 2025-10-27 13:55:32,869 log 16749 123145555435520 Not Found: /static/assets/fonts/fontawesome-webfont3e6e.woff2
WARNING 2025-10-27 13:55:33,023 log 16749 123145555435520 Not Found: /static/assets/fonts/fontawesome-webfont3e6e.woff
WARNING 2025-10-27 13:55:33,261 log 16749 123145555435520 Not Found: /static/assets/fonts/fontawesome-webfont3e6e.ttf
INFO 2025-10-27 13:55:52,245 crypto_api_service 16749 123145454698496 CoinGecko API success: fetched 5 coins
INFO 2025-10-27 13:55:52,248 crypto_api_service 16749 123145454698496 Successfully fetched data from _fetch_from_coingecko
INFO 2025-10-27 13:55:52,266 crypto_api_service 16749 123145454698496 Updated 5 cryptocurrencies
INFO 2025-10-27 13:55:52,523 consumers 16749 4593952256 Market WebSocket connected: specific..inmemory!pBDAtHWsaxDV
INFO 2025-10-27 13:56:21,081 crypto_api_service 16749 123145454698496 CoinGecko API success: fetched 5 coins
INFO 2025-10-27 13:56:21,085 crypto_api_service 16749 123145454698496 Successfully fetched data from _fetch_from_coingecko
INFO 2025-10-27 13:56:21,098 crypto_api_service 16749 123145454698496 Updated 5 cryptocurrencies
INFO 2025-10-27 13:56:21,170 consumers 16749 4593952256 Market WebSocket disconnected: specific..inmemory!pBDAtHWsaxDV
INFO 2025-10-27 13:56:21,231 consumers 16749 4593952256 Market WebSocket connected: specific..inmemory!QbBvIplxkkQR
INFO 2025-10-27 13:56:33,209 crypto_api_service 16749 123145454698496 CoinGecko API success: fetched 5 coins
INFO 2025-10-27 13:56:33,213 crypto_api_service 16749 123145454698496 Successfully fetched data from _fetch_from_coingecko
INFO 2025-10-27 13:56:33,234 crypto_api_service 16749 123145454698496 Updated 5 cryptocurrencies
INFO 2025-10-27 13:56:33,321 consumers 16749 4593952256 Market WebSocket disconnected: specific..inmemory!QbBvIplxkkQR
INFO 2025-10-27 13:56:33,384 consumers 16749 4593952256 Market WebSocket connected: specific..inmemory!iDzDVZAiRJDG
INFO 2025-10-27 13:56:37,121 crypto_api_service 16749 123145454698496 CoinGecko API success: fetched 5 coins
INFO 2025-10-27 13:56:37,124 crypto_api_service 16749 123145454698496 Successfully fetched data from _fetch_from_coingecko
INFO 2025-10-27 13:56:37,144 crypto_api_service 16749 123145454698496 Updated 5 cryptocurrencies
INFO 2025-10-27 13:56:37,225 consumers 16749 4593952256 Market WebSocket disconnected: specific..inmemory!iDzDVZAiRJDG
INFO 2025-10-27 13:56:37,331 consumers 16749 4593952256 Market WebSocket connected: specific..inmemory!gUTcVQDJXCHR
INFO 2025-10-27 13:56:44,094 server 16749 4593952256 Killed 3 pending application instances
INFO 2025-10-27 13:56:49,239 autoreload 17010 4537898496 Watching for file changes with StatReloader
WARNING 2025-10-27 13:56:50,070 log 17010 123145552121856 Not Found: /ws/market/
INFO 2025-10-27 13:56:53,899 crypto_api_service 17010 123145552121856 CoinGecko API success: fetched 5 coins
INFO 2025-10-27 13:56:53,902 crypto_api_service 17010 123145552121856 Successfully fetched data from _fetch_from_coingecko
INFO 2025-10-27 13:56:53,914 crypto_api_service 17010 123145552121856 Updated 5 cryptocurrencies
WARNING 2025-10-27 13:56:54,087 log 17010 123145587310592 Not Found: /ws/market/
WARNING 2025-10-27 13:56:56,061 log 17010 123145587310592 Not Found: /ws/market/
WARNING 2025-10-27 13:56:57,293 log 17010 123145587310592 Not Found: /ws/market/
INFO 2025-10-27 13:57:03,639 cli 17115 4372166144 Starting server at tcp:port=8000:interface=127.0.0.1
INFO 2025-10-27 13:57:03,640 server 17115 4372166144 HTTP/2 support enabled
INFO 2025-10-27 13:57:03,640 server 17115 4372166144 Configuring endpoint tcp:port=8000:interface=127.0.0.1
INFO 2025-10-27 13:57:03,641 server 17115 4372166144 Listening on TCP address 127.0.0.1:8000
INFO 2025-10-27 13:57:06,909 consumers 17115 4372166144 Market WebSocket connected: specific..inmemory!sXYMWXzWHHcs
INFO 2025-10-27 13:57:08,066 consumers 17115 4372166144 Market WebSocket connected: specific..inmemory!afdvYMPrJgSr
INFO 2025-10-27 13:57:10,472 crypto_api_service 17115 123145472438272 CoinGecko API success: fetched 5 coins
INFO 2025-10-27 13:57:10,474 crypto_api_service 17115 123145472438272 Successfully fetched data from _fetch_from_coingecko
INFO 2025-10-27 13:57:10,490 crypto_api_service 17115 123145472438272 Updated 5 cryptocurrencies
INFO 2025-10-27 13:57:10,590 consumers 17115 4372166144 Market WebSocket disconnected: specific..inmemory!sXYMWXzWHHcs
INFO 2025-10-27 13:57:10,650 consumers 17115 4372166144 Market WebSocket connected: specific..inmemory!IOhgonPrQaTy
INFO 2025-10-27 13:57:57,483 crypto_api_service 17115 123145472438272 CoinGecko API success: fetched 5 coins
INFO 2025-10-27 13:57:57,486 crypto_api_service 17115 123145472438272 Successfully fetched data from _fetch_from_coingecko
INFO 2025-10-27 13:57:57,498 crypto_api_service 17115 123145472438272 Updated 5 cryptocurrencies
INFO 2025-10-27 13:57:57,578 consumers 17115 4372166144 Market WebSocket disconnected: specific..inmemory!IOhgonPrQaTy
INFO 2025-10-27 13:57:57,723 consumers 17115 4372166144 Market WebSocket connected: specific..inmemory!bSuXLIKvlKKh
INFO 2025-10-27 13:59:05,486 server 17115 4372166144 Killed 2 pending application instances
INFO 2025-10-27 13:59:10,088 autoreload 17309 4513424896 Watching for file changes with StatReloader
WARNING 2025-10-27 13:59:11,109 log 17309 123145434591232 Not Found: /ws/market/
WARNING 2025-10-27 13:59:15,090 log 17309 123145469243392 Not Found: /ws/market/
WARNING 2025-10-27 13:59:17,085 log 17309 123145469243392 Not Found: /ws/market/
INFO 2025-10-27 13:59:17,205 crypto_api_service 17309 123145434591232 CoinGecko API success: fetched 5 coins
INFO 2025-10-27 13:59:17,207 crypto_api_service 17309 123145434591232 Successfully fetched data from _fetch_from_coingecko
INFO 2025-10-27 13:59:17,220 crypto_api_service 17309 123145434591232 Updated 5 cryptocurrencies
WARNING 2025-10-27 13:59:18,194 log 17309 123145469243392 Not Found: /ws/market/
WARNING 2025-10-27 13:59:23,086 log 17309 123145468706816 Not Found: /ws/market/
WARNING 2025-10-27 13:59:23,618 log 17309 123145468706816 Not Found: /ws/market/
WARNING 2025-10-27 13:59:28,634 log 17309 123145468706816 Not Found: /ws/market/
WARNING 2025-10-27 13:59:29,088 log 17309 123145468706816 Not Found: /ws/market/
WARNING 2025-10-27 13:59:33,803 log 17309 123145468706816 Not Found: /ws/market/
WARNING 2025-10-27 13:59:35,090 log 17309 123145468706816 Not Found: /ws/market/
WARNING 2025-10-27 13:59:38,838 log 17309 123145468706816 Not Found: /ws/market/
WARNING 2025-10-27 13:59:41,092 log 17309 123145468706816 Not Found: /ws/market/
WARNING 2025-10-27 13:59:44,089 log 17309 123145468706816 Not Found: /ws/market/
WARNING 2025-10-27 13:59:47,089 log 17309 123145468706816 Not Found: /ws/market/
WARNING 2025-10-27 13:59:54,220 log 17309 123145468706816 Not Found: /ws/market/
WARNING 2025-10-27 13:59:54,249 log 17309 123145468706816 Not Found: /ws/market/
WARNING 2025-10-27 14:00:00,097 log 17309 123145485496320 Not Found: /ws/market/
WARNING 2025-10-27 14:00:00,106 log 17309 123145468706816 Not Found: /ws/market/
WARNING 2025-10-27 14:00:09,130 log 17309 123145468706816 Not Found: /ws/market/
WARNING 2025-10-27 14:00:09,207 log 17309 123145468706816 Not Found: /ws/market/
WARNING 2025-10-27 14:00:14,250 log 17309 123145468706816 Not Found: /ws/market/
WARNING 2025-10-27 14:00:15,121 log 17309 123145468706816 Not Found: /ws/market/
INFO 2025-10-27 14:00:22,423 autoreload 17469 4605601280 Watching for file changes with StatReloader
INFO 2025-10-27 14:00:23,838 crypto_api_service 17469 123145356492800 CoinGecko API success: fetched 5 coins
INFO 2025-10-27 14:00:23,842 crypto_api_service 17469 123145356492800 Successfully fetched data from _fetch_from_coingecko
INFO 2025-10-27 14:00:23,864 crypto_api_service 17469 123145356492800 Updated 5 cryptocurrencies
WARNING 2025-10-27 14:00:24,169 log 17469 123145391144960 Not Found: /ws/market/
WARNING 2025-10-27 14:00:28,001 log 17469 123145391144960 Not Found: /ws/market/
WARNING 2025-10-27 14:00:29,313 log 17469 123145390608384 Not Found: /ws/market/
WARNING 2025-10-27 14:00:33,112 log 17469 123145390608384 Not Found: /ws/market/
WARNING 2025-10-27 14:00:36,499 log 17469 123145390608384 Not Found: /ws/market/
WARNING 2025-10-27 14:00:39,117 log 17469 123145390608384 Not Found: /ws/market/
INFO 2025-10-27 14:00:40,409 crypto_api_service 17469 123145356492800 CoinGecko API success: fetched 5 coins
INFO 2025-10-27 14:00:40,413 crypto_api_service 17469 123145356492800 Successfully fetched data from _fetch_from_coingecko
INFO 2025-10-27 14:00:40,427 crypto_api_service 17469 123145356492800 Updated 5 cryptocurrencies
WARNING 2025-10-27 14:00:40,559 log 17469 123145390608384 Not Found: /ws/market/
WARNING 2025-10-27 14:00:45,146 log 17469 123145390608384 Not Found: /ws/market/
WARNING 2025-10-27 14:00:45,787 log 17469 123145390608384 Not Found: /ws/market/
WARNING 2025-10-27 14:00:51,089 log 17469 123145390608384 Not Found: /ws/market/
WARNING 2025-10-27 14:00:51,101 log 17469 123145407397888 Not Found: /ws/market/
WARNING 2025-10-27 14:00:56,145 log 17469 123145390608384 Not Found: /ws/market/
WARNING 2025-10-27 14:00:57,198 log 17469 123145390608384 Not Found: /ws/market/
WARNING 2025-10-27 14:01:02,091 log 17469 123145390608384 Not Found: /ws/market/
WARNING 2025-10-27 14:01:03,089 log 17469 123145390608384 Not Found: /ws/market/
WARNING 2025-10-27 14:01:09,099 log 17469 123145407397888 Not Found: /ws/market/
WARNING 2025-10-27 14:01:09,100 log 17469 123145390608384 Not Found: /ws/market/
WARNING 2025-10-27 14:01:14,142 log 17469 123145390608384 Not Found: /ws/market/
INFO 2025-10-27 14:01:14,216 crypto_api_service 17469 123145356492800 CoinGecko API success: fetched 5 coins
INFO 2025-10-27 14:01:14,219 crypto_api_service 17469 123145356492800 Successfully fetched data from _fetch_from_coingecko
INFO 2025-10-27 14:01:14,234 crypto_api_service 17469 123145356492800 Updated 5 cryptocurrencies
WARNING 2025-10-27 14:01:14,408 log 17469 123145390608384 Not Found: /ws/market/
WARNING 2025-10-27 14:01:15,096 log 17469 123145390608384 Not Found: /ws/market/
WARNING 2025-10-27 14:01:19,529 log 17469 123145390608384 Not Found: /ws/market/
WARNING 2025-10-27 14:01:21,094 log 17469 123145390608384 Not Found: /ws/market/
WARNING 2025-10-27 14:01:26,641 log 17469 123145390608384 Not Found: /ws/market/
WARNING 2025-10-27 14:01:27,099 log 17469 123145390608384 Not Found: /ws/market/
WARNING 2025-10-27 14:01:32,092 log 17469 123145390608384 Not Found: /ws/market/
WARNING 2025-10-27 14:01:33,103 log 17469 123145390608384 Not Found: /ws/market/
WARNING 2025-10-27 14:01:37,148 log 17469 123145390608384 Not Found: /ws/market/
WARNING 2025-10-27 14:01:39,101 log 17469 123145390608384 Not Found: /ws/market/
WARNING 2025-10-27 14:01:42,179 log 17469 123145390608384 Not Found: /ws/market/
WARNING 2025-10-27 14:01:45,169 log 17469 123145390608384 Not Found: /ws/market/
WARNING 2025-10-27 14:01:47,225 log 17469 123145390608384 Not Found: /ws/market/
WARNING 2025-10-27 14:01:51,181 log 17469 123145390608384 Not Found: /ws/market/
WARNING 2025-10-27 14:01:52,287 log 17469 123145390608384 Not Found: /ws/market/
WARNING 2025-10-27 14:01:57,370 log 17469 123145390608384 Not Found: /ws/market/
WARNING 2025-10-27 14:01:57,446 log 17469 123145390608384 Not Found: /ws/market/
WARNING 2025-10-27 14:02:02,670 log 17469 123145390608384 Not Found: /ws/market/
WARNING 2025-10-27 14:02:03,264 log 17469 123145390608384 Not Found: /ws/market/
WARNING 2025-10-27 14:02:09,252 log 17469 123145390608384 Not Found: /ws/market/
WARNING 2025-10-27 14:02:10,089 log 17469 123145390608384 Not Found: /ws/market/
WARNING 2025-10-27 14:02:16,240 log 17469 123145373282304 Not Found: /ws/market/
WARNING 2025-10-27 14:02:17,761 log 17469 123145373282304 Not Found: /ws/market/
WARNING 2025-10-27 14:02:23,730 log 17469 123145373282304 Not Found: /ws/market/
WARNING 2025-10-27 14:02:25,686 log 17469 123145373282304 Not Found: /ws/market/
WARNING 2025-10-27 14:02:32,656 log 17469 123145373282304 Not Found: /ws/market/
WARNING 2025-10-27 14:02:32,763 log 17469 123145373282304 Not Found: /ws/market/
WARNING 2025-10-27 14:02:39,329 log 17469 123145373282304 Not Found: /ws/market/
WARNING 2025-10-27 14:02:40,914 log 17469 123145373282304 Not Found: /ws/market/
WARNING 2025-10-27 14:02:49,986 log 17469 123145373282304 Not Found: /ws/market/
WARNING 2025-10-27 14:02:50,613 log 17469 123145373282304 Not Found: /ws/market/
WARNING 2025-10-27 14:02:56,091 log 17469 123145373282304 Not Found: /ws/market/
WARNING 2025-10-27 14:02:58,572 log 17469 123145373282304 Not Found: /ws/market/
WARNING 2025-10-27 14:03:02,094 log 17469 123145373282304 Not Found: /ws/market/
WARNING 2025-10-27 14:03:06,346 log 17469 123145373282304 Not Found: /ws/market/
WARNING 2025-10-27 14:03:08,092 log 17469 123145373282304 Not Found: /ws/market/
WARNING 2025-10-27 14:03:12,092 log 17469 123145373282304 Not Found: /ws/market/
WARNING 2025-10-27 14:03:14,091 log 17469 123145373282304 Not Found: /ws/market/
WARNING 2025-10-27 14:03:18,096 log 17469 123145356492800 Not Found: /ws/market/
WARNING 2025-10-27 14:03:20,094 log 17469 123145356492800 Not Found: /ws/market/
WARNING 2025-10-27 14:03:24,090 log 17469 123145356492800 Not Found: /ws/market/
WARNING 2025-10-27 14:03:26,092 log 17469 123145356492800 Not Found: /ws/market/
WARNING 2025-10-27 14:03:30,101 log 17469 123145356492800 Not Found: /ws/market/
WARNING 2025-10-27 14:03:32,101 log 17469 123145356492800 Not Found: /ws/market/
WARNING 2025-10-27 14:03:36,100 log 17469 123145356492800 Not Found: /ws/market/
WARNING 2025-10-27 14:03:38,118 log 17469 123145356492800 Not Found: /ws/market/
WARNING 2025-10-27 14:03:42,134 log 17469 123145356492800 Not Found: /ws/market/
WARNING 2025-10-27 14:03:44,135 log 17469 123145356492800 Not Found: /ws/market/
WARNING 2025-10-27 14:03:48,107 log 17469 123145356492800 Not Found: /ws/market/
WARNING 2025-10-27 14:03:50,173 log 17469 123145356492800 Not Found: /ws/market/
WARNING 2025-10-27 14:03:54,107 log 17469 123145356492800 Not Found: /ws/market/
WARNING 2025-10-27 14:03:56,172 log 17469 123145356492800 Not Found: /ws/market/
WARNING 2025-10-27 14:04:00,117 log 17469 123145356492800 Not Found: /ws/market/
WARNING 2025-10-27 14:04:02,155 log 17469 123145356492800 Not Found: /ws/market/
WARNING 2025-10-27 14:04:06,134 log 17469 123145356492800 Not Found: /ws/market/
WARNING 2025-10-27 14:04:08,231 log 17469 123145356492800 Not Found: /ws/market/
WARNING 2025-10-27 14:04:12,247 log 17469 123145356492800 Not Found: /ws/market/
WARNING 2025-10-27 14:04:14,687 log 17469 123145356492800 Not Found: /ws/market/
WARNING 2025-10-27 14:04:18,344 log 17469 123145356492800 Not Found: /ws/market/
WARNING 2025-10-27 14:04:22,505 log 17469 123145356492800 Not Found: /ws/market/
WARNING 2025-10-27 14:04:24,374 log 17469 123145356492800 Not Found: /ws/market/
WARNING 2025-10-27 14:04:31,226 log 17469 123145356492800 Not Found: /ws/market/
WARNING 2025-10-27 14:04:31,901 log 17469 123145356492800 Not Found: /ws/market/
WARNING 2025-10-27 14:04:39,490 log 17469 123145356492800 Not Found: /ws/market/
WARNING 2025-10-27 14:04:42,045 log 17469 123145356492800 Not Found: /ws/market/
WARNING 2025-10-27 14:04:46,419 log 17469 123145356492800 Not Found: /ws/market/
WARNING 2025-10-27 14:04:51,671 log 17469 123145356492800 Not Found: /ws/market/
WARNING 2025-10-27 14:04:53,809 log 17469 123145356492800 Not Found: /ws/market/
WARNING 2025-10-27 14:04:57,101 log 17469 123145356492800 Not Found: /ws/market/
WARNING 2025-10-27 14:05:03,083 log 17469 123145356492800 Not Found: /ws/market/
WARNING 2025-10-27 14:05:03,108 log 17469 123145373282304 Not Found: /ws/market/
WARNING 2025-10-27 14:05:09,096 log 17469 123145356492800 Not Found: /ws/market/
WARNING 2025-10-27 14:05:13,883 log 17469 123145356492800 Not Found: /ws/market/
WARNING 2025-10-27 14:05:15,093 log 17469 123145356492800 Not Found: /ws/market/
WARNING 2025-10-27 14:05:20,835 log 17469 123145356492800 Not Found: /ws/market/
WARNING 2025-10-27 14:05:21,096 log 17469 123145356492800 Not Found: /ws/market/
WARNING 2025-10-27 14:05:26,149 log 17469 123145356492800 Not Found: /ws/market/
WARNING 2025-10-27 14:05:28,649 log 17469 123145356492800 Not Found: /ws/market/
INFO 2025-10-27 14:05:29,586 crypto_api_service 17469 123145356492800 CoinGecko API success: fetched 5 coins
INFO 2025-10-27 14:05:29,589 crypto_api_service 17469 123145356492800 Successfully fetched data from _fetch_from_coingecko
INFO 2025-10-27 14:05:29,612 crypto_api_service 17469 123145356492800 Updated 5 cryptocurrencies
WARNING 2025-10-27 14:05:30,954 log 17469 123145390608384 Not Found: /ws/market/
WARNING 2025-10-27 14:05:35,987 log 17469 123145390608384 Not Found: /ws/market/
WARNING 2025-10-27 14:05:37,086 log 17469 123145390608384 Not Found: /ws/market/
WARNING 2025-10-27 14:05:44,616 log 17469 123145356492800 Not Found: /ws/market/
WARNING 2025-10-27 14:05:52,628 log 17469 123145356492800 Not Found: /ws/market/
WARNING 2025-10-27 14:06:02,164 log 17469 123145356492800 Not Found: /ws/market/
WARNING 2025-10-27 14:06:09,958 log 17469 123145356492800 Not Found: /ws/market/
WARNING 2025-10-27 14:06:18,929 log 17469 123145356492800 Not Found: /ws/market/
WARNING 2025-10-27 14:06:27,956 log 17469 123145356492800 Not Found: /ws/market/
WARNING 2025-10-27 14:06:36,895 log 17469 123145356492800 Not Found: /ws/market/
INFO 2025-10-27 14:06:38,003 crypto_api_service 17469 123145356492800 CoinGecko API success: fetched 5 coins
INFO 2025-10-27 14:06:38,006 crypto_api_service 17469 123145356492800 Successfully fetched data from _fetch_from_coingecko
INFO 2025-10-27 14:06:38,018 crypto_api_service 17469 123145356492800 Updated 5 cryptocurrencies
WARNING 2025-10-27 14:06:42,279 log 17469 123145407397888 Not Found: /ws/market/
INFO 2025-10-27 14:06:45,972 crypto_api_service 17469 123145356492800 CoinGecko API success: fetched 5 coins
INFO 2025-10-27 14:06:45,974 crypto_api_service 17469 123145356492800 Successfully fetched data from _fetch_from_coingecko
INFO 2025-10-27 14:06:45,999 crypto_api_service 17469 123145356492800 Updated 5 cryptocurrencies
WARNING 2025-10-27 14:06:50,958 log 17469 123145407397888 Not Found: /ws/market/
WARNING 2025-10-27 14:06:58,515 log 17469 123145407397888 Not Found: /ws/market/
WARNING 2025-10-27 14:07:08,455 log 17469 123145407397888 Not Found: /ws/market/
WARNING 2025-10-27 14:07:14,105 log 17469 123145407397888 Not Found: /ws/market/
WARNING 2025-10-27 14:07:20,107 log 17469 123145407397888 Not Found: /ws/market/
WARNING 2025-10-27 14:07:26,308 log 17469 123145407397888 Not Found: /ws/market/
WARNING 2025-10-27 14:07:32,099 log 17469 123145407397888 Not Found: /ws/market/
WARNING 2025-10-27 14:07:38,098 log 17469 123145407397888 Not Found: /ws/market/
WARNING 2025-10-27 14:07:44,113 log 17469 123145407397888 Not Found: /ws/market/
WARNING 2025-10-27 14:07:50,448 log 17469 123145407397888 Not Found: /ws/market/
WARNING 2025-10-27 14:07:56,111 log 17469 123145407397888 Not Found: /ws/market/
WARNING 2025-10-27 14:08:02,136 log 17469 123145407397888 Not Found: /ws/market/
WARNING 2025-10-27 14:08:08,156 log 17469 123145407397888 Not Found: /ws/market/
WARNING 2025-10-27 14:08:14,208 log 17469 123145407397888 Not Found: /ws/market/
WARNING 2025-10-27 14:08:20,233 log 17469 123145407397888 Not Found: /ws/market/
WARNING 2025-10-27 14:08:26,351 log 17469 123145407397888 Not Found: /ws/market/
WARNING 2025-10-27 14:08:33,572 log 17469 123145407397888 Not Found: /ws/market/
WARNING 2025-10-27 14:08:39,871 log 17469 123145407397888 Not Found: /ws/market/
WARNING 2025-10-27 14:08:50,825 log 17469 123145407397888 Not Found: /ws/market/
WARNING 2025-10-27 14:09:01,016 log 17469 123145407397888 Not Found: /ws/market/
INFO 2025-10-27 14:09:03,577 crypto_api_service 17469 123145356492800 CoinGecko API success: fetched 5 coins
INFO 2025-10-27 14:09:03,581 crypto_api_service 17469 123145356492800 Successfully fetched data from _fetch_from_coingecko
INFO 2025-10-27 14:09:03,595 crypto_api_service 17469 123145356492800 Updated 5 cryptocurrencies
WARNING 2025-10-27 14:09:09,036 log 17469 123145407397888 Not Found: /ws/market/
WARNING 2025-10-27 14:09:14,243 log 17469 123145407397888 Not Found: /ws/market/
WARNING 2025-10-27 14:09:19,202 log 17469 123145407397888 Not Found: /ws/market/
WARNING 2025-10-27 14:09:24,097 log 17469 123145407397888 Not Found: /ws/market/
WARNING 2025-10-27 14:09:30,200 log 17469 123145407397888 Not Found: /ws/market/
WARNING 2025-10-27 14:09:34,161 log 17469 123145407397888 Not Found: /ws/market/
WARNING 2025-10-27 14:09:39,098 log 17469 123145407397888 Not Found: /ws/market/
WARNING 2025-10-27 14:09:44,363 log 17469 123145407397888 Not Found: /ws/market/
WARNING 2025-10-27 14:09:49,414 log 17469 123145407397888 Not Found: /ws/market/
INFO 2025-10-27 14:09:51,568 crypto_api_service 17469 123145356492800 CoinGecko API success: fetched 5 coins
INFO 2025-10-27 14:09:51,572 crypto_api_service 17469 123145356492800 Successfully fetched data from _fetch_from_coingecko
INFO 2025-10-27 14:09:51,618 crypto_api_service 17469 123145356492800 Updated 5 cryptocurrencies
INFO 2025-10-27 14:10:08,931 cli 17973 4730807808 Starting server at tcp:port=8000:interface=127.0.0.1
INFO 2025-10-27 14:10:08,931 server 17973 4730807808 HTTP/2 support enabled
INFO 2025-10-27 14:10:08,931 server 17973 4730807808 Configuring endpoint tcp:port=8000:interface=127.0.0.1
INFO 2025-10-27 14:10:08,932 server 17973 4730807808 Listening on TCP address 127.0.0.1:8000
INFO 2025-10-27 14:10:13,857 crypto_api_service 17973 123145370624000 CoinGecko API success: fetched 5 coins
INFO 2025-10-27 14:10:13,862 crypto_api_service 17973 123145370624000 Successfully fetched data from _fetch_from_coingecko
INFO 2025-10-27 14:10:13,880 crypto_api_service 17973 123145370624000 Updated 5 cryptocurrencies
INFO 2025-10-27 14:11:14,582 server 17973 4730807808 Killed 0 pending application instances
INFO 2025-10-27 14:11:18,285 autoreload 18131 4544906752 Watching for file changes with StatReloader
INFO 2025-10-27 14:11:22,251 crypto_api_service 18131 123145519226880 CoinGecko API success: fetched 5 coins
INFO 2025-10-27 14:11:22,255 crypto_api_service 18131 123145519226880 Successfully fetched data from _fetch_from_coingecko
INFO 2025-10-27 14:11:22,271 crypto_api_service 18131 123145519226880 Updated 5 cryptocurrencies
WARNING 2025-10-27 14:11:22,425 log 18131 123145553879040 Not Found: /ws/market/
WARNING 2025-10-27 14:11:25,622 log 18131 123145553879040 Not Found: /ws/market/
INFO 2025-10-27 14:11:33,200 cli 18234 4590867968 Starting server at tcp:port=8000:interface=127.0.0.1
INFO 2025-10-27 14:11:33,200 server 18234 4590867968 HTTP/2 support enabled
INFO 2025-10-27 14:11:33,201 server 18234 4590867968 Configuring endpoint tcp:port=8000:interface=127.0.0.1
INFO 2025-10-27 14:11:33,202 server 18234 4590867968 Listening on TCP address 127.0.0.1:8000
INFO 2025-10-27 14:11:37,226 crypto_api_service 18234 123145482637312 CoinGecko API success: fetched 5 coins
INFO 2025-10-27 14:11:37,230 crypto_api_service 18234 123145482637312 Successfully fetched data from _fetch_from_coingecko
INFO 2025-10-27 14:11:37,243 crypto_api_service 18234 123145482637312 Updated 5 cryptocurrencies
INFO 2025-10-27 14:11:37,442 consumers 18234 4590867968 Market WebSocket connected: specific..inmemory!RYYCeRskqiDO
INFO 2025-10-27 14:16:22,481 server 18234 4590867968 Killed 1 pending application instances
INFO 2025-10-27 14:16:27,632 autoreload 18404 4507764224 Watching for file changes with StatReloader
WARNING 2025-10-27 14:16:32,134 log 18404 123145391050752 Not Found: /ws/market/
INFO 2025-10-27 14:16:34,477 crypto_api_service 18404 123145356398592 CoinGecko API success: fetched 5 coins
INFO 2025-10-27 14:16:34,481 crypto_api_service 18404 123145356398592 Successfully fetched data from _fetch_from_coingecko
INFO 2025-10-27 14:16:34,508 crypto_api_service 18404 123145356398592 Updated 5 cryptocurrencies
WARNING 2025-10-27 14:16:36,380 log 18404 123145391050752 Not Found: /ws/market/
INFO 2025-10-27 14:16:40,611 cli 18511 4507551232 Starting server at tcp:port=8000:interface=127.0.0.1
INFO 2025-10-27 14:16:40,611 server 18511 4507551232 HTTP/2 support enabled
INFO 2025-10-27 14:16:40,612 server 18511 4507551232 Configuring endpoint tcp:port=8000:interface=127.0.0.1
INFO 2025-10-27 14:16:40,613 server 18511 4507551232 Listening on TCP address 127.0.0.1:8000
INFO 2025-10-27 14:16:41,030 consumers 18511 4507551232 Market WebSocket connected: specific..inmemory!pUCmVOETDUKR
INFO 2025-10-27 14:16:47,198 crypto_api_service 18511 123145507065856 CoinGecko API success: fetched 5 coins
INFO 2025-10-27 14:16:47,204 crypto_api_service 18511 123145507065856 Successfully fetched data from _fetch_from_coingecko
INFO 2025-10-27 14:16:47,216 crypto_api_service 18511 123145507065856 Updated 5 cryptocurrencies
INFO 2025-10-27 14:16:47,317 consumers 18511 4507551232 Market WebSocket disconnected: specific..inmemory!pUCmVOETDUKR
INFO 2025-10-27 14:16:47,377 consumers 18511 4507551232 Market WebSocket connected: specific..inmemory!UyrSFYDBcmFu
INFO 2025-10-27 14:17:53,220 server 18511 4507551232 Killed 1 pending application instances
INFO 2025-10-27 14:22:50,184 autoreload 18751 4707722752 Watching for file changes with StatReloader
INFO 2025-10-27 14:22:56,265 crypto_api_service 18751 123145452777472 CoinGecko API success: fetched 5 coins
INFO 2025-10-27 14:22:56,267 crypto_api_service 18751 123145452777472 Successfully fetched data from _fetch_from_coingecko
INFO 2025-10-27 14:22:56,284 crypto_api_service 18751 123145452777472 Updated 5 cryptocurrencies
INFO 2025-10-27 14:22:56,286 user_views 18751 123145452777472 Cryptocurrency data updated successfully
INFO 2025-10-27 14:22:56,840 crypto_api_service 18751 123145452777472 CoinGecko API success: fetched 5 coins
INFO 2025-10-27 14:22:56,843 crypto_api_service 18751 123145452777472 Successfully fetched data from _fetch_from_coingecko
INFO 2025-10-27 14:22:56,856 crypto_api_service 18751 123145452777472 Updated 5 cryptocurrencies
WARNING 2025-10-27 14:22:57,510 log 18751 123145487429632 Not Found: /ws/market/
WARNING 2025-10-27 14:23:01,416 log 18751 123145486893056 Not Found: /ws/market/
INFO 2025-10-27 14:23:06,230 cli 18856 4642731520 Starting server at tcp:port=8000:interface=127.0.0.1
INFO 2025-10-27 14:23:06,231 server 18856 4642731520 HTTP/2 support enabled
INFO 2025-10-27 14:23:06,231 server 18856 4642731520 Configuring endpoint tcp:port=8000:interface=127.0.0.1
INFO 2025-10-27 14:23:06,232 server 18856 4642731520 Listening on TCP address 127.0.0.1:8000
INFO 2025-10-27 14:23:07,466 consumers 18856 4642731520 Market WebSocket connected: specific..inmemory!VhDPoeHefUVD
INFO 2025-10-27 14:23:14,682 crypto_api_service 18856 123145535619072 CoinGecko API success: fetched 5 coins
INFO 2025-10-27 14:23:14,685 crypto_api_service 18856 123145535619072 Successfully fetched data from _fetch_from_coingecko
INFO 2025-10-27 14:23:14,713 crypto_api_service 18856 123145535619072 Updated 5 cryptocurrencies
INFO 2025-10-27 14:23:15,219 consumers 18856 4642731520 Market WebSocket disconnected: specific..inmemory!VhDPoeHefUVD
INFO 2025-10-27 14:23:15,223 consumers 18856 4642731520 Market WebSocket connected: specific..inmemory!QJupJtebwEng
INFO 2025-10-27 14:23:20,253 crypto_api_service 18856 123145535619072 CoinGecko API success: fetched 5 coins
INFO 2025-10-27 14:23:20,258 crypto_api_service 18856 123145535619072 Successfully fetched data from _fetch_from_coingecko
INFO 2025-10-27 14:23:20,274 crypto_api_service 18856 123145535619072 Updated 5 cryptocurrencies
INFO 2025-10-27 14:23:20,470 consumers 18856 4642731520 Market WebSocket disconnected: specific..inmemory!QJupJtebwEng
INFO 2025-10-27 14:23:20,479 consumers 18856 4642731520 Market WebSocket connected: specific..inmemory!tgJTHHPSpZXw
INFO 2025-10-27 14:24:35,440 crypto_api_service 18856 123145535619072 CoinGecko API success: fetched 5 coins
INFO 2025-10-27 14:24:35,445 crypto_api_service 18856 123145535619072 Successfully fetched data from _fetch_from_coingecko
INFO 2025-10-27 14:24:35,457 crypto_api_service 18856 123145535619072 Updated 5 cryptocurrencies
INFO 2025-10-27 14:24:35,531 consumers 18856 4642731520 Market WebSocket disconnected: specific..inmemory!tgJTHHPSpZXw
INFO 2025-10-27 14:24:35,601 consumers 18856 4642731520 Market WebSocket connected: specific..inmemory!pgpAPGvSjnXX
INFO 2025-10-27 14:26:32,200 server 18856 4642731520 Killed 1 pending application instances
INFO 2025-10-27 14:26:35,782 autoreload 19142 4420388352 Watching for file changes with StatReloader
INFO 2025-10-27 14:26:39,843 crypto_api_service 19142 123145454260224 CoinGecko API success: fetched 5 coins
INFO 2025-10-27 14:26:39,846 crypto_api_service 19142 123145454260224 Successfully fetched data from _fetch_from_coingecko
INFO 2025-10-27 14:26:39,869 crypto_api_service 19142 123145454260224 Updated 5 cryptocurrencies
ERROR 2025-10-27 14:26:39,973 log 19142 123145454260224 Internal Server Error: /dashboard/
Traceback (most recent call last):
  File "/Users/emmidev/.pyenv/versions/3.11.8/lib/python3.11/site-packages/django/template/base.py", line 510, in parse
    compile_func = self.tags[command]
                   ~~~~~~~~~^^^^^^^^^
KeyError: 'endblock'

During handling of the above exception, another exception occurred:

Traceback (most recent call last):
  File "/Users/emmidev/.pyenv/versions/3.11.8/lib/python3.11/site-packages/django/core/handlers/exception.py", line 55, in inner
    response = get_response(request)
               ^^^^^^^^^^^^^^^^^^^^^
  File "/Users/emmidev/.pyenv/versions/3.11.8/lib/python3.11/site-packages/django/core/handlers/base.py", line 197, in _get_response
    response = wrapped_callback(request, *callback_args, **callback_kwargs)
               ^^^^^^^^^^^^^^^^^^^^^^^^^^^^^^^^^^^^^^^^^^^^^^^^^^^^^^^^^^^^
  File "/Users/emmidev/.pyenv/versions/3.11.8/lib/python3.11/site-packages/django/contrib/auth/decorators.py", line 59, in _view_wrapper
    return view_func(request, *args, **kwargs)
           ^^^^^^^^^^^^^^^^^^^^^^^^^^^^^^^^^^^
  File "/Users/emmidev/Desktop/Projects/Backup/RBC/venex_app/user_views.py", line 103, in dashboard
    return render(request, 'jobs/admin_templates/dashboard.html', context)
           ^^^^^^^^^^^^^^^^^^^^^^^^^^^^^^^^^^^^^^^^^^^^^^^^^^^^^^^^^^^^^^^
  File "/Users/emmidev/.pyenv/versions/3.11.8/lib/python3.11/site-packages/django/shortcuts.py", line 25, in render
    content = loader.render_to_string(template_name, context, request, using=using)
              ^^^^^^^^^^^^^^^^^^^^^^^^^^^^^^^^^^^^^^^^^^^^^^^^^^^^^^^^^^^^^^^^^^^^^
  File "/Users/emmidev/.pyenv/versions/3.11.8/lib/python3.11/site-packages/django/template/loader.py", line 61, in render_to_string
    template = get_template(template_name, using=using)
               ^^^^^^^^^^^^^^^^^^^^^^^^^^^^^^^^^^^^^^^^
  File "/Users/emmidev/.pyenv/versions/3.11.8/lib/python3.11/site-packages/django/template/loader.py", line 15, in get_template
    return engine.get_template(template_name)
           ^^^^^^^^^^^^^^^^^^^^^^^^^^^^^^^^^^
  File "/Users/emmidev/.pyenv/versions/3.11.8/lib/python3.11/site-packages/django/template/backends/django.py", line 79, in get_template
    return Template(self.engine.get_template(template_name), self)
                    ^^^^^^^^^^^^^^^^^^^^^^^^^^^^^^^^^^^^^^^
  File "/Users/emmidev/.pyenv/versions/3.11.8/lib/python3.11/site-packages/django/template/engine.py", line 177, in get_template
    template, origin = self.find_template(template_name)
                       ^^^^^^^^^^^^^^^^^^^^^^^^^^^^^^^^^
  File "/Users/emmidev/.pyenv/versions/3.11.8/lib/python3.11/site-packages/django/template/engine.py", line 159, in find_template
    template = loader.get_template(name, skip=skip)
               ^^^^^^^^^^^^^^^^^^^^^^^^^^^^^^^^^^^^
  File "/Users/emmidev/.pyenv/versions/3.11.8/lib/python3.11/site-packages/django/template/loaders/cached.py", line 57, in get_template
    template = super().get_template(template_name, skip)
               ^^^^^^^^^^^^^^^^^^^^^^^^^^^^^^^^^^^^^^^^^
  File "/Users/emmidev/.pyenv/versions/3.11.8/lib/python3.11/site-packages/django/template/loaders/base.py", line 28, in get_template
    return Template(
           ^^^^^^^^^
  File "/Users/emmidev/.pyenv/versions/3.11.8/lib/python3.11/site-packages/django/template/base.py", line 154, in __init__
    self.nodelist = self.compile_nodelist()
                    ^^^^^^^^^^^^^^^^^^^^^^^
  File "/Users/emmidev/.pyenv/versions/3.11.8/lib/python3.11/site-packages/django/template/base.py", line 196, in compile_nodelist
    nodelist = parser.parse()
               ^^^^^^^^^^^^^^
  File "/Users/emmidev/.pyenv/versions/3.11.8/lib/python3.11/site-packages/django/template/base.py", line 512, in parse
    self.invalid_block_tag(token, command, parse_until)
  File "/Users/emmidev/.pyenv/versions/3.11.8/lib/python3.11/site-packages/django/template/base.py", line 577, in invalid_block_tag
    raise self.error(
django.template.exceptions.TemplateSyntaxError: Invalid block tag on line 382: 'endblock'. Did you forget to register or load this tag?
INFO 2025-10-27 14:27:22,104 crypto_api_service 19142 123145454260224 CoinGecko API success: fetched 5 coins
INFO 2025-10-27 14:27:22,108 crypto_api_service 19142 123145454260224 Successfully fetched data from _fetch_from_coingecko
INFO 2025-10-27 14:27:22,123 crypto_api_service 19142 123145454260224 Updated 5 cryptocurrencies
WARNING 2025-10-27 14:27:22,285 log 19142 123145488375808 Not Found: /ws/market/
WARNING 2025-10-27 14:27:25,526 log 19142 123145488375808 Not Found: /ws/market/
WARNING 2025-10-27 14:27:31,541 log 19142 123145488375808 Not Found: /ws/market/
WARNING 2025-10-27 14:27:40,555 log 19142 123145488375808 Not Found: /ws/market/
WARNING 2025-10-27 14:27:52,573 log 19142 123145488375808 Not Found: /ws/market/
WARNING 2025-10-27 14:28:09,119 log 19142 123145488375808 Not Found: /ws/market/
INFO 2025-10-27 14:28:47,436 crypto_api_service 19142 123145454260224 CoinGecko API success: fetched 5 coins
INFO 2025-10-27 14:28:47,439 crypto_api_service 19142 123145454260224 Successfully fetched data from _fetch_from_coingecko
INFO 2025-10-27 14:28:47,454 crypto_api_service 19142 123145454260224 Updated 5 cryptocurrencies
WARNING 2025-10-27 14:28:47,641 log 19142 123145488375808 Not Found: /ws/market/
WARNING 2025-10-27 14:28:50,788 log 19142 123145488375808 Not Found: /ws/market/
WARNING 2025-10-27 14:28:56,951 log 19142 123145488375808 Not Found: /ws/market/
WARNING 2025-10-27 14:29:06,190 log 19142 123145488375808 Not Found: /ws/market/
INFO 2025-10-27 14:29:11,588 crypto_api_service 19142 123145454260224 CoinGecko API success: fetched 5 coins
INFO 2025-10-27 14:29:11,591 crypto_api_service 19142 123145454260224 Successfully fetched data from _fetch_from_coingecko
INFO 2025-10-27 14:29:11,602 crypto_api_service 19142 123145454260224 Updated 5 cryptocurrencies
WARNING 2025-10-27 14:29:11,802 log 19142 123145488375808 Not Found: /ws/market/
WARNING 2025-10-27 14:29:15,040 log 19142 123145488375808 Not Found: /ws/market/
WARNING 2025-10-27 14:29:21,482 log 19142 123145488375808 Not Found: /ws/market/
WARNING 2025-10-27 14:29:30,498 log 19142 123145488375808 Not Found: /ws/market/
WARNING 2025-10-27 14:29:43,174 log 19142 123145488375808 Not Found: /ws/market/
WARNING 2025-10-27 14:29:59,122 log 19142 123145488375808 Not Found: /ws/market/
INFO 2025-10-27 14:32:28,609 autoreload 19421 4418790912 Watching for file changes with StatReloader
INFO 2025-10-27 14:32:34,434 crypto_api_service 19421 123145531535360 CoinGecko API success: fetched 5 coins
INFO 2025-10-27 14:32:34,438 crypto_api_service 19421 123145531535360 Successfully fetched data from _fetch_from_coingecko
INFO 2025-10-27 14:32:34,455 crypto_api_service 19421 123145531535360 Updated 5 cryptocurrencies
WARNING 2025-10-27 14:32:35,169 log 19421 123145566187520 Not Found: /ws/market/
WARNING 2025-10-27 14:32:41,769 log 19421 123145565650944 Not Found: /ws/market/
INFO 2025-10-27 14:32:53,521 cli 19542 4662674944 Starting server at tcp:port=8000:interface=127.0.0.1
INFO 2025-10-27 14:32:53,522 server 19542 4662674944 HTTP/2 support enabled
INFO 2025-10-27 14:32:53,522 server 19542 4662674944 Configuring endpoint tcp:port=8000:interface=127.0.0.1
INFO 2025-10-27 14:32:53,523 server 19542 4662674944 Listening on TCP address 127.0.0.1:8000
INFO 2025-10-27 14:32:58,124 crypto_api_service 19542 123145567891456 CoinGecko API success: fetched 5 coins
INFO 2025-10-27 14:32:58,144 crypto_api_service 19542 123145567891456 Successfully fetched data from _fetch_from_coingecko
INFO 2025-10-27 14:32:58,216 consumers 19542 4662674944 Market WebSocket connected: specific..inmemory!PJRXBQJMCJHN
INFO 2025-10-27 14:32:58,284 crypto_api_service 19542 123145567891456 Updated 5 cryptocurrencies
INFO 2025-10-27 14:32:58,583 consumers 19542 4662674944 Market WebSocket disconnected: specific..inmemory!PJRXBQJMCJHN
INFO 2025-10-27 14:32:58,627 consumers 19542 4662674944 Market WebSocket connected: specific..inmemory!cYNrqfVvAkro
INFO 2025-10-27 14:34:28,711 server 19542 4662674944 Killed 1 pending application instances
INFO 2025-10-27 14:34:32,476 autoreload 19780 4615710208 Watching for file changes with StatReloader
WARNING 2025-10-27 14:34:34,310 log 19780 123145576894464 Not Found: /ws/market/
WARNING 2025-10-27 14:34:40,298 log 19780 123145576894464 Not Found: /ws/market/
WARNING 2025-10-27 14:34:46,300 log 19780 123145576894464 Not Found: /ws/market/
WARNING 2025-10-27 14:34:52,298 log 19780 123145576894464 Not Found: /ws/market/
WARNING 2025-10-27 14:34:58,297 log 19780 123145576894464 Not Found: /ws/market/
WARNING 2025-10-27 14:35:04,304 log 19780 123145576894464 Not Found: /ws/market/
WARNING 2025-10-27 14:35:10,299 log 19780 123145576894464 Not Found: /ws/market/
WARNING 2025-10-27 14:35:16,298 log 19780 123145576894464 Not Found: /ws/market/
WARNING 2025-10-27 14:35:21,315 log 19780 123145611546624 Not Found: /ws/market/
INFO 2025-10-27 14:35:21,832 crypto_api_service 19780 123145576894464 CoinGecko API success: fetched 5 coins
INFO 2025-10-27 14:35:21,835 crypto_api_service 19780 123145576894464 Successfully fetched data from _fetch_from_coingecko
INFO 2025-10-27 14:35:21,858 crypto_api_service 19780 123145576894464 Updated 5 cryptocurrencies
WARNING 2025-10-27 14:35:22,308 log 19780 123145611546624 Not Found: /ws/market/
WARNING 2025-10-27 14:35:25,652 log 19780 123145611546624 Not Found: /ws/market/
WARNING 2025-10-27 14:35:32,655 log 19780 123145611010048 Not Found: /ws/market/
INFO 2025-10-27 14:35:37,720 cli 19924 4334421504 Starting server at tcp:port=8000:interface=127.0.0.1
INFO 2025-10-27 14:35:37,720 server 19924 4334421504 HTTP/2 support enabled
INFO 2025-10-27 14:35:37,720 server 19924 4334421504 Configuring endpoint tcp:port=8000:interface=127.0.0.1
INFO 2025-10-27 14:35:37,721 server 19924 4334421504 Listening on TCP address 127.0.0.1:8000
INFO 2025-10-27 14:35:41,753 consumers 19924 4334421504 Market WebSocket connected: specific..inmemory!ZWPZgHjjKYzq
INFO 2025-10-27 14:35:42,779 crypto_api_service 19924 123145479905280 CoinGecko API success: fetched 5 coins
INFO 2025-10-27 14:35:42,791 crypto_api_service 19924 123145479905280 Successfully fetched data from _fetch_from_coingecko
INFO 2025-10-27 14:35:42,916 crypto_api_service 19924 123145479905280 Updated 5 cryptocurrencies
INFO 2025-10-27 14:35:43,435 consumers 19924 4334421504 Market WebSocket disconnected: specific..inmemory!ZWPZgHjjKYzq
INFO 2025-10-27 14:35:43,646 consumers 19924 4334421504 Market WebSocket connected: specific..inmemory!SjLLPPkpHjiB
INFO 2025-10-27 14:38:15,561 server 19924 4334421504 Killed 1 pending application instances
INFO 2025-10-27 14:38:19,566 autoreload 20160 4635506176 Watching for file changes with StatReloader
INFO 2025-10-27 14:38:23,417 crypto_api_service 20160 123145456259072 CoinGecko API success: fetched 5 coins
INFO 2025-10-27 14:38:23,422 crypto_api_service 20160 123145456259072 Successfully fetched data from _fetch_from_coingecko
INFO 2025-10-27 14:38:23,440 crypto_api_service 20160 123145456259072 Updated 5 cryptocurrencies
WARNING 2025-10-27 14:38:24,269 log 20160 123145490911232 Not Found: /ws/market/
WARNING 2025-10-27 14:38:29,028 log 20160 123145490374656 Not Found: /ws/market/
WARNING 2025-10-27 14:38:35,042 log 20160 123145490374656 Not Found: /ws/market/
WARNING 2025-10-27 14:38:44,306 log 20160 123145490374656 Not Found: /ws/market/
WARNING 2025-10-27 14:38:57,311 log 20160 123145490374656 Not Found: /ws/market/
WARNING 2025-10-27 14:39:13,314 log 20160 123145490374656 Not Found: /ws/market/
INFO 2025-10-27 14:39:48,854 crypto_api_service 20160 123145456259072 CoinGecko API success: fetched 5 coins
INFO 2025-10-27 14:39:48,857 crypto_api_service 20160 123145456259072 Successfully fetched data from _fetch_from_coingecko
INFO 2025-10-27 14:39:48,874 crypto_api_service 20160 123145456259072 Updated 5 cryptocurrencies
WARNING 2025-10-27 14:39:49,089 log 20160 123145456259072 Not Found: /ws/market/
WARNING 2025-10-27 14:39:52,314 log 20160 123145456259072 Not Found: /ws/market/
WARNING 2025-10-27 14:39:58,330 log 20160 123145456259072 Not Found: /ws/market/
WARNING 2025-10-27 14:40:07,356 log 20160 123145456259072 Not Found: /ws/market/
WARNING 2025-10-27 14:40:19,381 log 20160 123145456259072 Not Found: /ws/market/
WARNING 2025-10-27 14:40:35,334 log 20160 123145456259072 Not Found: /ws/market/
INFO 2025-10-27 14:42:34,577 autoreload 20414 4533511680 Watching for file changes with StatReloader
INFO 2025-10-27 14:42:43,068 crypto_api_service 20414 123145514831872 CoinGecko API success: fetched 5 coins
INFO 2025-10-27 14:42:43,071 crypto_api_service 20414 123145514831872 Successfully fetched data from _fetch_from_coingecko
INFO 2025-10-27 14:42:43,086 crypto_api_service 20414 123145514831872 Updated 5 cryptocurrencies
WARNING 2025-10-27 14:42:43,328 log 20414 123145514831872 Not Found: /ws/market/
WARNING 2025-10-27 14:42:46,584 log 20414 123145514831872 Not Found: /ws/market/
INFO 2025-10-27 14:42:48,455 crypto_api_service 20414 123145531621376 CoinGecko API success: fetched 5 coins
INFO 2025-10-27 14:42:48,466 crypto_api_service 20414 123145531621376 Successfully fetched data from _fetch_from_coingecko
INFO 2025-10-27 14:42:48,477 crypto_api_service 20414 123145531621376 Updated 5 cryptocurrencies
WARNING 2025-10-27 14:42:48,618 log 20414 123145531621376 Not Found: /ws/market/
WARNING 2025-10-27 14:42:51,770 log 20414 123145548947456 Not Found: /ws/market/
INFO 2025-10-27 14:42:52,435 crypto_api_service 20414 123145514831872 CoinGecko API success: fetched 5 coins
INFO 2025-10-27 14:42:52,438 crypto_api_service 20414 123145514831872 Successfully fetched data from _fetch_from_coingecko
INFO 2025-10-27 14:42:52,453 crypto_api_service 20414 123145514831872 Updated 5 cryptocurrencies
WARNING 2025-10-27 14:42:52,610 log 20414 123145514831872 Not Found: /ws/market/
WARNING 2025-10-27 14:42:56,336 log 20414 123145514831872 Not Found: /ws/market/
INFO 2025-10-27 14:43:15,757 autoreload 20664 4377740800 Watching for file changes with StatReloader
INFO 2025-10-27 14:43:19,613 crypto_api_service 20664 123145593409536 CoinGecko API success: fetched 5 coins
INFO 2025-10-27 14:43:19,616 crypto_api_service 20664 123145593409536 Successfully fetched data from _fetch_from_coingecko
INFO 2025-10-27 14:43:19,630 crypto_api_service 20664 123145593409536 Updated 5 cryptocurrencies
WARNING 2025-10-27 14:43:19,849 log 20664 123145593409536 Not Found: /ws/market/
WARNING 2025-10-27 14:43:22,970 log 20664 123145593409536 Not Found: /ws/market/
WARNING 2025-10-27 14:43:29,567 log 20664 123145593409536 Not Found: /ws/market/
INFO 2025-10-27 14:43:33,438 crypto_api_service 20664 123145610199040 CoinGecko API success: fetched 5 coins
INFO 2025-10-27 14:43:33,440 crypto_api_service 20664 123145610199040 Successfully fetched data from _fetch_from_coingecko
INFO 2025-10-27 14:43:33,455 crypto_api_service 20664 123145610199040 Updated 5 cryptocurrencies
WARNING 2025-10-27 14:43:33,800 log 20664 123145610199040 Not Found: /ws/market/
WARNING 2025-10-27 14:43:37,878 log 20664 123145610199040 Not Found: /ws/market/
WARNING 2025-10-27 14:43:45,113 log 20664 123145610199040 Not Found: /ws/market/
WARNING 2025-10-27 14:43:57,250 log 20664 123145610199040 Not Found: /ws/market/
WARNING 2025-10-27 14:44:10,456 log 20664 123145610199040 Not Found: /ws/market/
WARNING 2025-10-27 14:44:29,932 log 20664 123145610199040 Not Found: /ws/market/
INFO 2025-10-27 14:44:46,718 crypto_api_service 20664 123145610199040 CoinGecko API success: fetched 5 coins
INFO 2025-10-27 14:44:46,721 crypto_api_service 20664 123145610199040 Successfully fetched data from _fetch_from_coingecko
INFO 2025-10-27 14:44:46,744 crypto_api_service 20664 123145610199040 Updated 5 cryptocurrencies
INFO 2025-10-27 14:44:51,112 crypto_api_service 20664 123145610199040 CoinGecko API success: fetched 5 coins
INFO 2025-10-27 14:44:51,116 crypto_api_service 20664 123145610199040 Successfully fetched data from _fetch_from_coingecko
INFO 2025-10-27 14:44:51,130 crypto_api_service 20664 123145610199040 Updated 5 cryptocurrencies
INFO 2025-10-27 14:45:21,288 crypto_api_service 20664 123145610199040 CoinGecko API success: fetched 5 coins
INFO 2025-10-27 14:45:21,292 crypto_api_service 20664 123145610199040 Successfully fetched data from _fetch_from_coingecko
INFO 2025-10-27 14:45:21,312 crypto_api_service 20664 123145610199040 Updated 5 cryptocurrencies
WARNING 2025-10-27 14:45:21,688 log 20664 123145610199040 Not Found: /ws/market/
WARNING 2025-10-27 14:45:25,317 log 20664 123145610199040 Not Found: /ws/market/
WARNING 2025-10-27 14:45:33,929 log 20664 123145610199040 Not Found: /ws/market/
WARNING 2025-10-27 14:45:43,378 log 20664 123145610199040 Not Found: /ws/market/
WARNING 2025-10-27 14:45:56,319 log 20664 123145610199040 Not Found: /ws/market/
INFO 2025-10-27 14:46:08,675 crypto_api_service 20664 123145593409536 CoinGecko API success: fetched 5 coins
INFO 2025-10-27 14:46:08,678 crypto_api_service 20664 123145593409536 Successfully fetched data from _fetch_from_coingecko
INFO 2025-10-27 14:46:08,695 crypto_api_service 20664 123145593409536 Updated 5 cryptocurrencies
WARNING 2025-10-27 14:46:09,076 log 20664 123145593409536 Not Found: /ws/market/
WARNING 2025-10-27 14:46:12,114 log 20664 123145593409536 Not Found: /ws/market/
INFO 2025-10-27 14:46:13,526 crypto_api_service 20664 123145610199040 CoinGecko API success: fetched 5 coins
INFO 2025-10-27 14:46:13,529 crypto_api_service 20664 123145610199040 Successfully fetched data from _fetch_from_coingecko
INFO 2025-10-27 14:46:13,539 crypto_api_service 20664 123145610199040 Updated 5 cryptocurrencies
WARNING 2025-10-27 14:46:13,805 log 20664 123145610199040 Not Found: /ws/market/
WARNING 2025-10-27 14:46:17,317 log 20664 123145610199040 Not Found: /ws/market/
WARNING 2025-10-27 14:46:23,349 log 20664 123145610199040 Not Found: /ws/market/
WARNING 2025-10-27 14:46:32,488 log 20664 123145610199040 Not Found: /ws/market/
INFO 2025-10-27 14:46:41,049 cli 20947 4814149120 Starting server at tcp:port=8000:interface=127.0.0.1
INFO 2025-10-27 14:46:41,050 server 20947 4814149120 HTTP/2 support enabled
INFO 2025-10-27 14:46:41,050 server 20947 4814149120 Configuring endpoint tcp:port=8000:interface=127.0.0.1
INFO 2025-10-27 14:46:41,051 server 20947 4814149120 Listening on TCP address 127.0.0.1:8000
INFO 2025-10-27 14:46:44,706 consumers 20947 4814149120 Market WebSocket connected: specific..inmemory!SseOpBvSiNXm
INFO 2025-10-27 14:46:46,394 crypto_api_service 20947 123145566547968 CoinGecko API success: fetched 5 coins
INFO 2025-10-27 14:46:46,398 crypto_api_service 20947 123145566547968 Successfully fetched data from _fetch_from_coingecko
INFO 2025-10-27 14:46:46,416 crypto_api_service 20947 123145566547968 Updated 5 cryptocurrencies
INFO 2025-10-27 14:46:46,554 consumers 20947 4814149120 Market WebSocket disconnected: specific..inmemory!SseOpBvSiNXm
WARNING 2025-10-27 14:46:46,597 log 20947 123145601200128 Not Found: /static/assets/js/websocket.js
INFO 2025-10-27 14:46:46,662 consumers 20947 4814149120 Market WebSocket connected: specific..inmemory!SutIxVOAmCJs
INFO 2025-10-27 14:47:08,253 crypto_api_service 20947 123145566547968 CoinGecko API success: fetched 5 coins
INFO 2025-10-27 14:47:08,256 crypto_api_service 20947 123145566547968 Successfully fetched data from _fetch_from_coingecko
INFO 2025-10-27 14:47:08,271 crypto_api_service 20947 123145566547968 Updated 5 cryptocurrencies
INFO 2025-10-27 14:47:08,360 consumers 20947 4814149120 Market WebSocket disconnected: specific..inmemory!SutIxVOAmCJs
WARNING 2025-10-27 14:47:08,406 log 20947 123145601200128 Not Found: /static/assets/js/websocket.js
INFO 2025-10-27 14:47:08,465 consumers 20947 4814149120 Market WebSocket connected: specific..inmemory!VAXUTnbFpubf
INFO 2025-10-27 14:48:04,990 crypto_api_service 20947 123145566547968 CoinGecko API success: fetched 5 coins
INFO 2025-10-27 14:48:04,993 crypto_api_service 20947 123145566547968 Successfully fetched data from _fetch_from_coingecko
INFO 2025-10-27 14:48:05,006 crypto_api_service 20947 123145566547968 Updated 5 cryptocurrencies
INFO 2025-10-27 14:48:05,096 consumers 20947 4814149120 Market WebSocket disconnected: specific..inmemory!VAXUTnbFpubf
WARNING 2025-10-27 14:48:05,149 log 20947 123145601200128 Not Found: /static/assets/js/websocket.js
INFO 2025-10-27 14:48:05,208 consumers 20947 4814149120 Market WebSocket connected: specific..inmemory!JBpSPInkAVMG
INFO 2025-10-27 14:49:57,708 server 20947 4814149120 Killed 1 pending application instances
INFO 2025-10-27 14:50:02,634 autoreload 21181 4359099904 Watching for file changes with StatReloader
INFO 2025-10-27 14:50:05,592 crypto_api_service 21181 123145455841280 CoinGecko API success: fetched 5 coins
INFO 2025-10-27 14:50:05,596 crypto_api_service 21181 123145455841280 Successfully fetched data from _fetch_from_coingecko
INFO 2025-10-27 14:50:05,613 crypto_api_service 21181 123145455841280 Updated 5 cryptocurrencies
ERROR 2025-10-27 14:50:05,722 log 21181 123145455841280 Internal Server Error: /dashboard/
Traceback (most recent call last):
  File "/Users/emmidev/.pyenv/versions/3.11.8/lib/python3.11/site-packages/django/template/base.py", line 510, in parse
    compile_func = self.tags[command]
                   ~~~~~~~~~^^^^^^^^^
KeyError: 'endblock'

During handling of the above exception, another exception occurred:

Traceback (most recent call last):
  File "/Users/emmidev/.pyenv/versions/3.11.8/lib/python3.11/site-packages/django/core/handlers/exception.py", line 55, in inner
    response = get_response(request)
               ^^^^^^^^^^^^^^^^^^^^^
  File "/Users/emmidev/.pyenv/versions/3.11.8/lib/python3.11/site-packages/django/core/handlers/base.py", line 197, in _get_response
    response = wrapped_callback(request, *callback_args, **callback_kwargs)
               ^^^^^^^^^^^^^^^^^^^^^^^^^^^^^^^^^^^^^^^^^^^^^^^^^^^^^^^^^^^^
  File "/Users/emmidev/.pyenv/versions/3.11.8/lib/python3.11/site-packages/django/contrib/auth/decorators.py", line 59, in _view_wrapper
    return view_func(request, *args, **kwargs)
           ^^^^^^^^^^^^^^^^^^^^^^^^^^^^^^^^^^^
  File "/Users/emmidev/Desktop/Projects/Backup/RBC/venex_app/user_views.py", line 103, in dashboard
    return render(request, 'jobs/admin_templates/dashboard.html', context)
           ^^^^^^^^^^^^^^^^^^^^^^^^^^^^^^^^^^^^^^^^^^^^^^^^^^^^^^^^^^^^^^^
  File "/Users/emmidev/.pyenv/versions/3.11.8/lib/python3.11/site-packages/django/shortcuts.py", line 25, in render
    content = loader.render_to_string(template_name, context, request, using=using)
              ^^^^^^^^^^^^^^^^^^^^^^^^^^^^^^^^^^^^^^^^^^^^^^^^^^^^^^^^^^^^^^^^^^^^^
  File "/Users/emmidev/.pyenv/versions/3.11.8/lib/python3.11/site-packages/django/template/loader.py", line 61, in render_to_string
    template = get_template(template_name, using=using)
               ^^^^^^^^^^^^^^^^^^^^^^^^^^^^^^^^^^^^^^^^
  File "/Users/emmidev/.pyenv/versions/3.11.8/lib/python3.11/site-packages/django/template/loader.py", line 15, in get_template
    return engine.get_template(template_name)
           ^^^^^^^^^^^^^^^^^^^^^^^^^^^^^^^^^^
  File "/Users/emmidev/.pyenv/versions/3.11.8/lib/python3.11/site-packages/django/template/backends/django.py", line 79, in get_template
    return Template(self.engine.get_template(template_name), self)
                    ^^^^^^^^^^^^^^^^^^^^^^^^^^^^^^^^^^^^^^^
  File "/Users/emmidev/.pyenv/versions/3.11.8/lib/python3.11/site-packages/django/template/engine.py", line 177, in get_template
    template, origin = self.find_template(template_name)
                       ^^^^^^^^^^^^^^^^^^^^^^^^^^^^^^^^^
  File "/Users/emmidev/.pyenv/versions/3.11.8/lib/python3.11/site-packages/django/template/engine.py", line 159, in find_template
    template = loader.get_template(name, skip=skip)
               ^^^^^^^^^^^^^^^^^^^^^^^^^^^^^^^^^^^^
  File "/Users/emmidev/.pyenv/versions/3.11.8/lib/python3.11/site-packages/django/template/loaders/cached.py", line 57, in get_template
    template = super().get_template(template_name, skip)
               ^^^^^^^^^^^^^^^^^^^^^^^^^^^^^^^^^^^^^^^^^
  File "/Users/emmidev/.pyenv/versions/3.11.8/lib/python3.11/site-packages/django/template/loaders/base.py", line 28, in get_template
    return Template(
           ^^^^^^^^^
  File "/Users/emmidev/.pyenv/versions/3.11.8/lib/python3.11/site-packages/django/template/base.py", line 154, in __init__
    self.nodelist = self.compile_nodelist()
                    ^^^^^^^^^^^^^^^^^^^^^^^
  File "/Users/emmidev/.pyenv/versions/3.11.8/lib/python3.11/site-packages/django/template/base.py", line 196, in compile_nodelist
    nodelist = parser.parse()
               ^^^^^^^^^^^^^^
  File "/Users/emmidev/.pyenv/versions/3.11.8/lib/python3.11/site-packages/django/template/base.py", line 512, in parse
    self.invalid_block_tag(token, command, parse_until)
  File "/Users/emmidev/.pyenv/versions/3.11.8/lib/python3.11/site-packages/django/template/base.py", line 577, in invalid_block_tag
    raise self.error(
django.template.exceptions.TemplateSyntaxError: Invalid block tag on line 382: 'endblock'. Did you forget to register or load this tag?
INFO 2025-10-27 14:50:21,787 crypto_api_service 21181 123145455841280 CoinGecko API success: fetched 5 coins
INFO 2025-10-27 14:50:21,791 crypto_api_service 21181 123145455841280 Successfully fetched data from _fetch_from_coingecko
INFO 2025-10-27 14:50:21,805 crypto_api_service 21181 123145455841280 Updated 5 cryptocurrencies
WARNING 2025-10-27 14:50:21,975 log 21181 123145489956864 Not Found: /ws/market/
WARNING 2025-10-27 14:50:25,083 log 21181 123145489956864 Not Found: /ws/market/
WARNING 2025-10-27 14:50:31,098 log 21181 123145489956864 Not Found: /ws/market/
INFO 2025-10-27 14:50:41,689 cli 21301 4691146240 Starting server at tcp:port=8000:interface=127.0.0.1
INFO 2025-10-27 14:50:41,689 server 21301 4691146240 HTTP/2 support enabled
INFO 2025-10-27 14:50:41,689 server 21301 4691146240 Configuring endpoint tcp:port=8000:interface=127.0.0.1
INFO 2025-10-27 14:50:41,691 server 21301 4691146240 Listening on TCP address 127.0.0.1:8000
INFO 2025-10-27 14:50:46,988 crypto_api_service 21301 123145334337536 CoinGecko API success: fetched 5 coins
INFO 2025-10-27 14:50:46,991 crypto_api_service 21301 123145334337536 Successfully fetched data from _fetch_from_coingecko
INFO 2025-10-27 14:50:47,009 crypto_api_service 21301 123145334337536 Updated 5 cryptocurrencies
INFO 2025-10-27 14:50:47,186 consumers 21301 4691146240 Market WebSocket connected: specific..inmemory!NXAQDAbFnmqE
INFO 2025-10-27 14:51:34,745 server 21301 4691146240 Killed 1 pending application instances
INFO 2025-10-27 14:51:39,119 autoreload 21461 4441531904 Watching for file changes with StatReloader
INFO 2025-10-27 14:51:43,314 crypto_api_service 21461 123145418477568 CoinGecko API success: fetched 5 coins
INFO 2025-10-27 14:51:43,318 crypto_api_service 21461 123145418477568 Successfully fetched data from _fetch_from_coingecko
INFO 2025-10-27 14:51:43,338 crypto_api_service 21461 123145418477568 Updated 5 cryptocurrencies
WARNING 2025-10-27 14:51:43,586 log 21461 123145453129728 Not Found: /ws/market/
WARNING 2025-10-27 14:51:46,642 log 21461 123145453129728 Not Found: /ws/market/
WARNING 2025-10-27 14:51:52,657 log 21461 123145452593152 Not Found: /ws/market/
INFO 2025-10-27 14:51:57,016 cli 21571 4682384896 Starting server at tcp:port=8000:interface=127.0.0.1
INFO 2025-10-27 14:51:57,016 server 21571 4682384896 HTTP/2 support enabled
INFO 2025-10-27 14:51:57,016 server 21571 4682384896 Configuring endpoint tcp:port=8000:interface=127.0.0.1
INFO 2025-10-27 14:51:57,017 server 21571 4682384896 Listening on TCP address 127.0.0.1:8000
INFO 2025-10-27 14:52:01,671 consumers 21571 4682384896 Market WebSocket connected: specific..inmemory!dfrihuHeMtUg
INFO 2025-10-27 14:52:03,150 crypto_api_service 21571 123145488371712 CoinGecko API success: fetched 5 coins
INFO 2025-10-27 14:52:03,152 crypto_api_service 21571 123145488371712 Successfully fetched data from _fetch_from_coingecko
INFO 2025-10-27 14:52:03,164 crypto_api_service 21571 123145488371712 Updated 5 cryptocurrencies
INFO 2025-10-27 14:52:03,271 consumers 21571 4682384896 Market WebSocket disconnected: specific..inmemory!dfrihuHeMtUg
INFO 2025-10-27 14:52:03,308 consumers 21571 4682384896 Market WebSocket connected: specific..inmemory!lSWFNYckqsax
INFO 2025-10-27 14:52:18,382 server 21571 4682384896 Killed 1 pending application instances
INFO 2025-10-27 14:53:01,792 autoreload 21794 4443350528 Watching for file changes with StatReloader
WARNING 2025-10-27 14:53:12,654 log 21794 123145589149696 Not Found: /ws/market/
INFO 2025-10-27 14:53:12,721 crypto_api_service 21794 123145554497536 CoinGecko API success: fetched 5 coins
INFO 2025-10-27 14:53:12,723 crypto_api_service 21794 123145554497536 Successfully fetched data from _fetch_from_coingecko
INFO 2025-10-27 14:53:12,742 crypto_api_service 21794 123145554497536 Updated 5 cryptocurrencies
INFO 2025-10-27 14:54:19,864 crypto_api_service 21794 123145571287040 CoinGecko API success: fetched 5 coins
INFO 2025-10-27 14:54:19,866 crypto_api_service 21794 123145571287040 Successfully fetched data from _fetch_from_coingecko
INFO 2025-10-27 14:54:19,892 crypto_api_service 21794 123145571287040 Updated 5 cryptocurrencies
INFO 2025-10-27 14:56:05,333 autoreload 21978 4441196032 Watching for file changes with StatReloader
INFO 2025-10-27 14:56:09,985 crypto_api_service 21978 123145570304000 CoinGecko API success: fetched 5 coins
INFO 2025-10-27 14:56:09,988 crypto_api_service 21978 123145570304000 Successfully fetched data from _fetch_from_coingecko
INFO 2025-10-27 14:56:10,006 crypto_api_service 21978 123145570304000 Updated 5 cryptocurrencies
WARNING 2025-10-27 14:56:10,259 log 21978 123145604956160 Not Found: /ws/market/
WARNING 2025-10-27 14:56:13,430 log 21978 123145604956160 Not Found: /ws/market/
WARNING 2025-10-27 14:56:20,253 log 21978 123145604419584 Not Found: /ws/market/
WARNING 2025-10-27 14:56:30,254 log 21978 123145604419584 Not Found: /ws/market/
WARNING 2025-10-27 14:56:42,465 log 21978 123145604419584 Not Found: /ws/market/
WARNING 2025-10-27 14:56:56,578 log 21978 123145604419584 Not Found: /ws/market/
WARNING 2025-10-27 14:56:59,651 log 21978 123145604419584 Not Found: /ws/market/
INFO 2025-10-27 14:57:05,297 cli 22112 4575249920 Starting server at tcp:port=8000:interface=127.0.0.1
INFO 2025-10-27 14:57:05,298 server 22112 4575249920 HTTP/2 support enabled
INFO 2025-10-27 14:57:05,298 server 22112 4575249920 Configuring endpoint tcp:port=8000:interface=127.0.0.1
INFO 2025-10-27 14:57:05,299 server 22112 4575249920 Listening on TCP address 127.0.0.1:8000
INFO 2025-10-27 14:57:06,846 consumers 22112 4575249920 Market WebSocket connected: specific..inmemory!rRwRsNmWXcgo
INFO 2025-10-27 14:57:10,264 crypto_api_service 22112 123145422360576 CoinGecko API success: fetched 5 coins
INFO 2025-10-27 14:57:10,267 crypto_api_service 22112 123145422360576 Successfully fetched data from _fetch_from_coingecko
INFO 2025-10-27 14:57:10,282 crypto_api_service 22112 123145422360576 Updated 5 cryptocurrencies
INFO 2025-10-27 14:57:10,594 consumers 22112 4575249920 Market WebSocket disconnected: specific..inmemory!rRwRsNmWXcgo
INFO 2025-10-27 14:57:10,598 consumers 22112 4575249920 Market WebSocket connected: specific..inmemory!LiIzfhOSLuzj
INFO 2025-10-27 14:57:12,137 crypto_api_service 22112 123145422360576 CoinGecko API success: fetched 5 coins
INFO 2025-10-27 14:57:12,141 crypto_api_service 22112 123145422360576 Successfully fetched data from _fetch_from_coingecko
INFO 2025-10-27 14:57:12,155 crypto_api_service 22112 123145422360576 Updated 5 cryptocurrencies
INFO 2025-10-27 14:57:12,228 consumers 22112 4575249920 Market WebSocket disconnected: specific..inmemory!LiIzfhOSLuzj
INFO 2025-10-27 14:57:12,272 consumers 22112 4575249920 Market WebSocket connected: specific..inmemory!JJZiPJAVJfxe
INFO 2025-10-27 14:57:54,065 server 22112 4575249920 Killed 1 pending application instances
INFO 2025-10-27 14:57:57,371 cli 22300 4524725760 Starting server at tcp:port=8000:interface=127.0.0.1
INFO 2025-10-27 14:57:57,372 server 22300 4524725760 HTTP/2 support enabled
INFO 2025-10-27 14:57:57,372 server 22300 4524725760 Configuring endpoint tcp:port=8000:interface=127.0.0.1
INFO 2025-10-27 14:57:57,373 server 22300 4524725760 Listening on TCP address 127.0.0.1:8000
INFO 2025-10-27 14:57:58,427 consumers 22300 4524725760 Market WebSocket connected: specific..inmemory!tGNybGKRWbnK
INFO 2025-10-27 14:58:01,487 crypto_api_service 22300 123145513533440 CoinGecko API success: fetched 5 coins
INFO 2025-10-27 14:58:01,489 crypto_api_service 22300 123145513533440 Successfully fetched data from _fetch_from_coingecko
INFO 2025-10-27 14:58:01,505 crypto_api_service 22300 123145513533440 Updated 5 cryptocurrencies
ERROR 2025-10-27 14:58:01,629 log 22300 123145531396096 Internal Server Error: /dashboard/
Traceback (most recent call last):
  File "/Users/emmidev/.pyenv/versions/3.11.8/lib/python3.11/site-packages/django/template/base.py", line 510, in parse
    compile_func = self.tags[command]
                   ~~~~~~~~~^^^^^^^^^
KeyError: 'endblock'

During handling of the above exception, another exception occurred:

Traceback (most recent call last):
  File "/Users/emmidev/.pyenv/versions/3.11.8/lib/python3.11/site-packages/asgiref/sync.py", line 552, in thread_handler
    raise exc_info[1]
  File "/Users/emmidev/.pyenv/versions/3.11.8/lib/python3.11/site-packages/django/core/handlers/exception.py", line 42, in inner
    response = await get_response(request)
               ^^^^^^^^^^^^^^^^^^^^^^^^^^^
  File "/Users/emmidev/.pyenv/versions/3.11.8/lib/python3.11/site-packages/asgiref/sync.py", line 552, in thread_handler
    raise exc_info[1]
  File "/Users/emmidev/.pyenv/versions/3.11.8/lib/python3.11/site-packages/django/core/handlers/base.py", line 253, in _get_response_async
    response = await wrapped_callback(
               ^^^^^^^^^^^^^^^^^^^^^^^
  File "/Users/emmidev/.pyenv/versions/3.11.8/lib/python3.11/site-packages/asgiref/sync.py", line 502, in __call__
    ret = await asyncio.shield(exec_coro)
          ^^^^^^^^^^^^^^^^^^^^^^^^^^^^^^^
  File "/Users/emmidev/.pyenv/versions/3.11.8/lib/python3.11/concurrent/futures/thread.py", line 58, in run
    result = self.fn(*self.args, **self.kwargs)
             ^^^^^^^^^^^^^^^^^^^^^^^^^^^^^^^^^^
  File "/Users/emmidev/.pyenv/versions/3.11.8/lib/python3.11/site-packages/asgiref/sync.py", line 556, in thread_handler
    return func(*args, **kwargs)
           ^^^^^^^^^^^^^^^^^^^^^
  File "/Users/emmidev/.pyenv/versions/3.11.8/lib/python3.11/site-packages/django/contrib/auth/decorators.py", line 59, in _view_wrapper
    return view_func(request, *args, **kwargs)
           ^^^^^^^^^^^^^^^^^^^^^^^^^^^^^^^^^^^
  File "/Users/emmidev/Desktop/Projects/Backup/RBC/venex_app/user_views.py", line 103, in dashboard
    return render(request, 'jobs/admin_templates/dashboard.html', context)
           ^^^^^^^^^^^^^^^^^^^^^^^^^^^^^^^^^^^^^^^^^^^^^^^^^^^^^^^^^^^^^^^
  File "/Users/emmidev/.pyenv/versions/3.11.8/lib/python3.11/site-packages/django/shortcuts.py", line 25, in render
    content = loader.render_to_string(template_name, context, request, using=using)
              ^^^^^^^^^^^^^^^^^^^^^^^^^^^^^^^^^^^^^^^^^^^^^^^^^^^^^^^^^^^^^^^^^^^^^
  File "/Users/emmidev/.pyenv/versions/3.11.8/lib/python3.11/site-packages/django/template/loader.py", line 61, in render_to_string
    template = get_template(template_name, using=using)
               ^^^^^^^^^^^^^^^^^^^^^^^^^^^^^^^^^^^^^^^^
  File "/Users/emmidev/.pyenv/versions/3.11.8/lib/python3.11/site-packages/django/template/loader.py", line 15, in get_template
    return engine.get_template(template_name)
           ^^^^^^^^^^^^^^^^^^^^^^^^^^^^^^^^^^
  File "/Users/emmidev/.pyenv/versions/3.11.8/lib/python3.11/site-packages/django/template/backends/django.py", line 79, in get_template
    return Template(self.engine.get_template(template_name), self)
                    ^^^^^^^^^^^^^^^^^^^^^^^^^^^^^^^^^^^^^^^
  File "/Users/emmidev/.pyenv/versions/3.11.8/lib/python3.11/site-packages/django/template/engine.py", line 177, in get_template
    template, origin = self.find_template(template_name)
                       ^^^^^^^^^^^^^^^^^^^^^^^^^^^^^^^^^
  File "/Users/emmidev/.pyenv/versions/3.11.8/lib/python3.11/site-packages/django/template/engine.py", line 159, in find_template
    template = loader.get_template(name, skip=skip)
               ^^^^^^^^^^^^^^^^^^^^^^^^^^^^^^^^^^^^
  File "/Users/emmidev/.pyenv/versions/3.11.8/lib/python3.11/site-packages/django/template/loaders/cached.py", line 57, in get_template
    template = super().get_template(template_name, skip)
               ^^^^^^^^^^^^^^^^^^^^^^^^^^^^^^^^^^^^^^^^^
  File "/Users/emmidev/.pyenv/versions/3.11.8/lib/python3.11/site-packages/django/template/loaders/base.py", line 28, in get_template
    return Template(
           ^^^^^^^^^
  File "/Users/emmidev/.pyenv/versions/3.11.8/lib/python3.11/site-packages/django/template/base.py", line 154, in __init__
    self.nodelist = self.compile_nodelist()
                    ^^^^^^^^^^^^^^^^^^^^^^^
  File "/Users/emmidev/.pyenv/versions/3.11.8/lib/python3.11/site-packages/django/template/base.py", line 196, in compile_nodelist
    nodelist = parser.parse()
               ^^^^^^^^^^^^^^
  File "/Users/emmidev/.pyenv/versions/3.11.8/lib/python3.11/site-packages/django/template/base.py", line 512, in parse
    self.invalid_block_tag(token, command, parse_until)
  File "/Users/emmidev/.pyenv/versions/3.11.8/lib/python3.11/site-packages/django/template/base.py", line 577, in invalid_block_tag
    raise self.error(
django.template.exceptions.TemplateSyntaxError: Invalid block tag on line 382: 'endblock'. Did you forget to register or load this tag?
INFO 2025-10-27 14:58:01,690 consumers 22300 4524725760 Market WebSocket disconnected: specific..inmemory!tGNybGKRWbnK
INFO 2025-10-27 14:58:20,726 crypto_api_service 22300 123145513533440 CoinGecko API success: fetched 5 coins
INFO 2025-10-27 14:58:20,729 crypto_api_service 22300 123145513533440 Successfully fetched data from _fetch_from_coingecko
INFO 2025-10-27 14:58:20,746 crypto_api_service 22300 123145513533440 Updated 5 cryptocurrencies
INFO 2025-10-27 14:58:20,987 consumers 22300 4524725760 Market WebSocket connected: specific..inmemory!MlddyzEuNAay
INFO 2025-10-27 14:58:50,859 crypto_api_service 22300 123145513533440 CoinGecko API success: fetched 5 coins
INFO 2025-10-27 14:58:50,861 crypto_api_service 22300 123145513533440 Successfully fetched data from _fetch_from_coingecko
INFO 2025-10-27 14:58:50,878 crypto_api_service 22300 123145513533440 Updated 5 cryptocurrencies
INFO 2025-10-27 14:58:50,954 consumers 22300 4524725760 Market WebSocket disconnected: specific..inmemory!MlddyzEuNAay
INFO 2025-10-27 14:58:51,011 consumers 22300 4524725760 Market WebSocket connected: specific..inmemory!EejqZBSfDqfk
INFO 2025-10-27 14:59:28,057 server 22300 4524725760 Killed 1 pending application instances
INFO 2025-10-27 14:59:32,724 autoreload 22516 4717381120 Watching for file changes with StatReloader
WARNING 2025-10-27 14:59:33,670 log 22516 123145518882816 Not Found: /ws/market/
INFO 2025-10-27 14:59:37,173 crypto_api_service 22516 123145518882816 CoinGecko API success: fetched 5 coins
INFO 2025-10-27 14:59:37,176 crypto_api_service 22516 123145518882816 Successfully fetched data from _fetch_from_coingecko
INFO 2025-10-27 14:59:37,193 crypto_api_service 22516 123145518882816 Updated 5 cryptocurrencies
INFO 2025-10-27 15:03:57,483 crypto_api_service 22516 123145518882816 CoinGecko API success: fetched 5 coins
INFO 2025-10-27 15:03:57,486 crypto_api_service 22516 123145518882816 Successfully fetched data from _fetch_from_coingecko
INFO 2025-10-27 15:03:57,501 crypto_api_service 22516 123145518882816 Updated 5 cryptocurrencies
INFO 2025-10-27 15:04:43,752 autoreload 22686 4460295680 Watching for file changes with StatReloader
INFO 2025-10-27 15:04:48,337 crypto_api_service 22686 123145549000704 CoinGecko API success: fetched 5 coins
INFO 2025-10-27 15:04:48,341 crypto_api_service 22686 123145549000704 Successfully fetched data from _fetch_from_coingecko
INFO 2025-10-27 15:04:48,359 crypto_api_service 22686 123145549000704 Updated 5 cryptocurrencies
WARNING 2025-10-27 15:04:48,596 log 22686 123145584189440 Not Found: /ws/market/
WARNING 2025-10-27 15:04:51,757 log 22686 123145584189440 Not Found: /ws/market/
WARNING 2025-10-27 15:04:58,288 log 22686 123145584189440 Not Found: /ws/market/
WARNING 2025-10-27 15:05:07,306 log 22686 123145584189440 Not Found: /ws/market/
INFO 2025-10-27 15:05:09,360 crypto_api_service 22686 123145549000704 CoinGecko API success: fetched 5 coins
INFO 2025-10-27 15:05:09,367 crypto_api_service 22686 123145549000704 Successfully fetched data from _fetch_from_coingecko
INFO 2025-10-27 15:05:09,379 crypto_api_service 22686 123145549000704 Updated 5 cryptocurrencies
WARNING 2025-10-27 15:05:09,528 log 22686 123145584189440 Not Found: /ws/market/
WARNING 2025-10-27 15:05:12,629 log 22686 123145584189440 Not Found: /ws/market/
INFO 2025-10-27 15:05:22,687 cli 22812 4558251520 Starting server at tcp:port=8000:interface=127.0.0.1
INFO 2025-10-27 15:05:22,687 server 22812 4558251520 HTTP/2 support enabled
INFO 2025-10-27 15:05:22,687 server 22812 4558251520 Configuring endpoint tcp:port=8000:interface=127.0.0.1
INFO 2025-10-27 15:05:22,688 server 22812 4558251520 Listening on TCP address 127.0.0.1:8000
INFO 2025-10-27 15:05:27,909 crypto_api_service 22812 123145507020800 CoinGecko API success: fetched 5 coins
INFO 2025-10-27 15:05:27,913 crypto_api_service 22812 123145507020800 Successfully fetched data from _fetch_from_coingecko
INFO 2025-10-27 15:05:27,927 crypto_api_service 22812 123145507020800 Updated 5 cryptocurrencies
INFO 2025-10-27 15:05:28,148 consumers 22812 4558251520 Market WebSocket connected: specific..inmemory!KWiBPHPsCUuo
INFO 2025-10-27 15:06:12,543 server 22812 4558251520 Killed 1 pending application instances
INFO 2025-10-27 15:06:16,953 autoreload 22980 4687341056 Watching for file changes with StatReloader
WARNING 2025-10-27 15:06:22,308 log 22980 123145515319296 Not Found: /ws/market/
INFO 2025-10-27 15:06:22,558 crypto_api_service 22980 123145480667136 CoinGecko API success: fetched 5 coins
INFO 2025-10-27 15:06:22,560 crypto_api_service 22980 123145480667136 Successfully fetched data from _fetch_from_coingecko
INFO 2025-10-27 15:06:22,577 crypto_api_service 22980 123145480667136 Updated 5 cryptocurrencies
WARNING 2025-10-27 15:06:22,789 log 22980 123145515319296 Not Found: /ws/market/
WARNING 2025-10-27 15:06:26,303 log 22980 123145515319296 Not Found: /ws/market/
INFO 2025-10-27 15:06:34,062 cli 23095 4537603584 Starting server at tcp:port=8000:interface=127.0.0.1
INFO 2025-10-27 15:06:34,063 server 23095 4537603584 HTTP/2 support enabled
INFO 2025-10-27 15:06:34,063 server 23095 4537603584 Configuring endpoint tcp:port=8000:interface=127.0.0.1
INFO 2025-10-27 15:06:34,064 server 23095 4537603584 Listening on TCP address 127.0.0.1:8000
INFO 2025-10-27 15:06:38,469 crypto_api_service 23095 123145417084928 CoinGecko API success: fetched 5 coins
INFO 2025-10-27 15:06:38,471 crypto_api_service 23095 123145417084928 Successfully fetched data from _fetch_from_coingecko
INFO 2025-10-27 15:06:38,490 crypto_api_service 23095 123145417084928 Updated 5 cryptocurrencies
INFO 2025-10-27 15:06:38,705 consumers 23095 4537603584 Market WebSocket connected: specific..inmemory!DrgfacrfqNrm
INFO 2025-10-27 15:08:01,087 server 23095 4537603584 Killed 1 pending application instances
INFO 2025-10-27 15:08:06,106 autoreload 23282 4518536704 Watching for file changes with StatReloader
WARNING 2025-10-27 15:08:10,316 log 23282 123145521823744 Not Found: /ws/market/
INFO 2025-10-27 15:08:12,501 crypto_api_service 23282 123145521823744 CoinGecko API success: fetched 5 coins
INFO 2025-10-27 15:08:12,504 crypto_api_service 23282 123145521823744 Successfully fetched data from _fetch_from_coingecko
INFO 2025-10-27 15:08:12,528 crypto_api_service 23282 123145521823744 Updated 5 cryptocurrencies
WARNING 2025-10-27 15:08:12,704 log 23282 123145557012480 Not Found: /ws/market/
WARNING 2025-10-27 15:08:15,975 log 23282 123145557012480 Not Found: /ws/market/
WARNING 2025-10-27 15:08:21,995 log 23282 123145557012480 Not Found: /ws/market/
WARNING 2025-10-27 15:08:31,306 log 23282 123145557012480 Not Found: /ws/market/
INFO 2025-10-27 15:08:46,227 cli 23415 4467197440 Starting server at tcp:port=8000:interface=127.0.0.1
INFO 2025-10-27 15:08:46,228 server 23415 4467197440 HTTP/2 support enabled
INFO 2025-10-27 15:08:46,228 server 23415 4467197440 Configuring endpoint tcp:port=8000:interface=127.0.0.1
INFO 2025-10-27 15:08:46,229 server 23415 4467197440 Listening on TCP address 127.0.0.1:8000
INFO 2025-10-27 15:08:59,360 consumers 23415 4467197440 Market WebSocket connected: specific..inmemory!gSIfypaUZOmG
INFO 2025-10-27 15:09:59,425 crypto_api_service 23415 123145547464704 CoinGecko API success: fetched 5 coins
INFO 2025-10-27 15:09:59,428 crypto_api_service 23415 123145547464704 Successfully fetched data from _fetch_from_coingecko
INFO 2025-10-27 15:09:59,448 crypto_api_service 23415 123145547464704 Updated 5 cryptocurrencies
INFO 2025-10-27 15:09:59,561 consumers 23415 4467197440 Market WebSocket disconnected: specific..inmemory!gSIfypaUZOmG
INFO 2025-10-27 15:09:59,620 consumers 23415 4467197440 Market WebSocket connected: specific..inmemory!JyJVcGbIdSiN
INFO 2025-10-27 15:10:09,318 consumers 23415 4467197440 Market WebSocket connected: specific..inmemory!oGAOkiwTctol
INFO 2025-10-27 15:10:09,430 consumers 23415 4467197440 Market WebSocket disconnected: specific..inmemory!JyJVcGbIdSiN
INFO 2025-10-27 15:10:11,857 consumers 23415 4467197440 Market WebSocket disconnected: specific..inmemory!oGAOkiwTctol
INFO 2025-10-27 15:10:11,925 consumers 23415 4467197440 Market WebSocket connected: specific..inmemory!RlsIktBxtCLv
INFO 2025-10-27 15:16:02,822 consumers 23415 4467197440 Market WebSocket connected: specific..inmemory!waQKUwLEmxse
INFO 2025-10-27 15:16:03,025 consumers 23415 4467197440 Market WebSocket disconnected: specific..inmemory!RlsIktBxtCLv
INFO 2025-10-27 15:16:07,258 crypto_api_service 23415 123145547464704 CoinGecko API success: fetched 5 coins
INFO 2025-10-27 15:16:07,261 crypto_api_service 23415 123145547464704 Successfully fetched data from _fetch_from_coingecko
INFO 2025-10-27 15:16:07,280 crypto_api_service 23415 123145547464704 Updated 5 cryptocurrencies
INFO 2025-10-27 15:16:07,282 user_views 23415 123145547464704 Cryptocurrency data updated successfully
INFO 2025-10-27 15:16:07,834 crypto_api_service 23415 123145547464704 CoinGecko API success: fetched 5 coins
INFO 2025-10-27 15:16:07,836 crypto_api_service 23415 123145547464704 Successfully fetched data from _fetch_from_coingecko
INFO 2025-10-27 15:16:07,853 crypto_api_service 23415 123145547464704 Updated 5 cryptocurrencies
INFO 2025-10-27 15:16:07,932 consumers 23415 4467197440 Market WebSocket disconnected: specific..inmemory!waQKUwLEmxse
INFO 2025-10-27 15:16:07,998 consumers 23415 4467197440 Market WebSocket connected: specific..inmemory!VdtXyLsgXTjc
INFO 2025-10-27 15:16:41,961 server 23415 4467197440 Killed 1 pending application instances
INFO 2025-10-27 15:16:46,187 autoreload 23780 4609283584 Watching for file changes with StatReloader
INFO 2025-10-27 15:16:50,034 crypto_api_service 23780 123145367670784 CoinGecko API success: fetched 5 coins
INFO 2025-10-27 15:16:50,037 crypto_api_service 23780 123145367670784 Successfully fetched data from _fetch_from_coingecko
INFO 2025-10-27 15:16:50,056 crypto_api_service 23780 123145367670784 Updated 5 cryptocurrencies
INFO 2025-10-27 15:17:34,803 crypto_api_service 23780 123145367670784 CoinGecko API success: fetched 5 coins
INFO 2025-10-27 15:17:34,806 crypto_api_service 23780 123145367670784 Successfully fetched data from _fetch_from_coingecko
INFO 2025-10-27 15:17:34,823 crypto_api_service 23780 123145367670784 Updated 5 cryptocurrencies
INFO 2025-10-27 15:22:09,343 autoreload 23942 4402390528 Watching for file changes with StatReloader
INFO 2025-10-27 15:22:14,306 crypto_api_service 23942 123145444032512 CoinGecko API success: fetched 5 coins
INFO 2025-10-27 15:22:14,316 crypto_api_service 23942 123145444032512 Successfully fetched data from _fetch_from_coingecko
INFO 2025-10-27 15:22:14,342 crypto_api_service 23942 123145444032512 Updated 5 cryptocurrencies
WARNING 2025-10-27 15:22:15,125 log 23942 123145478684672 Not Found: /ws/market/
WARNING 2025-10-27 15:22:19,571 log 23942 123145478148096 Not Found: /ws/market/
WARNING 2025-10-27 15:22:25,603 log 23942 123145478148096 Not Found: /ws/market/
WARNING 2025-10-27 15:22:35,708 log 23942 123145478148096 Not Found: /ws/market/
WARNING 2025-10-27 15:22:48,558 log 23942 123145478148096 Not Found: /ws/market/
WARNING 2025-10-27 15:23:04,824 log 23942 123145478148096 Not Found: /ws/market/
INFO 2025-10-27 15:23:13,541 crypto_api_service 23942 123145444032512 CoinGecko API success: fetched 5 coins
INFO 2025-10-27 15:23:13,547 crypto_api_service 23942 123145444032512 Successfully fetched data from _fetch_from_coingecko
INFO 2025-10-27 15:23:13,571 crypto_api_service 23942 123145444032512 Updated 5 cryptocurrencies
INFO 2025-10-27 15:24:53,604 crypto_api_service 23942 123145444032512 CoinGecko API success: fetched 5 coins
INFO 2025-10-27 15:24:53,607 crypto_api_service 23942 123145444032512 Successfully fetched data from _fetch_from_coingecko
INFO 2025-10-27 15:24:53,628 crypto_api_service 23942 123145444032512 Updated 5 cryptocurrencies
ERROR 2025-10-27 15:24:53,793 log 23942 123145444032512 Internal Server Error: /dashboard/
Traceback (most recent call last):
  File "/Users/emmidev/.pyenv/versions/3.11.8/lib/python3.11/site-packages/django/core/handlers/exception.py", line 55, in inner
    response = get_response(request)
               ^^^^^^^^^^^^^^^^^^^^^
  File "/Users/emmidev/.pyenv/versions/3.11.8/lib/python3.11/site-packages/django/core/handlers/base.py", line 197, in _get_response
    response = wrapped_callback(request, *callback_args, **callback_kwargs)
               ^^^^^^^^^^^^^^^^^^^^^^^^^^^^^^^^^^^^^^^^^^^^^^^^^^^^^^^^^^^^
  File "/Users/emmidev/.pyenv/versions/3.11.8/lib/python3.11/site-packages/django/contrib/auth/decorators.py", line 59, in _view_wrapper
    return view_func(request, *args, **kwargs)
           ^^^^^^^^^^^^^^^^^^^^^^^^^^^^^^^^^^^
  File "/Users/emmidev/Desktop/Projects/Backup/RBC/venex_app/user_views.py", line 103, in dashboard
    return render(request, 'jobs/admin_templates/dashboard.html', context)
           ^^^^^^^^^^^^^^^^^^^^^^^^^^^^^^^^^^^^^^^^^^^^^^^^^^^^^^^^^^^^^^^
  File "/Users/emmidev/.pyenv/versions/3.11.8/lib/python3.11/site-packages/django/shortcuts.py", line 25, in render
    content = loader.render_to_string(template_name, context, request, using=using)
              ^^^^^^^^^^^^^^^^^^^^^^^^^^^^^^^^^^^^^^^^^^^^^^^^^^^^^^^^^^^^^^^^^^^^^
  File "/Users/emmidev/.pyenv/versions/3.11.8/lib/python3.11/site-packages/django/template/loader.py", line 61, in render_to_string
    template = get_template(template_name, using=using)
               ^^^^^^^^^^^^^^^^^^^^^^^^^^^^^^^^^^^^^^^^
  File "/Users/emmidev/.pyenv/versions/3.11.8/lib/python3.11/site-packages/django/template/loader.py", line 15, in get_template
    return engine.get_template(template_name)
           ^^^^^^^^^^^^^^^^^^^^^^^^^^^^^^^^^^
  File "/Users/emmidev/.pyenv/versions/3.11.8/lib/python3.11/site-packages/django/template/backends/django.py", line 79, in get_template
    return Template(self.engine.get_template(template_name), self)
                    ^^^^^^^^^^^^^^^^^^^^^^^^^^^^^^^^^^^^^^^
  File "/Users/emmidev/.pyenv/versions/3.11.8/lib/python3.11/site-packages/django/template/engine.py", line 177, in get_template
    template, origin = self.find_template(template_name)
                       ^^^^^^^^^^^^^^^^^^^^^^^^^^^^^^^^^
  File "/Users/emmidev/.pyenv/versions/3.11.8/lib/python3.11/site-packages/django/template/engine.py", line 159, in find_template
    template = loader.get_template(name, skip=skip)
               ^^^^^^^^^^^^^^^^^^^^^^^^^^^^^^^^^^^^
  File "/Users/emmidev/.pyenv/versions/3.11.8/lib/python3.11/site-packages/django/template/loaders/cached.py", line 57, in get_template
    template = super().get_template(template_name, skip)
               ^^^^^^^^^^^^^^^^^^^^^^^^^^^^^^^^^^^^^^^^^
  File "/Users/emmidev/.pyenv/versions/3.11.8/lib/python3.11/site-packages/django/template/loaders/base.py", line 28, in get_template
    return Template(
           ^^^^^^^^^
  File "/Users/emmidev/.pyenv/versions/3.11.8/lib/python3.11/site-packages/django/template/base.py", line 154, in __init__
    self.nodelist = self.compile_nodelist()
                    ^^^^^^^^^^^^^^^^^^^^^^^
  File "/Users/emmidev/.pyenv/versions/3.11.8/lib/python3.11/site-packages/django/template/base.py", line 196, in compile_nodelist
    nodelist = parser.parse()
               ^^^^^^^^^^^^^^
  File "/Users/emmidev/.pyenv/versions/3.11.8/lib/python3.11/site-packages/django/template/base.py", line 518, in parse
    raise self.error(token, e)
  File "/Users/emmidev/.pyenv/versions/3.11.8/lib/python3.11/site-packages/django/template/base.py", line 516, in parse
    compiled_result = compile_func(self, token)
                      ^^^^^^^^^^^^^^^^^^^^^^^^^
  File "/Users/emmidev/.pyenv/versions/3.11.8/lib/python3.11/site-packages/django/template/loader_tags.py", line 299, in do_extends
    nodelist = parser.parse()
               ^^^^^^^^^^^^^^
  File "/Users/emmidev/.pyenv/versions/3.11.8/lib/python3.11/site-packages/django/template/base.py", line 518, in parse
    raise self.error(token, e)
  File "/Users/emmidev/.pyenv/versions/3.11.8/lib/python3.11/site-packages/django/template/base.py", line 516, in parse
    compiled_result = compile_func(self, token)
                      ^^^^^^^^^^^^^^^^^^^^^^^^^
  File "/Users/emmidev/.pyenv/versions/3.11.8/lib/python3.11/site-packages/django/template/loader_tags.py", line 234, in do_block
    nodelist = parser.parse(("endblock",))
               ^^^^^^^^^^^^^^^^^^^^^^^^^^^
  File "/Users/emmidev/.pyenv/versions/3.11.8/lib/python3.11/site-packages/django/template/base.py", line 523, in parse
    self.unclosed_block_tag(parse_until)
  File "/Users/emmidev/.pyenv/versions/3.11.8/lib/python3.11/site-packages/django/template/base.py", line 590, in unclosed_block_tag
    raise self.error(token, msg)
django.template.exceptions.TemplateSyntaxError: Unclosed tag on line 175: 'block'. Looking for one of: endblock.
INFO 2025-10-27 15:25:08,345 crypto_api_service 23942 123145444032512 CoinGecko API success: fetched 5 coins
INFO 2025-10-27 15:25:08,350 crypto_api_service 23942 123145444032512 Successfully fetched data from _fetch_from_coingecko
INFO 2025-10-27 15:25:08,368 crypto_api_service 23942 123145444032512 Updated 5 cryptocurrencies
ERROR 2025-10-27 15:25:08,477 log 23942 123145444032512 Internal Server Error: /dashboard/
Traceback (most recent call last):
  File "/Users/emmidev/.pyenv/versions/3.11.8/lib/python3.11/site-packages/django/core/handlers/exception.py", line 55, in inner
    response = get_response(request)
               ^^^^^^^^^^^^^^^^^^^^^
  File "/Users/emmidev/.pyenv/versions/3.11.8/lib/python3.11/site-packages/django/core/handlers/base.py", line 197, in _get_response
    response = wrapped_callback(request, *callback_args, **callback_kwargs)
               ^^^^^^^^^^^^^^^^^^^^^^^^^^^^^^^^^^^^^^^^^^^^^^^^^^^^^^^^^^^^
  File "/Users/emmidev/.pyenv/versions/3.11.8/lib/python3.11/site-packages/django/contrib/auth/decorators.py", line 59, in _view_wrapper
    return view_func(request, *args, **kwargs)
           ^^^^^^^^^^^^^^^^^^^^^^^^^^^^^^^^^^^
  File "/Users/emmidev/Desktop/Projects/Backup/RBC/venex_app/user_views.py", line 103, in dashboard
    return render(request, 'jobs/admin_templates/dashboard.html', context)
           ^^^^^^^^^^^^^^^^^^^^^^^^^^^^^^^^^^^^^^^^^^^^^^^^^^^^^^^^^^^^^^^
  File "/Users/emmidev/.pyenv/versions/3.11.8/lib/python3.11/site-packages/django/shortcuts.py", line 25, in render
    content = loader.render_to_string(template_name, context, request, using=using)
              ^^^^^^^^^^^^^^^^^^^^^^^^^^^^^^^^^^^^^^^^^^^^^^^^^^^^^^^^^^^^^^^^^^^^^
  File "/Users/emmidev/.pyenv/versions/3.11.8/lib/python3.11/site-packages/django/template/loader.py", line 61, in render_to_string
    template = get_template(template_name, using=using)
               ^^^^^^^^^^^^^^^^^^^^^^^^^^^^^^^^^^^^^^^^
  File "/Users/emmidev/.pyenv/versions/3.11.8/lib/python3.11/site-packages/django/template/loader.py", line 15, in get_template
    return engine.get_template(template_name)
           ^^^^^^^^^^^^^^^^^^^^^^^^^^^^^^^^^^
  File "/Users/emmidev/.pyenv/versions/3.11.8/lib/python3.11/site-packages/django/template/backends/django.py", line 79, in get_template
    return Template(self.engine.get_template(template_name), self)
                    ^^^^^^^^^^^^^^^^^^^^^^^^^^^^^^^^^^^^^^^
  File "/Users/emmidev/.pyenv/versions/3.11.8/lib/python3.11/site-packages/django/template/engine.py", line 177, in get_template
    template, origin = self.find_template(template_name)
                       ^^^^^^^^^^^^^^^^^^^^^^^^^^^^^^^^^
  File "/Users/emmidev/.pyenv/versions/3.11.8/lib/python3.11/site-packages/django/template/engine.py", line 159, in find_template
    template = loader.get_template(name, skip=skip)
               ^^^^^^^^^^^^^^^^^^^^^^^^^^^^^^^^^^^^
  File "/Users/emmidev/.pyenv/versions/3.11.8/lib/python3.11/site-packages/django/template/loaders/cached.py", line 57, in get_template
    template = super().get_template(template_name, skip)
               ^^^^^^^^^^^^^^^^^^^^^^^^^^^^^^^^^^^^^^^^^
  File "/Users/emmidev/.pyenv/versions/3.11.8/lib/python3.11/site-packages/django/template/loaders/base.py", line 28, in get_template
    return Template(
           ^^^^^^^^^
  File "/Users/emmidev/.pyenv/versions/3.11.8/lib/python3.11/site-packages/django/template/base.py", line 154, in __init__
    self.nodelist = self.compile_nodelist()
                    ^^^^^^^^^^^^^^^^^^^^^^^
  File "/Users/emmidev/.pyenv/versions/3.11.8/lib/python3.11/site-packages/django/template/base.py", line 196, in compile_nodelist
    nodelist = parser.parse()
               ^^^^^^^^^^^^^^
  File "/Users/emmidev/.pyenv/versions/3.11.8/lib/python3.11/site-packages/django/template/base.py", line 518, in parse
    raise self.error(token, e)
  File "/Users/emmidev/.pyenv/versions/3.11.8/lib/python3.11/site-packages/django/template/base.py", line 516, in parse
    compiled_result = compile_func(self, token)
                      ^^^^^^^^^^^^^^^^^^^^^^^^^
  File "/Users/emmidev/.pyenv/versions/3.11.8/lib/python3.11/site-packages/django/template/loader_tags.py", line 299, in do_extends
    nodelist = parser.parse()
               ^^^^^^^^^^^^^^
  File "/Users/emmidev/.pyenv/versions/3.11.8/lib/python3.11/site-packages/django/template/base.py", line 518, in parse
    raise self.error(token, e)
  File "/Users/emmidev/.pyenv/versions/3.11.8/lib/python3.11/site-packages/django/template/base.py", line 516, in parse
    compiled_result = compile_func(self, token)
                      ^^^^^^^^^^^^^^^^^^^^^^^^^
  File "/Users/emmidev/.pyenv/versions/3.11.8/lib/python3.11/site-packages/django/template/loader_tags.py", line 234, in do_block
    nodelist = parser.parse(("endblock",))
               ^^^^^^^^^^^^^^^^^^^^^^^^^^^
  File "/Users/emmidev/.pyenv/versions/3.11.8/lib/python3.11/site-packages/django/template/base.py", line 518, in parse
    raise self.error(token, e)
  File "/Users/emmidev/.pyenv/versions/3.11.8/lib/python3.11/site-packages/django/template/base.py", line 516, in parse
    compiled_result = compile_func(self, token)
                      ^^^^^^^^^^^^^^^^^^^^^^^^^
  File "/Users/emmidev/.pyenv/versions/3.11.8/lib/python3.11/site-packages/django/template/loader_tags.py", line 234, in do_block
    nodelist = parser.parse(("endblock",))
               ^^^^^^^^^^^^^^^^^^^^^^^^^^^
  File "/Users/emmidev/.pyenv/versions/3.11.8/lib/python3.11/site-packages/django/template/base.py", line 523, in parse
    self.unclosed_block_tag(parse_until)
  File "/Users/emmidev/.pyenv/versions/3.11.8/lib/python3.11/site-packages/django/template/base.py", line 590, in unclosed_block_tag
    raise self.error(token, msg)
django.template.exceptions.TemplateSyntaxError: Unclosed tag on line 174: 'block'. Looking for one of: endblock.
INFO 2025-10-27 15:25:49,637 crypto_api_service 23942 123145444032512 CoinGecko API success: fetched 5 coins
INFO 2025-10-27 15:25:49,639 crypto_api_service 23942 123145444032512 Successfully fetched data from _fetch_from_coingecko
INFO 2025-10-27 15:25:49,655 crypto_api_service 23942 123145444032512 Updated 5 cryptocurrencies
ERROR 2025-10-27 15:25:49,759 log 23942 123145444032512 Internal Server Error: /dashboard/
Traceback (most recent call last):
  File "/Users/emmidev/.pyenv/versions/3.11.8/lib/python3.11/site-packages/django/core/handlers/exception.py", line 55, in inner
    response = get_response(request)
               ^^^^^^^^^^^^^^^^^^^^^
  File "/Users/emmidev/.pyenv/versions/3.11.8/lib/python3.11/site-packages/django/core/handlers/base.py", line 197, in _get_response
    response = wrapped_callback(request, *callback_args, **callback_kwargs)
               ^^^^^^^^^^^^^^^^^^^^^^^^^^^^^^^^^^^^^^^^^^^^^^^^^^^^^^^^^^^^
  File "/Users/emmidev/.pyenv/versions/3.11.8/lib/python3.11/site-packages/django/contrib/auth/decorators.py", line 59, in _view_wrapper
    return view_func(request, *args, **kwargs)
           ^^^^^^^^^^^^^^^^^^^^^^^^^^^^^^^^^^^
  File "/Users/emmidev/Desktop/Projects/Backup/RBC/venex_app/user_views.py", line 103, in dashboard
    return render(request, 'jobs/admin_templates/dashboard.html', context)
           ^^^^^^^^^^^^^^^^^^^^^^^^^^^^^^^^^^^^^^^^^^^^^^^^^^^^^^^^^^^^^^^
  File "/Users/emmidev/.pyenv/versions/3.11.8/lib/python3.11/site-packages/django/shortcuts.py", line 25, in render
    content = loader.render_to_string(template_name, context, request, using=using)
              ^^^^^^^^^^^^^^^^^^^^^^^^^^^^^^^^^^^^^^^^^^^^^^^^^^^^^^^^^^^^^^^^^^^^^
  File "/Users/emmidev/.pyenv/versions/3.11.8/lib/python3.11/site-packages/django/template/loader.py", line 61, in render_to_string
    template = get_template(template_name, using=using)
               ^^^^^^^^^^^^^^^^^^^^^^^^^^^^^^^^^^^^^^^^
  File "/Users/emmidev/.pyenv/versions/3.11.8/lib/python3.11/site-packages/django/template/loader.py", line 15, in get_template
    return engine.get_template(template_name)
           ^^^^^^^^^^^^^^^^^^^^^^^^^^^^^^^^^^
  File "/Users/emmidev/.pyenv/versions/3.11.8/lib/python3.11/site-packages/django/template/backends/django.py", line 79, in get_template
    return Template(self.engine.get_template(template_name), self)
                    ^^^^^^^^^^^^^^^^^^^^^^^^^^^^^^^^^^^^^^^
  File "/Users/emmidev/.pyenv/versions/3.11.8/lib/python3.11/site-packages/django/template/engine.py", line 177, in get_template
    template, origin = self.find_template(template_name)
                       ^^^^^^^^^^^^^^^^^^^^^^^^^^^^^^^^^
  File "/Users/emmidev/.pyenv/versions/3.11.8/lib/python3.11/site-packages/django/template/engine.py", line 159, in find_template
    template = loader.get_template(name, skip=skip)
               ^^^^^^^^^^^^^^^^^^^^^^^^^^^^^^^^^^^^
  File "/Users/emmidev/.pyenv/versions/3.11.8/lib/python3.11/site-packages/django/template/loaders/cached.py", line 57, in get_template
    template = super().get_template(template_name, skip)
               ^^^^^^^^^^^^^^^^^^^^^^^^^^^^^^^^^^^^^^^^^
  File "/Users/emmidev/.pyenv/versions/3.11.8/lib/python3.11/site-packages/django/template/loaders/base.py", line 28, in get_template
    return Template(
           ^^^^^^^^^
  File "/Users/emmidev/.pyenv/versions/3.11.8/lib/python3.11/site-packages/django/template/base.py", line 154, in __init__
    self.nodelist = self.compile_nodelist()
                    ^^^^^^^^^^^^^^^^^^^^^^^
  File "/Users/emmidev/.pyenv/versions/3.11.8/lib/python3.11/site-packages/django/template/base.py", line 196, in compile_nodelist
    nodelist = parser.parse()
               ^^^^^^^^^^^^^^
  File "/Users/emmidev/.pyenv/versions/3.11.8/lib/python3.11/site-packages/django/template/base.py", line 518, in parse
    raise self.error(token, e)
  File "/Users/emmidev/.pyenv/versions/3.11.8/lib/python3.11/site-packages/django/template/base.py", line 516, in parse
    compiled_result = compile_func(self, token)
                      ^^^^^^^^^^^^^^^^^^^^^^^^^
  File "/Users/emmidev/.pyenv/versions/3.11.8/lib/python3.11/site-packages/django/template/loader_tags.py", line 299, in do_extends
    nodelist = parser.parse()
               ^^^^^^^^^^^^^^
  File "/Users/emmidev/.pyenv/versions/3.11.8/lib/python3.11/site-packages/django/template/base.py", line 518, in parse
    raise self.error(token, e)
  File "/Users/emmidev/.pyenv/versions/3.11.8/lib/python3.11/site-packages/django/template/base.py", line 516, in parse
    compiled_result = compile_func(self, token)
                      ^^^^^^^^^^^^^^^^^^^^^^^^^
  File "/Users/emmidev/.pyenv/versions/3.11.8/lib/python3.11/site-packages/django/template/loader_tags.py", line 234, in do_block
    nodelist = parser.parse(("endblock",))
               ^^^^^^^^^^^^^^^^^^^^^^^^^^^
  File "/Users/emmidev/.pyenv/versions/3.11.8/lib/python3.11/site-packages/django/template/base.py", line 518, in parse
    raise self.error(token, e)
  File "/Users/emmidev/.pyenv/versions/3.11.8/lib/python3.11/site-packages/django/template/base.py", line 516, in parse
    compiled_result = compile_func(self, token)
                      ^^^^^^^^^^^^^^^^^^^^^^^^^
  File "/Users/emmidev/.pyenv/versions/3.11.8/lib/python3.11/site-packages/django/template/loader_tags.py", line 234, in do_block
    nodelist = parser.parse(("endblock",))
               ^^^^^^^^^^^^^^^^^^^^^^^^^^^
  File "/Users/emmidev/.pyenv/versions/3.11.8/lib/python3.11/site-packages/django/template/base.py", line 523, in parse
    self.unclosed_block_tag(parse_until)
  File "/Users/emmidev/.pyenv/versions/3.11.8/lib/python3.11/site-packages/django/template/base.py", line 590, in unclosed_block_tag
    raise self.error(token, msg)
django.template.exceptions.TemplateSyntaxError: Unclosed tag on line 174: 'block'. Looking for one of: endblock.
INFO 2025-10-27 15:28:54,331 autoreload 24271 4449404416 Watching for file changes with StatReloader
INFO 2025-10-27 15:29:00,418 crypto_api_service 24271 123145506394112 CoinGecko API success: fetched 5 coins
INFO 2025-10-27 15:29:00,421 crypto_api_service 24271 123145506394112 Successfully fetched data from _fetch_from_coingecko
INFO 2025-10-27 15:29:00,439 crypto_api_service 24271 123145506394112 Updated 5 cryptocurrencies
ERROR 2025-10-27 15:29:00,559 log 24271 123145506394112 Internal Server Error: /dashboard/
Traceback (most recent call last):
  File "/Users/emmidev/.pyenv/versions/3.11.8/lib/python3.11/site-packages/django/core/handlers/exception.py", line 55, in inner
    response = get_response(request)
               ^^^^^^^^^^^^^^^^^^^^^
  File "/Users/emmidev/.pyenv/versions/3.11.8/lib/python3.11/site-packages/django/core/handlers/base.py", line 197, in _get_response
    response = wrapped_callback(request, *callback_args, **callback_kwargs)
               ^^^^^^^^^^^^^^^^^^^^^^^^^^^^^^^^^^^^^^^^^^^^^^^^^^^^^^^^^^^^
  File "/Users/emmidev/.pyenv/versions/3.11.8/lib/python3.11/site-packages/django/contrib/auth/decorators.py", line 59, in _view_wrapper
    return view_func(request, *args, **kwargs)
           ^^^^^^^^^^^^^^^^^^^^^^^^^^^^^^^^^^^
  File "/Users/emmidev/Desktop/Projects/Backup/RBC/venex_app/user_views.py", line 103, in dashboard
    return render(request, 'jobs/admin_templates/dashboard.html', context)
           ^^^^^^^^^^^^^^^^^^^^^^^^^^^^^^^^^^^^^^^^^^^^^^^^^^^^^^^^^^^^^^^
  File "/Users/emmidev/.pyenv/versions/3.11.8/lib/python3.11/site-packages/django/shortcuts.py", line 25, in render
    content = loader.render_to_string(template_name, context, request, using=using)
              ^^^^^^^^^^^^^^^^^^^^^^^^^^^^^^^^^^^^^^^^^^^^^^^^^^^^^^^^^^^^^^^^^^^^^
  File "/Users/emmidev/.pyenv/versions/3.11.8/lib/python3.11/site-packages/django/template/loader.py", line 61, in render_to_string
    template = get_template(template_name, using=using)
               ^^^^^^^^^^^^^^^^^^^^^^^^^^^^^^^^^^^^^^^^
  File "/Users/emmidev/.pyenv/versions/3.11.8/lib/python3.11/site-packages/django/template/loader.py", line 15, in get_template
    return engine.get_template(template_name)
           ^^^^^^^^^^^^^^^^^^^^^^^^^^^^^^^^^^
  File "/Users/emmidev/.pyenv/versions/3.11.8/lib/python3.11/site-packages/django/template/backends/django.py", line 79, in get_template
    return Template(self.engine.get_template(template_name), self)
                    ^^^^^^^^^^^^^^^^^^^^^^^^^^^^^^^^^^^^^^^
  File "/Users/emmidev/.pyenv/versions/3.11.8/lib/python3.11/site-packages/django/template/engine.py", line 177, in get_template
    template, origin = self.find_template(template_name)
                       ^^^^^^^^^^^^^^^^^^^^^^^^^^^^^^^^^
  File "/Users/emmidev/.pyenv/versions/3.11.8/lib/python3.11/site-packages/django/template/engine.py", line 159, in find_template
    template = loader.get_template(name, skip=skip)
               ^^^^^^^^^^^^^^^^^^^^^^^^^^^^^^^^^^^^
  File "/Users/emmidev/.pyenv/versions/3.11.8/lib/python3.11/site-packages/django/template/loaders/cached.py", line 57, in get_template
    template = super().get_template(template_name, skip)
               ^^^^^^^^^^^^^^^^^^^^^^^^^^^^^^^^^^^^^^^^^
  File "/Users/emmidev/.pyenv/versions/3.11.8/lib/python3.11/site-packages/django/template/loaders/base.py", line 28, in get_template
    return Template(
           ^^^^^^^^^
  File "/Users/emmidev/.pyenv/versions/3.11.8/lib/python3.11/site-packages/django/template/base.py", line 154, in __init__
    self.nodelist = self.compile_nodelist()
                    ^^^^^^^^^^^^^^^^^^^^^^^
  File "/Users/emmidev/.pyenv/versions/3.11.8/lib/python3.11/site-packages/django/template/base.py", line 196, in compile_nodelist
    nodelist = parser.parse()
               ^^^^^^^^^^^^^^
  File "/Users/emmidev/.pyenv/versions/3.11.8/lib/python3.11/site-packages/django/template/base.py", line 518, in parse
    raise self.error(token, e)
  File "/Users/emmidev/.pyenv/versions/3.11.8/lib/python3.11/site-packages/django/template/base.py", line 516, in parse
    compiled_result = compile_func(self, token)
                      ^^^^^^^^^^^^^^^^^^^^^^^^^
  File "/Users/emmidev/.pyenv/versions/3.11.8/lib/python3.11/site-packages/django/template/loader_tags.py", line 299, in do_extends
    nodelist = parser.parse()
               ^^^^^^^^^^^^^^
  File "/Users/emmidev/.pyenv/versions/3.11.8/lib/python3.11/site-packages/django/template/base.py", line 518, in parse
    raise self.error(token, e)
  File "/Users/emmidev/.pyenv/versions/3.11.8/lib/python3.11/site-packages/django/template/base.py", line 516, in parse
    compiled_result = compile_func(self, token)
                      ^^^^^^^^^^^^^^^^^^^^^^^^^
  File "/Users/emmidev/.pyenv/versions/3.11.8/lib/python3.11/site-packages/django/template/loader_tags.py", line 234, in do_block
    nodelist = parser.parse(("endblock",))
               ^^^^^^^^^^^^^^^^^^^^^^^^^^^
  File "/Users/emmidev/.pyenv/versions/3.11.8/lib/python3.11/site-packages/django/template/base.py", line 523, in parse
    self.unclosed_block_tag(parse_until)
  File "/Users/emmidev/.pyenv/versions/3.11.8/lib/python3.11/site-packages/django/template/base.py", line 590, in unclosed_block_tag
    raise self.error(token, msg)
django.template.exceptions.TemplateSyntaxError: Unclosed tag on line 6: 'block'. Looking for one of: endblock.
INFO 2025-10-27 15:29:27,967 crypto_api_service 24271 123145506394112 CoinGecko API success: fetched 5 coins
INFO 2025-10-27 15:29:27,971 crypto_api_service 24271 123145506394112 Successfully fetched data from _fetch_from_coingecko
INFO 2025-10-27 15:29:27,992 crypto_api_service 24271 123145506394112 Updated 5 cryptocurrencies
INFO 2025-10-27 15:33:14,018 crypto_api_service 24271 123145506394112 CoinGecko API success: fetched 5 coins
INFO 2025-10-27 15:33:14,022 crypto_api_service 24271 123145506394112 Successfully fetched data from _fetch_from_coingecko
INFO 2025-10-27 15:33:14,044 crypto_api_service 24271 123145506394112 Updated 5 cryptocurrencies
INFO 2025-10-27 15:33:53,462 crypto_api_service 24271 123145506394112 CoinGecko API success: fetched 5 coins
INFO 2025-10-27 15:33:53,467 crypto_api_service 24271 123145506394112 Successfully fetched data from _fetch_from_coingecko
INFO 2025-10-27 15:33:53,495 crypto_api_service 24271 123145506394112 Updated 5 cryptocurrencies
INFO 2025-10-27 15:34:34,594 crypto_api_service 24271 123145506394112 CoinGecko API success: fetched 5 coins
INFO 2025-10-27 15:34:34,597 crypto_api_service 24271 123145506394112 Successfully fetched data from _fetch_from_coingecko
INFO 2025-10-27 15:34:34,616 crypto_api_service 24271 123145506394112 Updated 5 cryptocurrencies
INFO 2025-10-27 15:34:52,875 crypto_api_service 24271 123145506394112 CoinGecko API success: fetched 5 coins
INFO 2025-10-27 15:34:52,879 crypto_api_service 24271 123145506394112 Successfully fetched data from _fetch_from_coingecko
INFO 2025-10-27 15:34:52,893 crypto_api_service 24271 123145506394112 Updated 5 cryptocurrencies
INFO 2025-10-27 15:36:09,678 crypto_api_service 24271 123145506394112 CoinGecko API success: fetched 5 coins
INFO 2025-10-27 15:36:09,681 crypto_api_service 24271 123145506394112 Successfully fetched data from _fetch_from_coingecko
INFO 2025-10-27 15:36:09,698 crypto_api_service 24271 123145506394112 Updated 5 cryptocurrencies
INFO 2025-10-27 15:37:01,128 crypto_api_service 24271 123145506394112 CoinGecko API success: fetched 5 coins
INFO 2025-10-27 15:37:01,131 crypto_api_service 24271 123145506394112 Successfully fetched data from _fetch_from_coingecko
INFO 2025-10-27 15:37:01,145 crypto_api_service 24271 123145506394112 Updated 5 cryptocurrencies
INFO 2025-10-27 15:38:09,220 crypto_api_service 24271 123145506394112 CoinGecko API success: fetched 5 coins
INFO 2025-10-27 15:38:09,223 crypto_api_service 24271 123145506394112 Successfully fetched data from _fetch_from_coingecko
INFO 2025-10-27 15:38:09,237 crypto_api_service 24271 123145506394112 Updated 5 cryptocurrencies
ERROR 2025-10-27 15:38:09,349 log 24271 123145506394112 Internal Server Error: /dashboard/
Traceback (most recent call last):
  File "/Users/emmidev/.pyenv/versions/3.11.8/lib/python3.11/site-packages/django/template/base.py", line 510, in parse
    compile_func = self.tags[command]
                   ~~~~~~~~~^^^^^^^^^
KeyError: 'main_content'

During handling of the above exception, another exception occurred:

Traceback (most recent call last):
  File "/Users/emmidev/.pyenv/versions/3.11.8/lib/python3.11/site-packages/django/core/handlers/exception.py", line 55, in inner
    response = get_response(request)
               ^^^^^^^^^^^^^^^^^^^^^
  File "/Users/emmidev/.pyenv/versions/3.11.8/lib/python3.11/site-packages/django/core/handlers/base.py", line 197, in _get_response
    response = wrapped_callback(request, *callback_args, **callback_kwargs)
               ^^^^^^^^^^^^^^^^^^^^^^^^^^^^^^^^^^^^^^^^^^^^^^^^^^^^^^^^^^^^
  File "/Users/emmidev/.pyenv/versions/3.11.8/lib/python3.11/site-packages/django/contrib/auth/decorators.py", line 59, in _view_wrapper
    return view_func(request, *args, **kwargs)
           ^^^^^^^^^^^^^^^^^^^^^^^^^^^^^^^^^^^
  File "/Users/emmidev/Desktop/Projects/Backup/RBC/venex_app/user_views.py", line 103, in dashboard
    return render(request, 'jobs/admin_templates/dashboard.html', context)
           ^^^^^^^^^^^^^^^^^^^^^^^^^^^^^^^^^^^^^^^^^^^^^^^^^^^^^^^^^^^^^^^
  File "/Users/emmidev/.pyenv/versions/3.11.8/lib/python3.11/site-packages/django/shortcuts.py", line 25, in render
    content = loader.render_to_string(template_name, context, request, using=using)
              ^^^^^^^^^^^^^^^^^^^^^^^^^^^^^^^^^^^^^^^^^^^^^^^^^^^^^^^^^^^^^^^^^^^^^
  File "/Users/emmidev/.pyenv/versions/3.11.8/lib/python3.11/site-packages/django/template/loader.py", line 61, in render_to_string
    template = get_template(template_name, using=using)
               ^^^^^^^^^^^^^^^^^^^^^^^^^^^^^^^^^^^^^^^^
  File "/Users/emmidev/.pyenv/versions/3.11.8/lib/python3.11/site-packages/django/template/loader.py", line 15, in get_template
    return engine.get_template(template_name)
           ^^^^^^^^^^^^^^^^^^^^^^^^^^^^^^^^^^
  File "/Users/emmidev/.pyenv/versions/3.11.8/lib/python3.11/site-packages/django/template/backends/django.py", line 79, in get_template
    return Template(self.engine.get_template(template_name), self)
                    ^^^^^^^^^^^^^^^^^^^^^^^^^^^^^^^^^^^^^^^
  File "/Users/emmidev/.pyenv/versions/3.11.8/lib/python3.11/site-packages/django/template/engine.py", line 177, in get_template
    template, origin = self.find_template(template_name)
                       ^^^^^^^^^^^^^^^^^^^^^^^^^^^^^^^^^
  File "/Users/emmidev/.pyenv/versions/3.11.8/lib/python3.11/site-packages/django/template/engine.py", line 159, in find_template
    template = loader.get_template(name, skip=skip)
               ^^^^^^^^^^^^^^^^^^^^^^^^^^^^^^^^^^^^
  File "/Users/emmidev/.pyenv/versions/3.11.8/lib/python3.11/site-packages/django/template/loaders/cached.py", line 57, in get_template
    template = super().get_template(template_name, skip)
               ^^^^^^^^^^^^^^^^^^^^^^^^^^^^^^^^^^^^^^^^^
  File "/Users/emmidev/.pyenv/versions/3.11.8/lib/python3.11/site-packages/django/template/loaders/base.py", line 28, in get_template
    return Template(
           ^^^^^^^^^
  File "/Users/emmidev/.pyenv/versions/3.11.8/lib/python3.11/site-packages/django/template/base.py", line 154, in __init__
    self.nodelist = self.compile_nodelist()
                    ^^^^^^^^^^^^^^^^^^^^^^^
  File "/Users/emmidev/.pyenv/versions/3.11.8/lib/python3.11/site-packages/django/template/base.py", line 196, in compile_nodelist
    nodelist = parser.parse()
               ^^^^^^^^^^^^^^
  File "/Users/emmidev/.pyenv/versions/3.11.8/lib/python3.11/site-packages/django/template/base.py", line 518, in parse
    raise self.error(token, e)
  File "/Users/emmidev/.pyenv/versions/3.11.8/lib/python3.11/site-packages/django/template/base.py", line 516, in parse
    compiled_result = compile_func(self, token)
                      ^^^^^^^^^^^^^^^^^^^^^^^^^
  File "/Users/emmidev/.pyenv/versions/3.11.8/lib/python3.11/site-packages/django/template/loader_tags.py", line 299, in do_extends
    nodelist = parser.parse()
               ^^^^^^^^^^^^^^
  File "/Users/emmidev/.pyenv/versions/3.11.8/lib/python3.11/site-packages/django/template/base.py", line 512, in parse
    self.invalid_block_tag(token, command, parse_until)
  File "/Users/emmidev/.pyenv/versions/3.11.8/lib/python3.11/site-packages/django/template/base.py", line 577, in invalid_block_tag
    raise self.error(
django.template.exceptions.TemplateSyntaxError: Invalid block tag on line 10: 'main_content'. Did you forget to register or load this tag?
INFO 2025-10-27 15:38:30,126 crypto_api_service 24271 123145506394112 CoinGecko API success: fetched 5 coins
INFO 2025-10-27 15:38:30,129 crypto_api_service 24271 123145506394112 Successfully fetched data from _fetch_from_coingecko
INFO 2025-10-27 15:38:30,146 crypto_api_service 24271 123145506394112 Updated 5 cryptocurrencies
INFO 2025-10-27 15:39:34,337 crypto_api_service 24271 123145506394112 CoinGecko API success: fetched 5 coins
INFO 2025-10-27 15:39:34,341 crypto_api_service 24271 123145506394112 Successfully fetched data from _fetch_from_coingecko
INFO 2025-10-27 15:39:34,352 crypto_api_service 24271 123145506394112 Updated 5 cryptocurrencies
INFO 2025-10-27 15:42:41,595 crypto_api_service 24271 123145506394112 CoinGecko API success: fetched 5 coins
INFO 2025-10-27 15:42:41,599 crypto_api_service 24271 123145506394112 Successfully fetched data from _fetch_from_coingecko
INFO 2025-10-27 15:42:41,616 crypto_api_service 24271 123145506394112 Updated 5 cryptocurrencies
INFO 2025-10-27 15:49:11,272 crypto_api_service 24271 123145506394112 CoinGecko API success: fetched 5 coins
INFO 2025-10-27 15:49:11,277 crypto_api_service 24271 123145506394112 Successfully fetched data from _fetch_from_coingecko
INFO 2025-10-27 15:49:11,301 crypto_api_service 24271 123145506394112 Updated 5 cryptocurrencies
INFO 2025-10-27 15:49:11,303 user_views 24271 123145506394112 Cryptocurrency data updated successfully
INFO 2025-10-27 15:49:13,359 crypto_api_service 24271 123145506394112 CoinGecko API success: fetched 5 coins
INFO 2025-10-27 15:49:13,361 crypto_api_service 24271 123145506394112 Successfully fetched data from _fetch_from_coingecko
INFO 2025-10-27 15:49:13,380 crypto_api_service 24271 123145506394112 Updated 5 cryptocurrencies
ERROR 2025-10-27 15:49:13,495 log 24271 123145506394112 Internal Server Error: /dashboard/
Traceback (most recent call last):
  File "/Users/emmidev/.pyenv/versions/3.11.8/lib/python3.11/site-packages/django/core/handlers/exception.py", line 55, in inner
    response = get_response(request)
               ^^^^^^^^^^^^^^^^^^^^^
  File "/Users/emmidev/.pyenv/versions/3.11.8/lib/python3.11/site-packages/django/core/handlers/base.py", line 197, in _get_response
    response = wrapped_callback(request, *callback_args, **callback_kwargs)
               ^^^^^^^^^^^^^^^^^^^^^^^^^^^^^^^^^^^^^^^^^^^^^^^^^^^^^^^^^^^^
  File "/Users/emmidev/.pyenv/versions/3.11.8/lib/python3.11/site-packages/django/contrib/auth/decorators.py", line 59, in _view_wrapper
    return view_func(request, *args, **kwargs)
           ^^^^^^^^^^^^^^^^^^^^^^^^^^^^^^^^^^^
  File "/Users/emmidev/Desktop/Projects/Backup/RBC/venex_app/user_views.py", line 103, in dashboard
    return render(request, 'jobs/admin_templates/dashboard.html', context)
           ^^^^^^^^^^^^^^^^^^^^^^^^^^^^^^^^^^^^^^^^^^^^^^^^^^^^^^^^^^^^^^^
  File "/Users/emmidev/.pyenv/versions/3.11.8/lib/python3.11/site-packages/django/shortcuts.py", line 25, in render
    content = loader.render_to_string(template_name, context, request, using=using)
              ^^^^^^^^^^^^^^^^^^^^^^^^^^^^^^^^^^^^^^^^^^^^^^^^^^^^^^^^^^^^^^^^^^^^^
  File "/Users/emmidev/.pyenv/versions/3.11.8/lib/python3.11/site-packages/django/template/loader.py", line 61, in render_to_string
    template = get_template(template_name, using=using)
               ^^^^^^^^^^^^^^^^^^^^^^^^^^^^^^^^^^^^^^^^
  File "/Users/emmidev/.pyenv/versions/3.11.8/lib/python3.11/site-packages/django/template/loader.py", line 15, in get_template
    return engine.get_template(template_name)
           ^^^^^^^^^^^^^^^^^^^^^^^^^^^^^^^^^^
  File "/Users/emmidev/.pyenv/versions/3.11.8/lib/python3.11/site-packages/django/template/backends/django.py", line 79, in get_template
    return Template(self.engine.get_template(template_name), self)
                    ^^^^^^^^^^^^^^^^^^^^^^^^^^^^^^^^^^^^^^^
  File "/Users/emmidev/.pyenv/versions/3.11.8/lib/python3.11/site-packages/django/template/engine.py", line 177, in get_template
    template, origin = self.find_template(template_name)
                       ^^^^^^^^^^^^^^^^^^^^^^^^^^^^^^^^^
  File "/Users/emmidev/.pyenv/versions/3.11.8/lib/python3.11/site-packages/django/template/engine.py", line 159, in find_template
    template = loader.get_template(name, skip=skip)
               ^^^^^^^^^^^^^^^^^^^^^^^^^^^^^^^^^^^^
  File "/Users/emmidev/.pyenv/versions/3.11.8/lib/python3.11/site-packages/django/template/loaders/cached.py", line 57, in get_template
    template = super().get_template(template_name, skip)
               ^^^^^^^^^^^^^^^^^^^^^^^^^^^^^^^^^^^^^^^^^
  File "/Users/emmidev/.pyenv/versions/3.11.8/lib/python3.11/site-packages/django/template/loaders/base.py", line 28, in get_template
    return Template(
           ^^^^^^^^^
  File "/Users/emmidev/.pyenv/versions/3.11.8/lib/python3.11/site-packages/django/template/base.py", line 154, in __init__
    self.nodelist = self.compile_nodelist()
                    ^^^^^^^^^^^^^^^^^^^^^^^
  File "/Users/emmidev/.pyenv/versions/3.11.8/lib/python3.11/site-packages/django/template/base.py", line 196, in compile_nodelist
    nodelist = parser.parse()
               ^^^^^^^^^^^^^^
  File "/Users/emmidev/.pyenv/versions/3.11.8/lib/python3.11/site-packages/django/template/base.py", line 518, in parse
    raise self.error(token, e)
  File "/Users/emmidev/.pyenv/versions/3.11.8/lib/python3.11/site-packages/django/template/base.py", line 516, in parse
    compiled_result = compile_func(self, token)
                      ^^^^^^^^^^^^^^^^^^^^^^^^^
  File "/Users/emmidev/.pyenv/versions/3.11.8/lib/python3.11/site-packages/django/template/loader_tags.py", line 299, in do_extends
    nodelist = parser.parse()
               ^^^^^^^^^^^^^^
  File "/Users/emmidev/.pyenv/versions/3.11.8/lib/python3.11/site-packages/django/template/base.py", line 518, in parse
    raise self.error(token, e)
  File "/Users/emmidev/.pyenv/versions/3.11.8/lib/python3.11/site-packages/django/template/base.py", line 516, in parse
    compiled_result = compile_func(self, token)
                      ^^^^^^^^^^^^^^^^^^^^^^^^^
  File "/Users/emmidev/.pyenv/versions/3.11.8/lib/python3.11/site-packages/django/template/loader_tags.py", line 234, in do_block
    nodelist = parser.parse(("endblock",))
               ^^^^^^^^^^^^^^^^^^^^^^^^^^^
  File "/Users/emmidev/.pyenv/versions/3.11.8/lib/python3.11/site-packages/django/template/base.py", line 489, in parse
    raise self.error(token, e)
  File "/Users/emmidev/.pyenv/versions/3.11.8/lib/python3.11/site-packages/django/template/base.py", line 487, in parse
    filter_expression = self.compile_filter(token.contents)
                        ^^^^^^^^^^^^^^^^^^^^^^^^^^^^^^^^^^^
  File "/Users/emmidev/.pyenv/versions/3.11.8/lib/python3.11/site-packages/django/template/base.py", line 609, in compile_filter
    return FilterExpression(token, self)
           ^^^^^^^^^^^^^^^^^^^^^^^^^^^^^
  File "/Users/emmidev/.pyenv/versions/3.11.8/lib/python3.11/site-packages/django/template/base.py", line 705, in __init__
    filter_func = parser.find_filter(filter_name)
                  ^^^^^^^^^^^^^^^^^^^^^^^^^^^^^^^
  File "/Users/emmidev/.pyenv/versions/3.11.8/lib/python3.11/site-packages/django/template/base.py", line 615, in find_filter
    raise TemplateSyntaxError("Invalid filter: '%s'" % filter_name)
django.template.exceptions.TemplateSyntaxError: Invalid filter: 'intcomma'
INFO 2025-10-27 15:49:36,216 crypto_api_service 24271 123145506394112 CoinGecko API success: fetched 5 coins
INFO 2025-10-27 15:49:36,221 crypto_api_service 24271 123145506394112 Successfully fetched data from _fetch_from_coingecko
INFO 2025-10-27 15:49:36,234 crypto_api_service 24271 123145506394112 Updated 5 cryptocurrencies
ERROR 2025-10-27 15:49:36,323 log 24271 123145506394112 Internal Server Error: /dashboard/
Traceback (most recent call last):
  File "/Users/emmidev/.pyenv/versions/3.11.8/lib/python3.11/site-packages/django/template/base.py", line 510, in parse
    compile_func = self.tags[command]
                   ~~~~~~~~~^^^^^^^^^
KeyError: 'humanize'

During handling of the above exception, another exception occurred:

Traceback (most recent call last):
  File "/Users/emmidev/.pyenv/versions/3.11.8/lib/python3.11/site-packages/django/core/handlers/exception.py", line 55, in inner
    response = get_response(request)
               ^^^^^^^^^^^^^^^^^^^^^
  File "/Users/emmidev/.pyenv/versions/3.11.8/lib/python3.11/site-packages/django/core/handlers/base.py", line 197, in _get_response
    response = wrapped_callback(request, *callback_args, **callback_kwargs)
               ^^^^^^^^^^^^^^^^^^^^^^^^^^^^^^^^^^^^^^^^^^^^^^^^^^^^^^^^^^^^
  File "/Users/emmidev/.pyenv/versions/3.11.8/lib/python3.11/site-packages/django/contrib/auth/decorators.py", line 59, in _view_wrapper
    return view_func(request, *args, **kwargs)
           ^^^^^^^^^^^^^^^^^^^^^^^^^^^^^^^^^^^
  File "/Users/emmidev/Desktop/Projects/Backup/RBC/venex_app/user_views.py", line 103, in dashboard
    return render(request, 'jobs/admin_templates/dashboard.html', context)
           ^^^^^^^^^^^^^^^^^^^^^^^^^^^^^^^^^^^^^^^^^^^^^^^^^^^^^^^^^^^^^^^
  File "/Users/emmidev/.pyenv/versions/3.11.8/lib/python3.11/site-packages/django/shortcuts.py", line 25, in render
    content = loader.render_to_string(template_name, context, request, using=using)
              ^^^^^^^^^^^^^^^^^^^^^^^^^^^^^^^^^^^^^^^^^^^^^^^^^^^^^^^^^^^^^^^^^^^^^
  File "/Users/emmidev/.pyenv/versions/3.11.8/lib/python3.11/site-packages/django/template/loader.py", line 61, in render_to_string
    template = get_template(template_name, using=using)
               ^^^^^^^^^^^^^^^^^^^^^^^^^^^^^^^^^^^^^^^^
  File "/Users/emmidev/.pyenv/versions/3.11.8/lib/python3.11/site-packages/django/template/loader.py", line 15, in get_template
    return engine.get_template(template_name)
           ^^^^^^^^^^^^^^^^^^^^^^^^^^^^^^^^^^
  File "/Users/emmidev/.pyenv/versions/3.11.8/lib/python3.11/site-packages/django/template/backends/django.py", line 79, in get_template
    return Template(self.engine.get_template(template_name), self)
                    ^^^^^^^^^^^^^^^^^^^^^^^^^^^^^^^^^^^^^^^
  File "/Users/emmidev/.pyenv/versions/3.11.8/lib/python3.11/site-packages/django/template/engine.py", line 177, in get_template
    template, origin = self.find_template(template_name)
                       ^^^^^^^^^^^^^^^^^^^^^^^^^^^^^^^^^
  File "/Users/emmidev/.pyenv/versions/3.11.8/lib/python3.11/site-packages/django/template/engine.py", line 159, in find_template
    template = loader.get_template(name, skip=skip)
               ^^^^^^^^^^^^^^^^^^^^^^^^^^^^^^^^^^^^
  File "/Users/emmidev/.pyenv/versions/3.11.8/lib/python3.11/site-packages/django/template/loaders/cached.py", line 57, in get_template
    template = super().get_template(template_name, skip)
               ^^^^^^^^^^^^^^^^^^^^^^^^^^^^^^^^^^^^^^^^^
  File "/Users/emmidev/.pyenv/versions/3.11.8/lib/python3.11/site-packages/django/template/loaders/base.py", line 28, in get_template
    return Template(
           ^^^^^^^^^
  File "/Users/emmidev/.pyenv/versions/3.11.8/lib/python3.11/site-packages/django/template/base.py", line 154, in __init__
    self.nodelist = self.compile_nodelist()
                    ^^^^^^^^^^^^^^^^^^^^^^^
  File "/Users/emmidev/.pyenv/versions/3.11.8/lib/python3.11/site-packages/django/template/base.py", line 196, in compile_nodelist
    nodelist = parser.parse()
               ^^^^^^^^^^^^^^
  File "/Users/emmidev/.pyenv/versions/3.11.8/lib/python3.11/site-packages/django/template/base.py", line 518, in parse
    raise self.error(token, e)
  File "/Users/emmidev/.pyenv/versions/3.11.8/lib/python3.11/site-packages/django/template/base.py", line 516, in parse
    compiled_result = compile_func(self, token)
                      ^^^^^^^^^^^^^^^^^^^^^^^^^
  File "/Users/emmidev/.pyenv/versions/3.11.8/lib/python3.11/site-packages/django/template/loader_tags.py", line 299, in do_extends
    nodelist = parser.parse()
               ^^^^^^^^^^^^^^
  File "/Users/emmidev/.pyenv/versions/3.11.8/lib/python3.11/site-packages/django/template/base.py", line 512, in parse
    self.invalid_block_tag(token, command, parse_until)
  File "/Users/emmidev/.pyenv/versions/3.11.8/lib/python3.11/site-packages/django/template/base.py", line 577, in invalid_block_tag
    raise self.error(
django.template.exceptions.TemplateSyntaxError: Invalid block tag on line 3: 'humanize'. Did you forget to register or load this tag?
INFO 2025-10-27 15:51:04,465 crypto_api_service 24271 123145506394112 CoinGecko API success: fetched 5 coins
INFO 2025-10-27 15:51:04,468 crypto_api_service 24271 123145506394112 Successfully fetched data from _fetch_from_coingecko
INFO 2025-10-27 15:51:04,485 crypto_api_service 24271 123145506394112 Updated 5 cryptocurrencies
INFO 2025-10-27 15:52:39,326 crypto_api_service 24271 123145523183616 CoinGecko API success: fetched 5 coins
INFO 2025-10-27 15:52:39,330 crypto_api_service 24271 123145523183616 Successfully fetched data from _fetch_from_coingecko
INFO 2025-10-27 15:52:39,351 crypto_api_service 24271 123145523183616 Updated 5 cryptocurrencies
INFO 2025-10-27 15:53:05,388 crypto_api_service 24271 123145523183616 CoinGecko API success: fetched 5 coins
INFO 2025-10-27 15:53:05,391 crypto_api_service 24271 123145523183616 Successfully fetched data from _fetch_from_coingecko
INFO 2025-10-27 15:53:05,412 crypto_api_service 24271 123145523183616 Updated 5 cryptocurrencies
INFO 2025-10-27 15:53:24,492 crypto_api_service 24271 123145523183616 CoinGecko API success: fetched 5 coins
INFO 2025-10-27 15:53:24,495 crypto_api_service 24271 123145523183616 Successfully fetched data from _fetch_from_coingecko
INFO 2025-10-27 15:53:24,509 crypto_api_service 24271 123145523183616 Updated 5 cryptocurrencies
INFO 2025-10-27 15:54:51,234 crypto_api_service 24271 123145523183616 CoinGecko API success: fetched 5 coins
INFO 2025-10-27 15:54:51,237 crypto_api_service 24271 123145523183616 Successfully fetched data from _fetch_from_coingecko
INFO 2025-10-27 15:54:51,256 crypto_api_service 24271 123145523183616 Updated 5 cryptocurrencies
INFO 2025-10-27 15:55:29,759 crypto_api_service 24271 123145523183616 CoinGecko API success: fetched 5 coins
INFO 2025-10-27 15:55:29,761 crypto_api_service 24271 123145523183616 Successfully fetched data from _fetch_from_coingecko
INFO 2025-10-27 15:55:29,779 crypto_api_service 24271 123145523183616 Updated 5 cryptocurrencies
INFO 2025-10-27 16:07:43,295 crypto_api_service 24271 123145506394112 CoinGecko API success: fetched 5 coins
INFO 2025-10-27 16:07:43,299 crypto_api_service 24271 123145506394112 Successfully fetched data from _fetch_from_coingecko
INFO 2025-10-27 16:07:43,319 crypto_api_service 24271 123145506394112 Updated 5 cryptocurrencies
INFO 2025-10-27 16:07:43,321 user_views 24271 123145506394112 Cryptocurrency data updated successfully
INFO 2025-10-27 16:07:45,813 crypto_api_service 24271 123145506394112 CoinGecko API success: fetched 5 coins
INFO 2025-10-27 16:07:45,815 crypto_api_service 24271 123145506394112 Successfully fetched data from _fetch_from_coingecko
INFO 2025-10-27 16:07:45,829 crypto_api_service 24271 123145506394112 Updated 5 cryptocurrencies
INFO 2025-10-27 16:11:30,867 crypto_api_service 24271 123145523183616 CoinGecko API success: fetched 5 coins
INFO 2025-10-27 16:11:30,870 crypto_api_service 24271 123145523183616 Successfully fetched data from _fetch_from_coingecko
INFO 2025-10-27 16:11:30,886 crypto_api_service 24271 123145523183616 Updated 5 cryptocurrencies
